ERROR - 2024-02-27 12:52:57 --> mysqli_sql_exception: Unknown column 'uploaddate' in 'field list' in C:\laragon\www\agrismart_ci4\system\Database\MySQLi\Connection.php:306
Stack trace:
#0 C:\laragon\www\agrismart_ci4\system\Database\MySQLi\Connection.php(306): mysqli->query('SELECT WEEK(upl...', 0)
#1 C:\laragon\www\agrismart_ci4\system\Database\BaseConnection.php(693): CodeIgniter\Database\MySQLi\Connection->execute('SELECT WEEK(upl...')
#2 C:\laragon\www\agrismart_ci4\system\Database\BaseConnection.php(607): CodeIgniter\Database\BaseConnection->simpleQuery('SELECT WEEK(upl...')
#3 C:\laragon\www\agrismart_ci4\system\Database\BaseBuilder.php(1615): CodeIgniter\Database\BaseConnection->query('SELECT WEEK(upl...', Array, false)
#4 C:\laragon\www\agrismart_ci4\system\Model.php(237): CodeIgniter\Database\BaseBuilder->get()
#5 C:\laragon\www\agrismart_ci4\system\BaseModel.php(624): CodeIgniter\Model->doFindAll(0, 0)
#6 C:\laragon\www\agrismart_ci4\app\Controllers\DashboardController.php(92): CodeIgniter\BaseModel->findAll()
#7 C:\laragon\www\agrismart_ci4\system\CodeIgniter.php(942): App\Controllers\DashboardController->dashboards()
#8 C:\laragon\www\agrismart_ci4\system\CodeIgniter.php(502): CodeIgniter\CodeIgniter->runController(Object(App\Controllers\DashboardController))
#9 C:\laragon\www\agrismart_ci4\system\CodeIgniter.php(361): CodeIgniter\CodeIgniter->handleRequest(NULL, Object(Config\Cache), false)
#10 C:\laragon\www\agrismart_ci4\public\index.php(79): CodeIgniter\CodeIgniter->run()
#11 C:\laragon\www\agrismart_ci4\system\Commands\Server\rewrite.php(47): require_once('C:\\laragon\\www\\...')
#12 {main}
CRITICAL - 2024-02-27 12:52:58 --> Unknown column 'uploaddate' in 'field list'
in SYSTEMPATH\Database\BaseConnection.php on line 647.
 1 SYSTEMPATH\Database\BaseBuilder.php(1615): CodeIgniter\Database\BaseConnection->query('SELECT WEEK(uploaddate) as week, COUNT(*) as count
FROM `harvest`
WHERE YEAR(uploaddate) = :YEAR(uploaddate):
GROUP BY WEEK(uploaddate)', [...], false)
 2 SYSTEMPATH\Model.php(237): CodeIgniter\Database\BaseBuilder->get()
 3 SYSTEMPATH\BaseModel.php(624): CodeIgniter\Model->doFindAll(0, 0)
 4 APPPATH\Controllers\DashboardController.php(92): CodeIgniter\BaseModel->findAll()
 5 SYSTEMPATH\CodeIgniter.php(942): App\Controllers\DashboardController->dashboards()
 6 SYSTEMPATH\CodeIgniter.php(502): CodeIgniter\CodeIgniter->runController(Object(App\Controllers\DashboardController))
 7 SYSTEMPATH\CodeIgniter.php(361): CodeIgniter\CodeIgniter->handleRequest(null, Object(Config\Cache), false)
 8 FCPATH\index.php(79): CodeIgniter\CodeIgniter->run()
 9 SYSTEMPATH\Commands\Server\rewrite.php(47): require_once('C:\\laragon\\www\\agrismart_ci4\\public\\index.php')
CRITICAL - 2024-02-27 12:53:36 --> Undefined variable $resultRevenue
in APPPATH\Views\dashboard\main-dashboard.php on line 58.
 1 APPPATH\Views\dashboard\main-dashboard.php(58): CodeIgniter\Debug\Exceptions->errorHandler(2, 'Undefined variable $resultRevenue', 'C:\\laragon\\www\\agrismart_ci4\\app\\Views\\dashboard\\main-dashboard.php', 58)
 2 SYSTEMPATH\View\View.php(228): include('C:\\laragon\\www\\agrismart_ci4\\app\\Views\\dashboard\\main-dashboard.php')
 3 SYSTEMPATH\View\View.php(231): CodeIgniter\View\View->CodeIgniter\View\{closure}()
 4 SYSTEMPATH\View\View.php(469): CodeIgniter\View\View->render('/dashboard/main-dashboard', null, true)
 5 APPPATH\Views\userfolder\dashboard.php(5): CodeIgniter\View\View->include('/dashboard/main-dashboard')
 6 SYSTEMPATH\View\View.php(228): include('C:\\laragon\\www\\agrismart_ci4\\app\\Views\\userfolder\\dashboard.php')
 7 SYSTEMPATH\View\View.php(231): CodeIgniter\View\View->CodeIgniter\View\{closure}()
 8 SYSTEMPATH\Common.php(1190): CodeIgniter\View\View->render('userfolder/dashboard', [], true)
 9 APPPATH\Controllers\DashboardController.php(107): view('userfolder/dashboard', [...])
10 SYSTEMPATH\CodeIgniter.php(942): App\Controllers\DashboardController->dashboards()
11 SYSTEMPATH\CodeIgniter.php(502): CodeIgniter\CodeIgniter->runController(Object(App\Controllers\DashboardController))
12 SYSTEMPATH\CodeIgniter.php(361): CodeIgniter\CodeIgniter->handleRequest(null, Object(Config\Cache), false)
13 FCPATH\index.php(79): CodeIgniter\CodeIgniter->run()
14 SYSTEMPATH\Commands\Server\rewrite.php(47): require_once('C:\\laragon\\www\\agrismart_ci4\\public\\index.php')
CRITICAL - 2024-02-27 12:53:38 --> Undefined variable $resultRevenue
in APPPATH\Views\dashboard\main-dashboard.php on line 58.
 1 APPPATH\Views\dashboard\main-dashboard.php(58): CodeIgniter\Debug\Exceptions->errorHandler(2, 'Undefined variable $resultRevenue', 'C:\\laragon\\www\\agrismart_ci4\\app\\Views\\dashboard\\main-dashboard.php', 58)
 2 SYSTEMPATH\View\View.php(228): include('C:\\laragon\\www\\agrismart_ci4\\app\\Views\\dashboard\\main-dashboard.php')
 3 SYSTEMPATH\View\View.php(231): CodeIgniter\View\View->CodeIgniter\View\{closure}()
 4 SYSTEMPATH\View\View.php(469): CodeIgniter\View\View->render('/dashboard/main-dashboard', null, true)
 5 APPPATH\Views\userfolder\dashboard.php(5): CodeIgniter\View\View->include('/dashboard/main-dashboard')
 6 SYSTEMPATH\View\View.php(228): include('C:\\laragon\\www\\agrismart_ci4\\app\\Views\\userfolder\\dashboard.php')
 7 SYSTEMPATH\View\View.php(231): CodeIgniter\View\View->CodeIgniter\View\{closure}()
 8 SYSTEMPATH\Common.php(1190): CodeIgniter\View\View->render('userfolder/dashboard', [], true)
 9 APPPATH\Controllers\DashboardController.php(107): view('userfolder/dashboard', [...])
10 SYSTEMPATH\CodeIgniter.php(942): App\Controllers\DashboardController->dashboards()
11 SYSTEMPATH\CodeIgniter.php(502): CodeIgniter\CodeIgniter->runController(Object(App\Controllers\DashboardController))
12 SYSTEMPATH\CodeIgniter.php(361): CodeIgniter\CodeIgniter->handleRequest(null, Object(Config\Cache), false)
13 FCPATH\index.php(79): CodeIgniter\CodeIgniter->run()
14 SYSTEMPATH\Commands\Server\rewrite.php(47): require_once('C:\\laragon\\www\\agrismart_ci4\\public\\index.php')
CRITICAL - 2024-02-27 12:56:08 --> Undefined variable $revenue
in APPPATH\Views\dashboard\main-dashboard.php on line 58.
 1 APPPATH\Views\dashboard\main-dashboard.php(58): CodeIgniter\Debug\Exceptions->errorHandler(2, 'Undefined variable $revenue', 'C:\\laragon\\www\\agrismart_ci4\\app\\Views\\dashboard\\main-dashboard.php', 58)
 2 SYSTEMPATH\View\View.php(228): include('C:\\laragon\\www\\agrismart_ci4\\app\\Views\\dashboard\\main-dashboard.php')
 3 SYSTEMPATH\View\View.php(231): CodeIgniter\View\View->CodeIgniter\View\{closure}()
 4 SYSTEMPATH\View\View.php(469): CodeIgniter\View\View->render('/dashboard/main-dashboard', null, true)
 5 APPPATH\Views\userfolder\dashboard.php(5): CodeIgniter\View\View->include('/dashboard/main-dashboard')
 6 SYSTEMPATH\View\View.php(228): include('C:\\laragon\\www\\agrismart_ci4\\app\\Views\\userfolder\\dashboard.php')
 7 SYSTEMPATH\View\View.php(231): CodeIgniter\View\View->CodeIgniter\View\{closure}()
 8 SYSTEMPATH\Common.php(1190): CodeIgniter\View\View->render('userfolder/dashboard', [], true)
 9 APPPATH\Controllers\DashboardController.php(122): view('userfolder/dashboard', [...])
10 SYSTEMPATH\CodeIgniter.php(942): App\Controllers\DashboardController->dashboards()
11 SYSTEMPATH\CodeIgniter.php(502): CodeIgniter\CodeIgniter->runController(Object(App\Controllers\DashboardController))
12 SYSTEMPATH\CodeIgniter.php(361): CodeIgniter\CodeIgniter->handleRequest(null, Object(Config\Cache), false)
13 FCPATH\index.php(79): CodeIgniter\CodeIgniter->run()
14 SYSTEMPATH\Commands\Server\rewrite.php(47): require_once('C:\\laragon\\www\\agrismart_ci4\\public\\index.php')
CRITICAL - 2024-02-27 13:08:21 --> "Emely Tolentino" is not a valid rule.
in SYSTEMPATH\Validation\Validation.php on line 319.
 1 SYSTEMPATH\Validation\Validation.php(319): CodeIgniter\Validation\Exceptions\ValidationException::forRuleNotFound('Emely Tolentino')
 2 SYSTEMPATH\Validation\Validation.php(197): CodeIgniter\Validation\Validation->processRules('farmer_name', 'farmer_name', null, [...], [...])
 3 SYSTEMPATH\Controller.php(152): CodeIgniter\Validation\Validation->run()
 4 APPPATH\Controllers\DashboardController.php(389): CodeIgniter\Controller->validate([...])
 5 SYSTEMPATH\CodeIgniter.php(942): App\Controllers\DashboardController->addnewharvest()
 6 SYSTEMPATH\CodeIgniter.php(502): CodeIgniter\CodeIgniter->runController(Object(App\Controllers\DashboardController))
 7 SYSTEMPATH\CodeIgniter.php(361): CodeIgniter\CodeIgniter->handleRequest(null, Object(Config\Cache), false)
 8 FCPATH\index.php(79): CodeIgniter\CodeIgniter->run()
 9 SYSTEMPATH\Commands\Server\rewrite.php(47): require_once('C:\\laragon\\www\\agrismart_ci4\\public\\index.php')
CRITICAL - 2024-02-27 13:08:56 --> "Emely Tolentino" is not a valid rule.
in SYSTEMPATH\Validation\Validation.php on line 319.
 1 SYSTEMPATH\Validation\Validation.php(319): CodeIgniter\Validation\Exceptions\ValidationException::forRuleNotFound('Emely Tolentino')
 2 SYSTEMPATH\Validation\Validation.php(197): CodeIgniter\Validation\Validation->processRules('farmer_name', 'farmer_name', null, [...], [...])
 3 SYSTEMPATH\Controller.php(152): CodeIgniter\Validation\Validation->run()
 4 APPPATH\Controllers\DashboardController.php(389): CodeIgniter\Controller->validate([...])
 5 SYSTEMPATH\CodeIgniter.php(942): App\Controllers\DashboardController->addnewharvest()
 6 SYSTEMPATH\CodeIgniter.php(502): CodeIgniter\CodeIgniter->runController(Object(App\Controllers\DashboardController))
 7 SYSTEMPATH\CodeIgniter.php(361): CodeIgniter\CodeIgniter->handleRequest(null, Object(Config\Cache), false)
 8 FCPATH\index.php(79): CodeIgniter\CodeIgniter->run()
 9 SYSTEMPATH\Commands\Server\rewrite.php(47): require_once('C:\\laragon\\www\\agrismart_ci4\\public\\index.php')
