ERROR - 2024-02-25 10:44:57 --> Error connecting to the database: mysqli_sql_exception: No connection could be made because the target machine actively refused it in C:\laragon\www\agrismart_ci4\system\Database\MySQLi\Connection.php:185
Stack trace:
#0 C:\laragon\www\agrismart_ci4\system\Database\MySQLi\Connection.php(185): mysqli->real_connect('localhost', 'root', '', 'agrismart', 3306, '', 0)
#1 C:\laragon\www\agrismart_ci4\system\Database\BaseConnection.php(392): CodeIgniter\Database\MySQLi\Connection->connect(false)
#2 C:\laragon\www\agrismart_ci4\system\Database\BaseConnection.php(575): CodeIgniter\Database\BaseConnection->initialize()
#3 C:\laragon\www\agrismart_ci4\system\Database\BaseBuilder.php(1615): CodeIgniter\Database\BaseConnection->query('SELECT *\nFROM `...', Array, false)
#4 C:\laragon\www\agrismart_ci4\system\Model.php(264): CodeIgniter\Database\BaseBuilder->get()
#5 C:\laragon\www\agrismart_ci4\system\BaseModel.php(662): CodeIgniter\Model->doFirst()
#6 C:\laragon\www\agrismart_ci4\app\Controllers\LoginController.php(129): CodeIgniter\BaseModel->first()
#7 C:\laragon\www\agrismart_ci4\system\CodeIgniter.php(942): App\Controllers\LoginController->loginauth()
#8 C:\laragon\www\agrismart_ci4\system\CodeIgniter.php(502): CodeIgniter\CodeIgniter->runController(Object(App\Controllers\LoginController))
#9 C:\laragon\www\agrismart_ci4\system\CodeIgniter.php(361): CodeIgniter\CodeIgniter->handleRequest(NULL, Object(Config\Cache), false)
#10 C:\laragon\www\agrismart_ci4\public\index.php(79): CodeIgniter\CodeIgniter->run()
#11 C:\laragon\www\agrismart_ci4\system\Commands\Server\rewrite.php(47): require_once('C:\\laragon\\www\\...')
#12 {main}

Next CodeIgniter\Database\Exceptions\DatabaseException: No connection could be made because the target machine actively refused it in C:\laragon\www\agrismart_ci4\system\Database\MySQLi\Connection.php:229
Stack trace:
#0 C:\laragon\www\agrismart_ci4\system\Database\BaseConnection.php(392): CodeIgniter\Database\MySQLi\Connection->connect(false)
#1 C:\laragon\www\agrismart_ci4\system\Database\BaseConnection.php(575): CodeIgniter\Database\BaseConnection->initialize()
#2 C:\laragon\www\agrismart_ci4\system\Database\BaseBuilder.php(1615): CodeIgniter\Database\BaseConnection->query('SELECT *\nFROM `...', Array, false)
#3 C:\laragon\www\agrismart_ci4\system\Model.php(264): CodeIgniter\Database\BaseBuilder->get()
#4 C:\laragon\www\agrismart_ci4\system\BaseModel.php(662): CodeIgniter\Model->doFirst()
#5 C:\laragon\www\agrismart_ci4\app\Controllers\LoginController.php(129): CodeIgniter\BaseModel->first()
#6 C:\laragon\www\agrismart_ci4\system\CodeIgniter.php(942): App\Controllers\LoginController->loginauth()
#7 C:\laragon\www\agrismart_ci4\system\CodeIgniter.php(502): CodeIgniter\CodeIgniter->runController(Object(App\Controllers\LoginController))
#8 C:\laragon\www\agrismart_ci4\system\CodeIgniter.php(361): CodeIgniter\CodeIgniter->handleRequest(NULL, Object(Config\Cache), false)
#9 C:\laragon\www\agrismart_ci4\public\index.php(79): CodeIgniter\CodeIgniter->run()
#10 C:\laragon\www\agrismart_ci4\system\Commands\Server\rewrite.php(47): require_once('C:\\laragon\\www\\...')
#11 {main}
CRITICAL - 2024-02-25 10:44:57 --> Unable to connect to the database.
Main connection [MySQLi]: No connection could be made because the target machine actively refused it
in SYSTEMPATH\Database\BaseConnection.php on line 428.
 1 SYSTEMPATH\Database\BaseConnection.php(575): CodeIgniter\Database\BaseConnection->initialize()
 2 SYSTEMPATH\Database\BaseBuilder.php(1615): CodeIgniter\Database\BaseConnection->query('SELECT *
FROM `user`
WHERE `farmer_name` = :farmer_name:
 LIMIT 1', [...], false)
 3 SYSTEMPATH\Model.php(264): CodeIgniter\Database\BaseBuilder->get()
 4 SYSTEMPATH\BaseModel.php(662): CodeIgniter\Model->doFirst()
 5 APPPATH\Controllers\LoginController.php(129): CodeIgniter\BaseModel->first()
 6 SYSTEMPATH\CodeIgniter.php(942): App\Controllers\LoginController->loginauth()
 7 SYSTEMPATH\CodeIgniter.php(502): CodeIgniter\CodeIgniter->runController(Object(App\Controllers\LoginController))
 8 SYSTEMPATH\CodeIgniter.php(361): CodeIgniter\CodeIgniter->handleRequest(null, Object(Config\Cache), false)
 9 FCPATH\index.php(79): CodeIgniter\CodeIgniter->run()
10 SYSTEMPATH\Commands\Server\rewrite.php(47): require_once('C:\\laragon\\www\\agrismart_ci4\\public\\index.php')
ERROR - 2024-02-25 12:52:58 --> mysqli_sql_exception: Expression #1 of SELECT list is not in GROUP BY clause and contains nonaggregated column 'agrismart.harvest.harvest_date' which is not functionally dependent on columns in GROUP BY clause; this is incompatible with sql_mode=only_full_group_by in C:\laragon\www\agrismart_ci4\system\Database\MySQLi\Connection.php:306
Stack trace:
#0 C:\laragon\www\agrismart_ci4\system\Database\MySQLi\Connection.php(306): mysqli->query('SELECT WEEK(har...', 0)
#1 C:\laragon\www\agrismart_ci4\system\Database\BaseConnection.php(693): CodeIgniter\Database\MySQLi\Connection->execute('SELECT WEEK(har...')
#2 C:\laragon\www\agrismart_ci4\system\Database\BaseConnection.php(607): CodeIgniter\Database\BaseConnection->simpleQuery('SELECT WEEK(har...')
#3 C:\laragon\www\agrismart_ci4\system\Database\BaseBuilder.php(1615): CodeIgniter\Database\BaseConnection->query('SELECT WEEK(har...', Array, false)
#4 C:\laragon\www\agrismart_ci4\system\Model.php(237): CodeIgniter\Database\BaseBuilder->get()
#5 C:\laragon\www\agrismart_ci4\system\BaseModel.php(624): CodeIgniter\Model->doFindAll(0, 0)
#6 C:\laragon\www\agrismart_ci4\app\Controllers\DashboardController.php(84): CodeIgniter\BaseModel->findAll()
#7 C:\laragon\www\agrismart_ci4\system\CodeIgniter.php(942): App\Controllers\DashboardController->dashboards()
#8 C:\laragon\www\agrismart_ci4\system\CodeIgniter.php(502): CodeIgniter\CodeIgniter->runController(Object(App\Controllers\DashboardController))
#9 C:\laragon\www\agrismart_ci4\system\CodeIgniter.php(361): CodeIgniter\CodeIgniter->handleRequest(NULL, Object(Config\Cache), false)
#10 C:\laragon\www\agrismart_ci4\public\index.php(79): CodeIgniter\CodeIgniter->run()
#11 C:\laragon\www\agrismart_ci4\system\Commands\Server\rewrite.php(47): require_once('C:\\laragon\\www\\...')
#12 {main}
CRITICAL - 2024-02-25 12:52:58 --> Expression #1 of SELECT list is not in GROUP BY clause and contains nonaggregated column 'agrismart.harvest.harvest_date' which is not functionally dependent on columns in GROUP BY clause; this is incompatible with sql_mode=only_full_group_by
in SYSTEMPATH\Database\BaseConnection.php on line 647.
 1 SYSTEMPATH\Database\BaseBuilder.php(1615): CodeIgniter\Database\BaseConnection->query('SELECT WEEK(harvest_date) as week, COUNT(*) as count
FROM `harvest`
WHERE YEAR(harvest_date) = :YEAR(harvest_date):
GROUP BY WEEK(harvest_quantity)', [...], false)
 2 SYSTEMPATH\Model.php(237): CodeIgniter\Database\BaseBuilder->get()
 3 SYSTEMPATH\BaseModel.php(624): CodeIgniter\Model->doFindAll(0, 0)
 4 APPPATH\Controllers\DashboardController.php(84): CodeIgniter\BaseModel->findAll()
 5 SYSTEMPATH\CodeIgniter.php(942): App\Controllers\DashboardController->dashboards()
 6 SYSTEMPATH\CodeIgniter.php(502): CodeIgniter\CodeIgniter->runController(Object(App\Controllers\DashboardController))
 7 SYSTEMPATH\CodeIgniter.php(361): CodeIgniter\CodeIgniter->handleRequest(null, Object(Config\Cache), false)
 8 FCPATH\index.php(79): CodeIgniter\CodeIgniter->run()
 9 SYSTEMPATH\Commands\Server\rewrite.php(47): require_once('C:\\laragon\\www\\agrismart_ci4\\public\\index.php')
