CRITICAL - 2023-11-25 10:01:18 --> Invalid file: "admindashboard/dashboard.php"
in SYSTEMPATH\Exceptions\FrameworkException.php on line 39.
 1 SYSTEMPATH\View\View.php(216): CodeIgniter\Exceptions\FrameworkException::forInvalidFile('admindashboard/dashboard.php')
 2 SYSTEMPATH\Common.php(1190): CodeIgniter\View\View->render('admindashboard/dashboard', [], true)
 3 APPPATH\Controllers\LoginController.php(93): view('admindashboard/dashboard')
 4 SYSTEMPATH\CodeIgniter.php(942): App\Controllers\LoginController->admindashboard()
 5 SYSTEMPATH\CodeIgniter.php(502): CodeIgniter\CodeIgniter->runController(Object(App\Controllers\LoginController))
 6 SYSTEMPATH\CodeIgniter.php(361): CodeIgniter\CodeIgniter->handleRequest(null, Object(Config\Cache), false)
 7 FCPATH\index.php(79): CodeIgniter\CodeIgniter->run()
 8 SYSTEMPATH\Commands\Server\rewrite.php(47): require_once('C:\\laragon\\www\\agrismart_ci4\\public\\index.php')
CRITICAL - 2023-11-25 10:01:36 --> Invalid file: "admin_dashboard/dashboard.php"
in SYSTEMPATH\Exceptions\FrameworkException.php on line 39.
 1 SYSTEMPATH\View\View.php(216): CodeIgniter\Exceptions\FrameworkException::forInvalidFile('admin_dashboard/dashboard.php')
 2 SYSTEMPATH\Common.php(1190): CodeIgniter\View\View->render('admin_dashboard/dashboard', [], true)
 3 APPPATH\Controllers\LoginController.php(93): view('admin_dashboard/dashboard')
 4 SYSTEMPATH\CodeIgniter.php(942): App\Controllers\LoginController->admindashboard()
 5 SYSTEMPATH\CodeIgniter.php(502): CodeIgniter\CodeIgniter->runController(Object(App\Controllers\LoginController))
 6 SYSTEMPATH\CodeIgniter.php(361): CodeIgniter\CodeIgniter->handleRequest(null, Object(Config\Cache), false)
 7 FCPATH\index.php(79): CodeIgniter\CodeIgniter->run()
 8 SYSTEMPATH\Commands\Server\rewrite.php(47): require_once('C:\\laragon\\www\\agrismart_ci4\\public\\index.php')
CRITICAL - 2023-11-25 12:25:30 --> Call to undefined function set_value()
in APPPATH\Views\signin-signup\register.php on line 42.
 1 SYSTEMPATH\View\View.php(228): include()
 2 SYSTEMPATH\View\View.php(231): CodeIgniter\View\View->CodeIgniter\View\{closure}()
 3 SYSTEMPATH\Common.php(1190): CodeIgniter\View\View->render('signin-signup/register', [], true)
 4 APPPATH\Controllers\LoginController.php(90): view('signin-signup/register')
 5 SYSTEMPATH\CodeIgniter.php(942): App\Controllers\LoginController->sign_up()
 6 SYSTEMPATH\CodeIgniter.php(502): CodeIgniter\CodeIgniter->runController(Object(App\Controllers\LoginController))
 7 SYSTEMPATH\CodeIgniter.php(361): CodeIgniter\CodeIgniter->handleRequest(null, Object(Config\Cache), false)
 8 FCPATH\index.php(79): CodeIgniter\CodeIgniter->run()
 9 SYSTEMPATH\Commands\Server\rewrite.php(47): require_once('C:\\laragon\\www\\agrismart_ci4\\public\\index.php')
CRITICAL - 2023-11-25 12:25:45 --> Call to undefined function set_value()
in APPPATH\Views\signin-signup\register.php on line 42.
 1 SYSTEMPATH\View\View.php(228): include()
 2 SYSTEMPATH\View\View.php(231): CodeIgniter\View\View->CodeIgniter\View\{closure}()
 3 SYSTEMPATH\Common.php(1190): CodeIgniter\View\View->render('signin-signup/register', [], true)
 4 APPPATH\Controllers\LoginController.php(90): view('signin-signup/register')
 5 SYSTEMPATH\CodeIgniter.php(942): App\Controllers\LoginController->sign_up()
 6 SYSTEMPATH\CodeIgniter.php(502): CodeIgniter\CodeIgniter->runController(Object(App\Controllers\LoginController))
 7 SYSTEMPATH\CodeIgniter.php(361): CodeIgniter\CodeIgniter->handleRequest(null, Object(Config\Cache), false)
 8 FCPATH\index.php(79): CodeIgniter\CodeIgniter->run()
 9 SYSTEMPATH\Commands\Server\rewrite.php(47): require_once('C:\\laragon\\www\\agrismart_ci4\\public\\index.php')
CRITICAL - 2023-11-25 12:29:04 --> Call to undefined function set_value()
in APPPATH\Views\signin-signup\register.php on line 42.
 1 SYSTEMPATH\View\View.php(228): include()
 2 SYSTEMPATH\View\View.php(231): CodeIgniter\View\View->CodeIgniter\View\{closure}()
 3 SYSTEMPATH\Common.php(1190): CodeIgniter\View\View->render('signin-signup/register', [], true)
 4 APPPATH\Controllers\LoginController.php(90): view('signin-signup/register')
 5 SYSTEMPATH\CodeIgniter.php(942): App\Controllers\LoginController->sign_up()
 6 SYSTEMPATH\CodeIgniter.php(502): CodeIgniter\CodeIgniter->runController(Object(App\Controllers\LoginController))
 7 SYSTEMPATH\CodeIgniter.php(361): CodeIgniter\CodeIgniter->handleRequest(null, Object(Config\Cache), false)
 8 FCPATH\index.php(79): CodeIgniter\CodeIgniter->run()
 9 SYSTEMPATH\Commands\Server\rewrite.php(47): require_once('C:\\laragon\\www\\agrismart_ci4\\public\\index.php')
CRITICAL - 2023-11-25 12:29:05 --> Call to undefined function set_value()
in APPPATH\Views\signin-signup\register.php on line 42.
 1 SYSTEMPATH\View\View.php(228): include()
 2 SYSTEMPATH\View\View.php(231): CodeIgniter\View\View->CodeIgniter\View\{closure}()
 3 SYSTEMPATH\Common.php(1190): CodeIgniter\View\View->render('signin-signup/register', [], true)
 4 APPPATH\Controllers\LoginController.php(90): view('signin-signup/register')
 5 SYSTEMPATH\CodeIgniter.php(942): App\Controllers\LoginController->sign_up()
 6 SYSTEMPATH\CodeIgniter.php(502): CodeIgniter\CodeIgniter->runController(Object(App\Controllers\LoginController))
 7 SYSTEMPATH\CodeIgniter.php(361): CodeIgniter\CodeIgniter->handleRequest(null, Object(Config\Cache), false)
 8 FCPATH\index.php(79): CodeIgniter\CodeIgniter->run()
 9 SYSTEMPATH\Commands\Server\rewrite.php(47): require_once('C:\\laragon\\www\\agrismart_ci4\\public\\index.php')
CRITICAL - 2023-11-25 12:29:06 --> Call to undefined function set_value()
in APPPATH\Views\signin-signup\register.php on line 42.
 1 SYSTEMPATH\View\View.php(228): include()
 2 SYSTEMPATH\View\View.php(231): CodeIgniter\View\View->CodeIgniter\View\{closure}()
 3 SYSTEMPATH\Common.php(1190): CodeIgniter\View\View->render('signin-signup/register', [], true)
 4 APPPATH\Controllers\LoginController.php(90): view('signin-signup/register')
 5 SYSTEMPATH\CodeIgniter.php(942): App\Controllers\LoginController->sign_up()
 6 SYSTEMPATH\CodeIgniter.php(502): CodeIgniter\CodeIgniter->runController(Object(App\Controllers\LoginController))
 7 SYSTEMPATH\CodeIgniter.php(361): CodeIgniter\CodeIgniter->handleRequest(null, Object(Config\Cache), false)
 8 FCPATH\index.php(79): CodeIgniter\CodeIgniter->run()
 9 SYSTEMPATH\Commands\Server\rewrite.php(47): require_once('C:\\laragon\\www\\agrismart_ci4\\public\\index.php')
CRITICAL - 2023-11-25 12:29:06 --> Call to undefined function set_value()
in APPPATH\Views\signin-signup\register.php on line 42.
 1 SYSTEMPATH\View\View.php(228): include()
 2 SYSTEMPATH\View\View.php(231): CodeIgniter\View\View->CodeIgniter\View\{closure}()
 3 SYSTEMPATH\Common.php(1190): CodeIgniter\View\View->render('signin-signup/register', [], true)
 4 APPPATH\Controllers\LoginController.php(90): view('signin-signup/register')
 5 SYSTEMPATH\CodeIgniter.php(942): App\Controllers\LoginController->sign_up()
 6 SYSTEMPATH\CodeIgniter.php(502): CodeIgniter\CodeIgniter->runController(Object(App\Controllers\LoginController))
 7 SYSTEMPATH\CodeIgniter.php(361): CodeIgniter\CodeIgniter->handleRequest(null, Object(Config\Cache), false)
 8 FCPATH\index.php(79): CodeIgniter\CodeIgniter->run()
 9 SYSTEMPATH\Commands\Server\rewrite.php(47): require_once('C:\\laragon\\www\\agrismart_ci4\\public\\index.php')
CRITICAL - 2023-11-25 12:30:17 --> Call to undefined function set_value()
in APPPATH\Views\signin-signup\register.php on line 42.
 1 SYSTEMPATH\View\View.php(228): include()
 2 SYSTEMPATH\View\View.php(231): CodeIgniter\View\View->CodeIgniter\View\{closure}()
 3 SYSTEMPATH\Common.php(1190): CodeIgniter\View\View->render('signin-signup/register', [], true)
 4 APPPATH\Controllers\LoginController.php(90): view('signin-signup/register')
 5 SYSTEMPATH\CodeIgniter.php(942): App\Controllers\LoginController->sign_up()
 6 SYSTEMPATH\CodeIgniter.php(502): CodeIgniter\CodeIgniter->runController(Object(App\Controllers\LoginController))
 7 SYSTEMPATH\CodeIgniter.php(361): CodeIgniter\CodeIgniter->handleRequest(null, Object(Config\Cache), false)
 8 FCPATH\index.php(79): CodeIgniter\CodeIgniter->run()
 9 SYSTEMPATH\Commands\Server\rewrite.php(47): require_once('C:\\laragon\\www\\agrismart_ci4\\public\\index.php')
CRITICAL - 2023-11-25 12:33:06 --> Call to undefined function set_value()
in APPPATH\Views\signin-signup\register.php on line 42.
 1 SYSTEMPATH\View\View.php(228): include()
 2 SYSTEMPATH\View\View.php(231): CodeIgniter\View\View->CodeIgniter\View\{closure}()
 3 SYSTEMPATH\Common.php(1190): CodeIgniter\View\View->render('signin-signup/register', [], true)
 4 APPPATH\Controllers\LoginController.php(90): view('signin-signup/register')
 5 SYSTEMPATH\CodeIgniter.php(942): App\Controllers\LoginController->sign_up()
 6 SYSTEMPATH\CodeIgniter.php(502): CodeIgniter\CodeIgniter->runController(Object(App\Controllers\LoginController))
 7 SYSTEMPATH\CodeIgniter.php(361): CodeIgniter\CodeIgniter->handleRequest(null, Object(Config\Cache), false)
 8 FCPATH\index.php(79): CodeIgniter\CodeIgniter->run()
 9 SYSTEMPATH\Commands\Server\rewrite.php(47): require_once('C:\\laragon\\www\\agrismart_ci4\\public\\index.php')
CRITICAL - 2023-11-25 13:28:38 --> Invalid file: "login/top.php"
in SYSTEMPATH\Exceptions\FrameworkException.php on line 39.
 1 SYSTEMPATH\View\View.php(216): CodeIgniter\Exceptions\FrameworkException::forInvalidFile('login/top.php')
 2 SYSTEMPATH\Common.php(1190): CodeIgniter\View\View->render('login/top', [], true)
 3 APPPATH\Views\register.php(4): view('login/top')
 4 SYSTEMPATH\View\View.php(228): include('C:\\laragon\\www\\agrismart_ci4\\app\\Views\\register.php')
 5 SYSTEMPATH\View\View.php(231): CodeIgniter\View\View->CodeIgniter\View\{closure}()
 6 SYSTEMPATH\Common.php(1190): CodeIgniter\View\View->render('register', [], true)
 7 APPPATH\Controllers\LoginController.php(48): view('register', [...])
 8 SYSTEMPATH\CodeIgniter.php(942): App\Controllers\LoginController->register()
 9 SYSTEMPATH\CodeIgniter.php(502): CodeIgniter\CodeIgniter->runController(Object(App\Controllers\LoginController))
10 SYSTEMPATH\CodeIgniter.php(361): CodeIgniter\CodeIgniter->handleRequest(null, Object(Config\Cache), false)
11 FCPATH\index.php(79): CodeIgniter\CodeIgniter->run()
12 SYSTEMPATH\Commands\Server\rewrite.php(47): require_once('C:\\laragon\\www\\agrismart_ci4\\public\\index.php')
CRITICAL - 2023-11-25 13:30:18 --> Invalid file: "register.php"
in SYSTEMPATH\Exceptions\FrameworkException.php on line 39.
 1 SYSTEMPATH\View\View.php(216): CodeIgniter\Exceptions\FrameworkException::forInvalidFile('register.php')
 2 SYSTEMPATH\Common.php(1190): CodeIgniter\View\View->render('register', [], true)
 3 APPPATH\Controllers\LoginController.php(48): view('register', [...])
 4 SYSTEMPATH\CodeIgniter.php(942): App\Controllers\LoginController->register()
 5 SYSTEMPATH\CodeIgniter.php(502): CodeIgniter\CodeIgniter->runController(Object(App\Controllers\LoginController))
 6 SYSTEMPATH\CodeIgniter.php(361): CodeIgniter\CodeIgniter->handleRequest(null, Object(Config\Cache), false)
 7 FCPATH\index.php(79): CodeIgniter\CodeIgniter->run()
 8 SYSTEMPATH\Commands\Server\rewrite.php(47): require_once('C:\\laragon\\www\\agrismart_ci4\\public\\index.php')
CRITICAL - 2023-11-25 13:32:06 --> Invalid file: "register.php"
in SYSTEMPATH\Exceptions\FrameworkException.php on line 39.
 1 SYSTEMPATH\View\View.php(216): CodeIgniter\Exceptions\FrameworkException::forInvalidFile('register.php')
 2 SYSTEMPATH\Common.php(1190): CodeIgniter\View\View->render('register', [], true)
 3 APPPATH\Controllers\LoginController.php(48): view('register', [...])
 4 SYSTEMPATH\CodeIgniter.php(942): App\Controllers\LoginController->register()
 5 SYSTEMPATH\CodeIgniter.php(502): CodeIgniter\CodeIgniter->runController(Object(App\Controllers\LoginController))
 6 SYSTEMPATH\CodeIgniter.php(361): CodeIgniter\CodeIgniter->handleRequest(null, Object(Config\Cache), false)
 7 FCPATH\index.php(79): CodeIgniter\CodeIgniter->run()
 8 SYSTEMPATH\Commands\Server\rewrite.php(47): require_once('C:\\laragon\\www\\agrismart_ci4\\public\\index.php')
CRITICAL - 2023-11-25 13:33:11 --> Invalid file: "register.php"
in SYSTEMPATH\Exceptions\FrameworkException.php on line 39.
 1 SYSTEMPATH\View\View.php(216): CodeIgniter\Exceptions\FrameworkException::forInvalidFile('register.php')
 2 SYSTEMPATH\Common.php(1190): CodeIgniter\View\View->render('register', [], true)
 3 APPPATH\Controllers\LoginController.php(48): view('register', [...])
 4 SYSTEMPATH\CodeIgniter.php(942): App\Controllers\LoginController->register()
 5 SYSTEMPATH\CodeIgniter.php(502): CodeIgniter\CodeIgniter->runController(Object(App\Controllers\LoginController))
 6 SYSTEMPATH\CodeIgniter.php(361): CodeIgniter\CodeIgniter->handleRequest(null, Object(Config\Cache), false)
 7 FCPATH\index.php(79): CodeIgniter\CodeIgniter->run()
 8 SYSTEMPATH\Commands\Server\rewrite.php(47): require_once('C:\\laragon\\www\\agrismart_ci4\\public\\index.php')
CRITICAL - 2023-11-25 13:34:14 --> Invalid file: "signin-sigup/register.php"
in SYSTEMPATH\Exceptions\FrameworkException.php on line 39.
 1 SYSTEMPATH\View\View.php(216): CodeIgniter\Exceptions\FrameworkException::forInvalidFile('signin-sigup/register.php')
 2 SYSTEMPATH\Common.php(1190): CodeIgniter\View\View->render('signin-sigup/register', [], true)
 3 APPPATH\Controllers\LoginController.php(48): view('signin-sigup/register', [...])
 4 SYSTEMPATH\CodeIgniter.php(942): App\Controllers\LoginController->register()
 5 SYSTEMPATH\CodeIgniter.php(502): CodeIgniter\CodeIgniter->runController(Object(App\Controllers\LoginController))
 6 SYSTEMPATH\CodeIgniter.php(361): CodeIgniter\CodeIgniter->handleRequest(null, Object(Config\Cache), false)
 7 FCPATH\index.php(79): CodeIgniter\CodeIgniter->run()
 8 SYSTEMPATH\Commands\Server\rewrite.php(47): require_once('C:\\laragon\\www\\agrismart_ci4\\public\\index.php')
CRITICAL - 2023-11-25 13:34:53 --> Invalid file: "signin-sigup/register.php"
in SYSTEMPATH\Exceptions\FrameworkException.php on line 39.
 1 SYSTEMPATH\View\View.php(216): CodeIgniter\Exceptions\FrameworkException::forInvalidFile('signin-sigup/register.php')
 2 SYSTEMPATH\Common.php(1190): CodeIgniter\View\View->render('signin-sigup/register', [], true)
 3 APPPATH\Controllers\LoginController.php(48): view('signin-sigup/register', [...])
 4 SYSTEMPATH\CodeIgniter.php(942): App\Controllers\LoginController->register()
 5 SYSTEMPATH\CodeIgniter.php(502): CodeIgniter\CodeIgniter->runController(Object(App\Controllers\LoginController))
 6 SYSTEMPATH\CodeIgniter.php(361): CodeIgniter\CodeIgniter->handleRequest(null, Object(Config\Cache), false)
 7 FCPATH\index.php(79): CodeIgniter\CodeIgniter->run()
 8 SYSTEMPATH\Commands\Server\rewrite.php(47): require_once('C:\\laragon\\www\\agrismart_ci4\\public\\index.php')
CRITICAL - 2023-11-25 13:35:09 --> Invalid file: "signin-sigup/register.php"
in SYSTEMPATH\Exceptions\FrameworkException.php on line 39.
 1 SYSTEMPATH\View\View.php(216): CodeIgniter\Exceptions\FrameworkException::forInvalidFile('signin-sigup/register.php')
 2 SYSTEMPATH\Common.php(1190): CodeIgniter\View\View->render('signin-sigup/register', [], true)
 3 APPPATH\Controllers\LoginController.php(48): view('signin-sigup/register', [...])
 4 SYSTEMPATH\CodeIgniter.php(942): App\Controllers\LoginController->register()
 5 SYSTEMPATH\CodeIgniter.php(502): CodeIgniter\CodeIgniter->runController(Object(App\Controllers\LoginController))
 6 SYSTEMPATH\CodeIgniter.php(361): CodeIgniter\CodeIgniter->handleRequest(null, Object(Config\Cache), false)
 7 FCPATH\index.php(79): CodeIgniter\CodeIgniter->run()
 8 SYSTEMPATH\Commands\Server\rewrite.php(47): require_once('C:\\laragon\\www\\agrismart_ci4\\public\\index.php')
CRITICAL - 2023-11-25 15:24:47 --> Invalid file: "/admin_dashboard/main-=dashboard.php"
in SYSTEMPATH\Exceptions\FrameworkException.php on line 39.
 1 SYSTEMPATH\View\View.php(216): CodeIgniter\Exceptions\FrameworkException::forInvalidFile('/admin_dashboard/main-=dashboard.php')
 2 SYSTEMPATH\View\View.php(469): CodeIgniter\View\View->render('/admin_dashboard/main-=dashboard', null, true)
 3 APPPATH\Views\adminfolder\dashboard.php(5): CodeIgniter\View\View->include('/admin_dashboard/main-=dashboard')
 4 SYSTEMPATH\View\View.php(228): include('C:\\laragon\\www\\agrismart_ci4\\app\\Views\\adminfolder\\dashboard.php')
 5 SYSTEMPATH\View\View.php(231): CodeIgniter\View\View->CodeIgniter\View\{closure}()
 6 SYSTEMPATH\Common.php(1190): CodeIgniter\View\View->render('adminfolder/dashboard', [], true)
 7 APPPATH\Controllers\LoginController.php(108): view('adminfolder/dashboard')
 8 SYSTEMPATH\CodeIgniter.php(942): App\Controllers\LoginController->admindashboard()
 9 SYSTEMPATH\CodeIgniter.php(502): CodeIgniter\CodeIgniter->runController(Object(App\Controllers\LoginController))
10 SYSTEMPATH\CodeIgniter.php(361): CodeIgniter\CodeIgniter->handleRequest(null, Object(Config\Cache), false)
11 FCPATH\index.php(79): CodeIgniter\CodeIgniter->run()
12 SYSTEMPATH\Commands\Server\rewrite.php(47): require_once('C:\\laragon\\www\\agrismart_ci4\\public\\index.php')
