CRITICAL - 2023-12-02 10:19:47 --> Undefined variable $fields
in APPPATH\Views\dashboard\main-viewfields.php on line 36.
 1 APPPATH\Views\dashboard\main-viewfields.php(36): CodeIgniter\Debug\Exceptions->errorHandler(2, 'Undefined variable $fields', 'C:\\laragon\\www\\agrismart_ci4\\app\\Views\\dashboard\\main-viewfields.php', 36)
 2 SYSTEMPATH\View\View.php(228): include('C:\\laragon\\www\\agrismart_ci4\\app\\Views\\dashboard\\main-viewfields.php')
 3 SYSTEMPATH\View\View.php(231): CodeIgniter\View\View->CodeIgniter\View\{closure}()
 4 SYSTEMPATH\View\View.php(469): CodeIgniter\View\View->render('/dashboard/main-viewfields', null, true)
 5 APPPATH\Views\userfolder\viewfields.php(6): CodeIgniter\View\View->include('/dashboard/main-viewfields')
 6 SYSTEMPATH\View\View.php(228): include('C:\\laragon\\www\\agrismart_ci4\\app\\Views\\userfolder\\viewfields.php')
 7 SYSTEMPATH\View\View.php(231): CodeIgniter\View\View->CodeIgniter\View\{closure}()
 8 SYSTEMPATH\Common.php(1190): CodeIgniter\View\View->render('userfolder/viewfields', [], true)
 9 APPPATH\Controllers\DashboardController.php(47): view('userfolder/viewfields', [...])
10 SYSTEMPATH\CodeIgniter.php(942): App\Controllers\DashboardController->viewfields()
11 SYSTEMPATH\CodeIgniter.php(502): CodeIgniter\CodeIgniter->runController(Object(App\Controllers\DashboardController))
12 SYSTEMPATH\CodeIgniter.php(361): CodeIgniter\CodeIgniter->handleRequest(null, Object(Config\Cache), false)
13 FCPATH\index.php(79): CodeIgniter\CodeIgniter->run()
14 SYSTEMPATH\Commands\Server\rewrite.php(47): require_once('C:\\laragon\\www\\agrismart_ci4\\public\\index.php')
CRITICAL - 2023-12-02 10:20:16 --> Undefined variable $fields
in APPPATH\Views\dashboard\main-viewfields.php on line 36.
 1 APPPATH\Views\dashboard\main-viewfields.php(36): CodeIgniter\Debug\Exceptions->errorHandler(2, 'Undefined variable $fields', 'C:\\laragon\\www\\agrismart_ci4\\app\\Views\\dashboard\\main-viewfields.php', 36)
 2 SYSTEMPATH\View\View.php(228): include('C:\\laragon\\www\\agrismart_ci4\\app\\Views\\dashboard\\main-viewfields.php')
 3 SYSTEMPATH\View\View.php(231): CodeIgniter\View\View->CodeIgniter\View\{closure}()
 4 SYSTEMPATH\View\View.php(469): CodeIgniter\View\View->render('/dashboard/main-viewfields', null, true)
 5 APPPATH\Views\userfolder\viewfields.php(6): CodeIgniter\View\View->include('/dashboard/main-viewfields')
 6 SYSTEMPATH\View\View.php(228): include('C:\\laragon\\www\\agrismart_ci4\\app\\Views\\userfolder\\viewfields.php')
 7 SYSTEMPATH\View\View.php(231): CodeIgniter\View\View->CodeIgniter\View\{closure}()
 8 SYSTEMPATH\Common.php(1190): CodeIgniter\View\View->render('userfolder/viewfields', [], true)
 9 APPPATH\Controllers\DashboardController.php(47): view('userfolder/viewfields', [...])
10 SYSTEMPATH\CodeIgniter.php(942): App\Controllers\DashboardController->viewfields()
11 SYSTEMPATH\CodeIgniter.php(502): CodeIgniter\CodeIgniter->runController(Object(App\Controllers\DashboardController))
12 SYSTEMPATH\CodeIgniter.php(361): CodeIgniter\CodeIgniter->handleRequest(null, Object(Config\Cache), false)
13 FCPATH\index.php(79): CodeIgniter\CodeIgniter->run()
14 SYSTEMPATH\Commands\Server\rewrite.php(47): require_once('C:\\laragon\\www\\agrismart_ci4\\public\\index.php')
CRITICAL - 2023-12-02 11:02:45 --> Undefined variable $field
in APPPATH\Views\dashboard\main-viewfields.php on line 37.
 1 APPPATH\Views\dashboard\main-viewfields.php(37): CodeIgniter\Debug\Exceptions->errorHandler(2, 'Undefined variable $field', 'C:\\laragon\\www\\agrismart_ci4\\app\\Views\\dashboard\\main-viewfields.php', 37)
 2 SYSTEMPATH\View\View.php(228): include('C:\\laragon\\www\\agrismart_ci4\\app\\Views\\dashboard\\main-viewfields.php')
 3 SYSTEMPATH\View\View.php(231): CodeIgniter\View\View->CodeIgniter\View\{closure}()
 4 SYSTEMPATH\View\View.php(469): CodeIgniter\View\View->render('/dashboard/main-viewfields', null, true)
 5 APPPATH\Views\userfolder\viewfields.php(6): CodeIgniter\View\View->include('/dashboard/main-viewfields')
 6 SYSTEMPATH\View\View.php(228): include('C:\\laragon\\www\\agrismart_ci4\\app\\Views\\userfolder\\viewfields.php')
 7 SYSTEMPATH\View\View.php(231): CodeIgniter\View\View->CodeIgniter\View\{closure}()
 8 SYSTEMPATH\Common.php(1190): CodeIgniter\View\View->render('userfolder/viewfields', [], true)
 9 APPPATH\Controllers\DashboardController.php(66): view('userfolder/viewfields', [...])
10 SYSTEMPATH\CodeIgniter.php(942): App\Controllers\DashboardController->addnewfield()
11 SYSTEMPATH\CodeIgniter.php(502): CodeIgniter\CodeIgniter->runController(Object(App\Controllers\DashboardController))
12 SYSTEMPATH\CodeIgniter.php(361): CodeIgniter\CodeIgniter->handleRequest(null, Object(Config\Cache), false)
13 FCPATH\index.php(79): CodeIgniter\CodeIgniter->run()
14 SYSTEMPATH\Commands\Server\rewrite.php(47): require_once('C:\\laragon\\www\\agrismart_ci4\\public\\index.php')
CRITICAL - 2023-12-02 11:04:52 --> Undefined variable $field
in APPPATH\Views\dashboard\main-viewfields.php on line 37.
 1 APPPATH\Views\dashboard\main-viewfields.php(37): CodeIgniter\Debug\Exceptions->errorHandler(2, 'Undefined variable $field', 'C:\\laragon\\www\\agrismart_ci4\\app\\Views\\dashboard\\main-viewfields.php', 37)
 2 SYSTEMPATH\View\View.php(228): include('C:\\laragon\\www\\agrismart_ci4\\app\\Views\\dashboard\\main-viewfields.php')
 3 SYSTEMPATH\View\View.php(231): CodeIgniter\View\View->CodeIgniter\View\{closure}()
 4 SYSTEMPATH\View\View.php(469): CodeIgniter\View\View->render('/dashboard/main-viewfields', null, true)
 5 APPPATH\Views\userfolder\viewfields.php(6): CodeIgniter\View\View->include('/dashboard/main-viewfields')
 6 SYSTEMPATH\View\View.php(228): include('C:\\laragon\\www\\agrismart_ci4\\app\\Views\\userfolder\\viewfields.php')
 7 SYSTEMPATH\View\View.php(231): CodeIgniter\View\View->CodeIgniter\View\{closure}()
 8 SYSTEMPATH\Common.php(1190): CodeIgniter\View\View->render('userfolder/viewfields', [], true)
 9 APPPATH\Controllers\DashboardController.php(66): view('userfolder/viewfields', [...])
10 SYSTEMPATH\CodeIgniter.php(942): App\Controllers\DashboardController->addnewfield()
11 SYSTEMPATH\CodeIgniter.php(502): CodeIgniter\CodeIgniter->runController(Object(App\Controllers\DashboardController))
12 SYSTEMPATH\CodeIgniter.php(361): CodeIgniter\CodeIgniter->handleRequest(null, Object(Config\Cache), false)
13 FCPATH\index.php(79): CodeIgniter\CodeIgniter->run()
14 SYSTEMPATH\Commands\Server\rewrite.php(47): require_once('C:\\laragon\\www\\agrismart_ci4\\public\\index.php')
CRITICAL - 2023-12-02 11:05:17 --> Undefined variable $fields
in APPPATH\Views\dashboard\main-viewfields.php on line 37.
 1 APPPATH\Views\dashboard\main-viewfields.php(37): CodeIgniter\Debug\Exceptions->errorHandler(2, 'Undefined variable $fields', 'C:\\laragon\\www\\agrismart_ci4\\app\\Views\\dashboard\\main-viewfields.php', 37)
 2 SYSTEMPATH\View\View.php(228): include('C:\\laragon\\www\\agrismart_ci4\\app\\Views\\dashboard\\main-viewfields.php')
 3 SYSTEMPATH\View\View.php(231): CodeIgniter\View\View->CodeIgniter\View\{closure}()
 4 SYSTEMPATH\View\View.php(469): CodeIgniter\View\View->render('/dashboard/main-viewfields', null, true)
 5 APPPATH\Views\userfolder\viewfields.php(6): CodeIgniter\View\View->include('/dashboard/main-viewfields')
 6 SYSTEMPATH\View\View.php(228): include('C:\\laragon\\www\\agrismart_ci4\\app\\Views\\userfolder\\viewfields.php')
 7 SYSTEMPATH\View\View.php(231): CodeIgniter\View\View->CodeIgniter\View\{closure}()
 8 SYSTEMPATH\Common.php(1190): CodeIgniter\View\View->render('userfolder/viewfields', [], true)
 9 APPPATH\Controllers\DashboardController.php(66): view('userfolder/viewfields', [...])
10 SYSTEMPATH\CodeIgniter.php(942): App\Controllers\DashboardController->addnewfield()
11 SYSTEMPATH\CodeIgniter.php(502): CodeIgniter\CodeIgniter->runController(Object(App\Controllers\DashboardController))
12 SYSTEMPATH\CodeIgniter.php(361): CodeIgniter\CodeIgniter->handleRequest(null, Object(Config\Cache), false)
13 FCPATH\index.php(79): CodeIgniter\CodeIgniter->run()
14 SYSTEMPATH\Commands\Server\rewrite.php(47): require_once('C:\\laragon\\www\\agrismart_ci4\\public\\index.php')
CRITICAL - 2023-12-02 11:05:41 --> Undefined variable $field
in APPPATH\Views\dashboard\main-viewfields.php on line 37.
 1 APPPATH\Views\dashboard\main-viewfields.php(37): CodeIgniter\Debug\Exceptions->errorHandler(2, 'Undefined variable $field', 'C:\\laragon\\www\\agrismart_ci4\\app\\Views\\dashboard\\main-viewfields.php', 37)
 2 SYSTEMPATH\View\View.php(228): include('C:\\laragon\\www\\agrismart_ci4\\app\\Views\\dashboard\\main-viewfields.php')
 3 SYSTEMPATH\View\View.php(231): CodeIgniter\View\View->CodeIgniter\View\{closure}()
 4 SYSTEMPATH\View\View.php(469): CodeIgniter\View\View->render('/dashboard/main-viewfields', null, true)
 5 APPPATH\Views\userfolder\viewfields.php(6): CodeIgniter\View\View->include('/dashboard/main-viewfields')
 6 SYSTEMPATH\View\View.php(228): include('C:\\laragon\\www\\agrismart_ci4\\app\\Views\\userfolder\\viewfields.php')
 7 SYSTEMPATH\View\View.php(231): CodeIgniter\View\View->CodeIgniter\View\{closure}()
 8 SYSTEMPATH\Common.php(1190): CodeIgniter\View\View->render('userfolder/viewfields', [], true)
 9 APPPATH\Controllers\DashboardController.php(66): view('userfolder/viewfields', [...])
10 SYSTEMPATH\CodeIgniter.php(942): App\Controllers\DashboardController->addnewfield()
11 SYSTEMPATH\CodeIgniter.php(502): CodeIgniter\CodeIgniter->runController(Object(App\Controllers\DashboardController))
12 SYSTEMPATH\CodeIgniter.php(361): CodeIgniter\CodeIgniter->handleRequest(null, Object(Config\Cache), false)
13 FCPATH\index.php(79): CodeIgniter\CodeIgniter->run()
14 SYSTEMPATH\Commands\Server\rewrite.php(47): require_once('C:\\laragon\\www\\agrismart_ci4\\public\\index.php')
CRITICAL - 2023-12-02 12:33:43 --> Undefined variable $field
in APPPATH\Views\dashboard\main-viewfields.php on line 37.
 1 APPPATH\Views\dashboard\main-viewfields.php(37): CodeIgniter\Debug\Exceptions->errorHandler(2, 'Undefined variable $field', 'C:\\laragon\\www\\agrismart_ci4\\app\\Views\\dashboard\\main-viewfields.php', 37)
 2 SYSTEMPATH\View\View.php(228): include('C:\\laragon\\www\\agrismart_ci4\\app\\Views\\dashboard\\main-viewfields.php')
 3 SYSTEMPATH\View\View.php(231): CodeIgniter\View\View->CodeIgniter\View\{closure}()
 4 SYSTEMPATH\View\View.php(469): CodeIgniter\View\View->render('/dashboard/main-viewfields', null, true)
 5 APPPATH\Views\userfolder\viewfields.php(6): CodeIgniter\View\View->include('/dashboard/main-viewfields')
 6 SYSTEMPATH\View\View.php(228): include('C:\\laragon\\www\\agrismart_ci4\\app\\Views\\userfolder\\viewfields.php')
 7 SYSTEMPATH\View\View.php(231): CodeIgniter\View\View->CodeIgniter\View\{closure}()
 8 SYSTEMPATH\Common.php(1190): CodeIgniter\View\View->render('userfolder/viewfields', [], true)
 9 APPPATH\Controllers\DashboardController.php(66): view('userfolder/viewfields', [...])
10 SYSTEMPATH\CodeIgniter.php(942): App\Controllers\DashboardController->addnewfield()
11 SYSTEMPATH\CodeIgniter.php(502): CodeIgniter\CodeIgniter->runController(Object(App\Controllers\DashboardController))
12 SYSTEMPATH\CodeIgniter.php(361): CodeIgniter\CodeIgniter->handleRequest(null, Object(Config\Cache), false)
13 FCPATH\index.php(79): CodeIgniter\CodeIgniter->run()
14 SYSTEMPATH\Commands\Server\rewrite.php(47): require_once('C:\\laragon\\www\\agrismart_ci4\\public\\index.php')
CRITICAL - 2023-12-02 12:34:47 --> Undefined variable $field
in APPPATH\Views\dashboard\main-viewfields.php on line 37.
 1 APPPATH\Views\dashboard\main-viewfields.php(37): CodeIgniter\Debug\Exceptions->errorHandler(2, 'Undefined variable $field', 'C:\\laragon\\www\\agrismart_ci4\\app\\Views\\dashboard\\main-viewfields.php', 37)
 2 SYSTEMPATH\View\View.php(228): include('C:\\laragon\\www\\agrismart_ci4\\app\\Views\\dashboard\\main-viewfields.php')
 3 SYSTEMPATH\View\View.php(231): CodeIgniter\View\View->CodeIgniter\View\{closure}()
 4 SYSTEMPATH\View\View.php(469): CodeIgniter\View\View->render('/dashboard/main-viewfields', null, true)
 5 APPPATH\Views\userfolder\viewfields.php(6): CodeIgniter\View\View->include('/dashboard/main-viewfields')
 6 SYSTEMPATH\View\View.php(228): include('C:\\laragon\\www\\agrismart_ci4\\app\\Views\\userfolder\\viewfields.php')
 7 SYSTEMPATH\View\View.php(231): CodeIgniter\View\View->CodeIgniter\View\{closure}()
 8 SYSTEMPATH\Common.php(1190): CodeIgniter\View\View->render('userfolder/viewfields', [], true)
 9 APPPATH\Controllers\DashboardController.php(66): view('userfolder/viewfields', [...])
10 SYSTEMPATH\CodeIgniter.php(942): App\Controllers\DashboardController->addnewfield()
11 SYSTEMPATH\CodeIgniter.php(502): CodeIgniter\CodeIgniter->runController(Object(App\Controllers\DashboardController))
12 SYSTEMPATH\CodeIgniter.php(361): CodeIgniter\CodeIgniter->handleRequest(null, Object(Config\Cache), false)
13 FCPATH\index.php(79): CodeIgniter\CodeIgniter->run()
14 SYSTEMPATH\Commands\Server\rewrite.php(47): require_once('C:\\laragon\\www\\agrismart_ci4\\public\\index.php')
CRITICAL - 2023-12-02 12:43:26 --> Undefined variable $field
in APPPATH\Views\dashboard\main-viewfields.php on line 37.
 1 APPPATH\Views\dashboard\main-viewfields.php(37): CodeIgniter\Debug\Exceptions->errorHandler(2, 'Undefined variable $field', 'C:\\laragon\\www\\agrismart_ci4\\app\\Views\\dashboard\\main-viewfields.php', 37)
 2 SYSTEMPATH\View\View.php(228): include('C:\\laragon\\www\\agrismart_ci4\\app\\Views\\dashboard\\main-viewfields.php')
 3 SYSTEMPATH\View\View.php(231): CodeIgniter\View\View->CodeIgniter\View\{closure}()
 4 SYSTEMPATH\View\View.php(469): CodeIgniter\View\View->render('/dashboard/main-viewfields', null, true)
 5 APPPATH\Views\userfolder\viewfields.php(6): CodeIgniter\View\View->include('/dashboard/main-viewfields')
 6 SYSTEMPATH\View\View.php(228): include('C:\\laragon\\www\\agrismart_ci4\\app\\Views\\userfolder\\viewfields.php')
 7 SYSTEMPATH\View\View.php(231): CodeIgniter\View\View->CodeIgniter\View\{closure}()
 8 SYSTEMPATH\Common.php(1190): CodeIgniter\View\View->render('userfolder/viewfields', [], true)
 9 APPPATH\Controllers\DashboardController.php(66): view('userfolder/viewfields', [...])
10 SYSTEMPATH\CodeIgniter.php(942): App\Controllers\DashboardController->addnewfield()
11 SYSTEMPATH\CodeIgniter.php(502): CodeIgniter\CodeIgniter->runController(Object(App\Controllers\DashboardController))
12 SYSTEMPATH\CodeIgniter.php(361): CodeIgniter\CodeIgniter->handleRequest(null, Object(Config\Cache), false)
13 FCPATH\index.php(79): CodeIgniter\CodeIgniter->run()
14 SYSTEMPATH\Commands\Server\rewrite.php(47): require_once('C:\\laragon\\www\\agrismart_ci4\\public\\index.php')
ERROR - 2023-12-02 14:31:23 --> mysqli_sql_exception: Unknown column 'fieldmapping.famrer_id' in 'where clause' in C:\laragon\www\agrismart_ci4\system\Database\MySQLi\Connection.php:306
Stack trace:
#0 C:\laragon\www\agrismart_ci4\system\Database\MySQLi\Connection.php(306): mysqli->query('UPDATE `fieldma...', 0)
#1 C:\laragon\www\agrismart_ci4\system\Database\BaseConnection.php(693): CodeIgniter\Database\MySQLi\Connection->execute('UPDATE `fieldma...')
#2 C:\laragon\www\agrismart_ci4\system\Database\BaseConnection.php(607): CodeIgniter\Database\BaseConnection->simpleQuery('UPDATE `fieldma...')
#3 C:\laragon\www\agrismart_ci4\system\Database\BaseBuilder.php(2475): CodeIgniter\Database\BaseConnection->query('UPDATE `fieldma...', Array, false)
#4 C:\laragon\www\agrismart_ci4\system\Model.php(385): CodeIgniter\Database\BaseBuilder->update()
#5 C:\laragon\www\agrismart_ci4\system\BaseModel.php(949): CodeIgniter\Model->doUpdate(Array, Array)
#6 C:\laragon\www\agrismart_ci4\system\Model.php(776): CodeIgniter\BaseModel->update(Array, Array)
#7 C:\laragon\www\agrismart_ci4\app\Controllers\DashboardController.php(113): CodeIgniter\Model->update('4', Array)
#8 C:\laragon\www\agrismart_ci4\system\CodeIgniter.php(942): App\Controllers\DashboardController->update()
#9 C:\laragon\www\agrismart_ci4\system\CodeIgniter.php(502): CodeIgniter\CodeIgniter->runController(Object(App\Controllers\DashboardController))
#10 C:\laragon\www\agrismart_ci4\system\CodeIgniter.php(361): CodeIgniter\CodeIgniter->handleRequest(NULL, Object(Config\Cache), false)
#11 C:\laragon\www\agrismart_ci4\public\index.php(79): CodeIgniter\CodeIgniter->run()
#12 C:\laragon\www\agrismart_ci4\system\Commands\Server\rewrite.php(47): require_once('C:\\laragon\\www\\...')
#13 {main}
CRITICAL - 2023-12-02 14:31:24 --> Unknown column 'fieldmapping.famrer_id' in 'where clause'
in SYSTEMPATH\Database\BaseConnection.php on line 647.
 1 SYSTEMPATH\Database\BaseBuilder.php(2475): CodeIgniter\Database\BaseConnection->query('UPDATE `fieldmapping` SET `field_name` = :field_name:, `field_owner` = :field_owner:, `field_address` = :field_address:, `field_total_area` = :field_total_area:
WHERE `fieldmapping`.`famrer_id` IN :fieldmapping.famrer_id:', [...], false)
 2 SYSTEMPATH\Model.php(385): CodeIgniter\Database\BaseBuilder->update()
 3 SYSTEMPATH\BaseModel.php(949): CodeIgniter\Model->doUpdate([...], [...])
 4 SYSTEMPATH\Model.php(776): CodeIgniter\BaseModel->update([...], [...])
 5 APPPATH\Controllers\DashboardController.php(113): CodeIgniter\Model->update('4', [...])
 6 SYSTEMPATH\CodeIgniter.php(942): App\Controllers\DashboardController->update()
 7 SYSTEMPATH\CodeIgniter.php(502): CodeIgniter\CodeIgniter->runController(Object(App\Controllers\DashboardController))
 8 SYSTEMPATH\CodeIgniter.php(361): CodeIgniter\CodeIgniter->handleRequest(null, Object(Config\Cache), false)
 9 FCPATH\index.php(79): CodeIgniter\CodeIgniter->run()
10 SYSTEMPATH\Commands\Server\rewrite.php(47): require_once('C:\\laragon\\www\\agrismart_ci4\\public\\index.php')
ERROR - 2023-12-02 14:32:30 --> mysqli_sql_exception: Unknown column 'fieldmapping.famrer_id' in 'where clause' in C:\laragon\www\agrismart_ci4\system\Database\MySQLi\Connection.php:306
Stack trace:
#0 C:\laragon\www\agrismart_ci4\system\Database\MySQLi\Connection.php(306): mysqli->query('UPDATE `fieldma...', 0)
#1 C:\laragon\www\agrismart_ci4\system\Database\BaseConnection.php(693): CodeIgniter\Database\MySQLi\Connection->execute('UPDATE `fieldma...')
#2 C:\laragon\www\agrismart_ci4\system\Database\BaseConnection.php(607): CodeIgniter\Database\BaseConnection->simpleQuery('UPDATE `fieldma...')
#3 C:\laragon\www\agrismart_ci4\system\Database\BaseBuilder.php(2475): CodeIgniter\Database\BaseConnection->query('UPDATE `fieldma...', Array, false)
#4 C:\laragon\www\agrismart_ci4\system\Model.php(385): CodeIgniter\Database\BaseBuilder->update()
#5 C:\laragon\www\agrismart_ci4\system\BaseModel.php(949): CodeIgniter\Model->doUpdate(Array, Array)
#6 C:\laragon\www\agrismart_ci4\system\Model.php(776): CodeIgniter\BaseModel->update(Array, Array)
#7 C:\laragon\www\agrismart_ci4\app\Controllers\DashboardController.php(113): CodeIgniter\Model->update('4', Array)
#8 C:\laragon\www\agrismart_ci4\system\CodeIgniter.php(942): App\Controllers\DashboardController->update()
#9 C:\laragon\www\agrismart_ci4\system\CodeIgniter.php(502): CodeIgniter\CodeIgniter->runController(Object(App\Controllers\DashboardController))
#10 C:\laragon\www\agrismart_ci4\system\CodeIgniter.php(361): CodeIgniter\CodeIgniter->handleRequest(NULL, Object(Config\Cache), false)
#11 C:\laragon\www\agrismart_ci4\public\index.php(79): CodeIgniter\CodeIgniter->run()
#12 C:\laragon\www\agrismart_ci4\system\Commands\Server\rewrite.php(47): require_once('C:\\laragon\\www\\...')
#13 {main}
CRITICAL - 2023-12-02 14:32:30 --> Unknown column 'fieldmapping.famrer_id' in 'where clause'
in SYSTEMPATH\Database\BaseConnection.php on line 647.
 1 SYSTEMPATH\Database\BaseBuilder.php(2475): CodeIgniter\Database\BaseConnection->query('UPDATE `fieldmapping` SET `field_name` = :field_name:, `field_owner` = :field_owner:, `field_address` = :field_address:, `field_total_area` = :field_total_area:
WHERE `fieldmapping`.`famrer_id` IN :fieldmapping.famrer_id:', [...], false)
 2 SYSTEMPATH\Model.php(385): CodeIgniter\Database\BaseBuilder->update()
 3 SYSTEMPATH\BaseModel.php(949): CodeIgniter\Model->doUpdate([...], [...])
 4 SYSTEMPATH\Model.php(776): CodeIgniter\BaseModel->update([...], [...])
 5 APPPATH\Controllers\DashboardController.php(113): CodeIgniter\Model->update('4', [...])
 6 SYSTEMPATH\CodeIgniter.php(942): App\Controllers\DashboardController->update()
 7 SYSTEMPATH\CodeIgniter.php(502): CodeIgniter\CodeIgniter->runController(Object(App\Controllers\DashboardController))
 8 SYSTEMPATH\CodeIgniter.php(361): CodeIgniter\CodeIgniter->handleRequest(null, Object(Config\Cache), false)
 9 FCPATH\index.php(79): CodeIgniter\CodeIgniter->run()
10 SYSTEMPATH\Commands\Server\rewrite.php(47): require_once('C:\\laragon\\www\\agrismart_ci4\\public\\index.php')
ERROR - 2023-12-02 14:34:03 --> mysqli_sql_exception: Unknown column 'fieldmapping.famrer_id' in 'where clause' in C:\laragon\www\agrismart_ci4\system\Database\MySQLi\Connection.php:306
Stack trace:
#0 C:\laragon\www\agrismart_ci4\system\Database\MySQLi\Connection.php(306): mysqli->query('UPDATE `fieldma...', 0)
#1 C:\laragon\www\agrismart_ci4\system\Database\BaseConnection.php(693): CodeIgniter\Database\MySQLi\Connection->execute('UPDATE `fieldma...')
#2 C:\laragon\www\agrismart_ci4\system\Database\BaseConnection.php(607): CodeIgniter\Database\BaseConnection->simpleQuery('UPDATE `fieldma...')
#3 C:\laragon\www\agrismart_ci4\system\Database\BaseBuilder.php(2475): CodeIgniter\Database\BaseConnection->query('UPDATE `fieldma...', Array, false)
#4 C:\laragon\www\agrismart_ci4\system\Model.php(385): CodeIgniter\Database\BaseBuilder->update()
#5 C:\laragon\www\agrismart_ci4\system\BaseModel.php(949): CodeIgniter\Model->doUpdate(Array, Array)
#6 C:\laragon\www\agrismart_ci4\system\Model.php(776): CodeIgniter\BaseModel->update(Array, Array)
#7 C:\laragon\www\agrismart_ci4\app\Controllers\DashboardController.php(113): CodeIgniter\Model->update('4', Array)
#8 C:\laragon\www\agrismart_ci4\system\CodeIgniter.php(942): App\Controllers\DashboardController->update()
#9 C:\laragon\www\agrismart_ci4\system\CodeIgniter.php(502): CodeIgniter\CodeIgniter->runController(Object(App\Controllers\DashboardController))
#10 C:\laragon\www\agrismart_ci4\system\CodeIgniter.php(361): CodeIgniter\CodeIgniter->handleRequest(NULL, Object(Config\Cache), false)
#11 C:\laragon\www\agrismart_ci4\public\index.php(79): CodeIgniter\CodeIgniter->run()
#12 C:\laragon\www\agrismart_ci4\system\Commands\Server\rewrite.php(47): require_once('C:\\laragon\\www\\...')
#13 {main}
CRITICAL - 2023-12-02 14:34:03 --> Unknown column 'fieldmapping.famrer_id' in 'where clause'
in SYSTEMPATH\Database\BaseConnection.php on line 647.
 1 SYSTEMPATH\Database\BaseBuilder.php(2475): CodeIgniter\Database\BaseConnection->query('UPDATE `fieldmapping` SET `field_name` = :field_name:, `field_owner` = :field_owner:, `field_address` = :field_address:, `field_total_area` = :field_total_area:
WHERE `fieldmapping`.`famrer_id` IN :fieldmapping.famrer_id:', [...], false)
 2 SYSTEMPATH\Model.php(385): CodeIgniter\Database\BaseBuilder->update()
 3 SYSTEMPATH\BaseModel.php(949): CodeIgniter\Model->doUpdate([...], [...])
 4 SYSTEMPATH\Model.php(776): CodeIgniter\BaseModel->update([...], [...])
 5 APPPATH\Controllers\DashboardController.php(113): CodeIgniter\Model->update('4', [...])
 6 SYSTEMPATH\CodeIgniter.php(942): App\Controllers\DashboardController->update()
 7 SYSTEMPATH\CodeIgniter.php(502): CodeIgniter\CodeIgniter->runController(Object(App\Controllers\DashboardController))
 8 SYSTEMPATH\CodeIgniter.php(361): CodeIgniter\CodeIgniter->handleRequest(null, Object(Config\Cache), false)
 9 FCPATH\index.php(79): CodeIgniter\CodeIgniter->run()
10 SYSTEMPATH\Commands\Server\rewrite.php(47): require_once('C:\\laragon\\www\\agrismart_ci4\\public\\index.php')
ERROR - 2023-12-02 14:36:13 --> mysqli_sql_exception: Unknown column 'fieldmapping.famrer_id' in 'where clause' in C:\laragon\www\agrismart_ci4\system\Database\MySQLi\Connection.php:306
Stack trace:
#0 C:\laragon\www\agrismart_ci4\system\Database\MySQLi\Connection.php(306): mysqli->query('UPDATE `fieldma...', 0)
#1 C:\laragon\www\agrismart_ci4\system\Database\BaseConnection.php(693): CodeIgniter\Database\MySQLi\Connection->execute('UPDATE `fieldma...')
#2 C:\laragon\www\agrismart_ci4\system\Database\BaseConnection.php(607): CodeIgniter\Database\BaseConnection->simpleQuery('UPDATE `fieldma...')
#3 C:\laragon\www\agrismart_ci4\system\Database\BaseBuilder.php(2475): CodeIgniter\Database\BaseConnection->query('UPDATE `fieldma...', Array, false)
#4 C:\laragon\www\agrismart_ci4\system\Model.php(385): CodeIgniter\Database\BaseBuilder->update()
#5 C:\laragon\www\agrismart_ci4\system\BaseModel.php(949): CodeIgniter\Model->doUpdate(Array, Array)
#6 C:\laragon\www\agrismart_ci4\system\Model.php(776): CodeIgniter\BaseModel->update(Array, Array)
#7 C:\laragon\www\agrismart_ci4\app\Controllers\DashboardController.php(113): CodeIgniter\Model->update('4', Array)
#8 C:\laragon\www\agrismart_ci4\system\CodeIgniter.php(942): App\Controllers\DashboardController->update()
#9 C:\laragon\www\agrismart_ci4\system\CodeIgniter.php(502): CodeIgniter\CodeIgniter->runController(Object(App\Controllers\DashboardController))
#10 C:\laragon\www\agrismart_ci4\system\CodeIgniter.php(361): CodeIgniter\CodeIgniter->handleRequest(NULL, Object(Config\Cache), false)
#11 C:\laragon\www\agrismart_ci4\public\index.php(79): CodeIgniter\CodeIgniter->run()
#12 C:\laragon\www\agrismart_ci4\system\Commands\Server\rewrite.php(47): require_once('C:\\laragon\\www\\...')
#13 {main}
CRITICAL - 2023-12-02 14:36:13 --> Unknown column 'fieldmapping.famrer_id' in 'where clause'
in SYSTEMPATH\Database\BaseConnection.php on line 647.
 1 SYSTEMPATH\Database\BaseBuilder.php(2475): CodeIgniter\Database\BaseConnection->query('UPDATE `fieldmapping` SET `field_name` = :field_name:, `field_owner` = :field_owner:, `field_address` = :field_address:, `field_total_area` = :field_total_area:
WHERE `fieldmapping`.`famrer_id` IN :fieldmapping.famrer_id:', [...], false)
 2 SYSTEMPATH\Model.php(385): CodeIgniter\Database\BaseBuilder->update()
 3 SYSTEMPATH\BaseModel.php(949): CodeIgniter\Model->doUpdate([...], [...])
 4 SYSTEMPATH\Model.php(776): CodeIgniter\BaseModel->update([...], [...])
 5 APPPATH\Controllers\DashboardController.php(113): CodeIgniter\Model->update('4', [...])
 6 SYSTEMPATH\CodeIgniter.php(942): App\Controllers\DashboardController->update()
 7 SYSTEMPATH\CodeIgniter.php(502): CodeIgniter\CodeIgniter->runController(Object(App\Controllers\DashboardController))
 8 SYSTEMPATH\CodeIgniter.php(361): CodeIgniter\CodeIgniter->handleRequest(null, Object(Config\Cache), false)
 9 FCPATH\index.php(79): CodeIgniter\CodeIgniter->run()
10 SYSTEMPATH\Commands\Server\rewrite.php(47): require_once('C:\\laragon\\www\\agrismart_ci4\\public\\index.php')
ERROR - 2023-12-02 14:37:00 --> mysqli_sql_exception: Unknown column 'fieldmapping.famrer_id' in 'where clause' in C:\laragon\www\agrismart_ci4\system\Database\MySQLi\Connection.php:306
Stack trace:
#0 C:\laragon\www\agrismart_ci4\system\Database\MySQLi\Connection.php(306): mysqli->query('UPDATE `fieldma...', 0)
#1 C:\laragon\www\agrismart_ci4\system\Database\BaseConnection.php(693): CodeIgniter\Database\MySQLi\Connection->execute('UPDATE `fieldma...')
#2 C:\laragon\www\agrismart_ci4\system\Database\BaseConnection.php(607): CodeIgniter\Database\BaseConnection->simpleQuery('UPDATE `fieldma...')
#3 C:\laragon\www\agrismart_ci4\system\Database\BaseBuilder.php(2475): CodeIgniter\Database\BaseConnection->query('UPDATE `fieldma...', Array, false)
#4 C:\laragon\www\agrismart_ci4\system\Model.php(385): CodeIgniter\Database\BaseBuilder->update()
#5 C:\laragon\www\agrismart_ci4\system\BaseModel.php(949): CodeIgniter\Model->doUpdate(Array, Array)
#6 C:\laragon\www\agrismart_ci4\system\Model.php(776): CodeIgniter\BaseModel->update(Array, Array)
#7 C:\laragon\www\agrismart_ci4\app\Controllers\DashboardController.php(113): CodeIgniter\Model->update('4', Array)
#8 C:\laragon\www\agrismart_ci4\system\CodeIgniter.php(942): App\Controllers\DashboardController->update()
#9 C:\laragon\www\agrismart_ci4\system\CodeIgniter.php(502): CodeIgniter\CodeIgniter->runController(Object(App\Controllers\DashboardController))
#10 C:\laragon\www\agrismart_ci4\system\CodeIgniter.php(361): CodeIgniter\CodeIgniter->handleRequest(NULL, Object(Config\Cache), false)
#11 C:\laragon\www\agrismart_ci4\public\index.php(79): CodeIgniter\CodeIgniter->run()
#12 C:\laragon\www\agrismart_ci4\system\Commands\Server\rewrite.php(47): require_once('C:\\laragon\\www\\...')
#13 {main}
CRITICAL - 2023-12-02 14:37:00 --> Unknown column 'fieldmapping.famrer_id' in 'where clause'
in SYSTEMPATH\Database\BaseConnection.php on line 647.
 1 SYSTEMPATH\Database\BaseBuilder.php(2475): CodeIgniter\Database\BaseConnection->query('UPDATE `fieldmapping` SET `field_name` = :field_name:, `field_owner` = :field_owner:, `field_address` = :field_address:, `field_total_area` = :field_total_area:
WHERE `fieldmapping`.`famrer_id` IN :fieldmapping.famrer_id:', [...], false)
 2 SYSTEMPATH\Model.php(385): CodeIgniter\Database\BaseBuilder->update()
 3 SYSTEMPATH\BaseModel.php(949): CodeIgniter\Model->doUpdate([...], [...])
 4 SYSTEMPATH\Model.php(776): CodeIgniter\BaseModel->update([...], [...])
 5 APPPATH\Controllers\DashboardController.php(113): CodeIgniter\Model->update('4', [...])
 6 SYSTEMPATH\CodeIgniter.php(942): App\Controllers\DashboardController->update()
 7 SYSTEMPATH\CodeIgniter.php(502): CodeIgniter\CodeIgniter->runController(Object(App\Controllers\DashboardController))
 8 SYSTEMPATH\CodeIgniter.php(361): CodeIgniter\CodeIgniter->handleRequest(null, Object(Config\Cache), false)
 9 FCPATH\index.php(79): CodeIgniter\CodeIgniter->run()
10 SYSTEMPATH\Commands\Server\rewrite.php(47): require_once('C:\\laragon\\www\\agrismart_ci4\\public\\index.php')
ERROR - 2023-12-02 14:37:46 --> mysqli_sql_exception: Unknown column 'fieldmapping.famrer_id' in 'where clause' in C:\laragon\www\agrismart_ci4\system\Database\MySQLi\Connection.php:306
Stack trace:
#0 C:\laragon\www\agrismart_ci4\system\Database\MySQLi\Connection.php(306): mysqli->query('UPDATE `fieldma...', 0)
#1 C:\laragon\www\agrismart_ci4\system\Database\BaseConnection.php(693): CodeIgniter\Database\MySQLi\Connection->execute('UPDATE `fieldma...')
#2 C:\laragon\www\agrismart_ci4\system\Database\BaseConnection.php(607): CodeIgniter\Database\BaseConnection->simpleQuery('UPDATE `fieldma...')
#3 C:\laragon\www\agrismart_ci4\system\Database\BaseBuilder.php(2475): CodeIgniter\Database\BaseConnection->query('UPDATE `fieldma...', Array, false)
#4 C:\laragon\www\agrismart_ci4\system\Model.php(385): CodeIgniter\Database\BaseBuilder->update()
#5 C:\laragon\www\agrismart_ci4\system\BaseModel.php(949): CodeIgniter\Model->doUpdate(Array, Array)
#6 C:\laragon\www\agrismart_ci4\system\Model.php(776): CodeIgniter\BaseModel->update(Array, Array)
#7 C:\laragon\www\agrismart_ci4\app\Controllers\DashboardController.php(113): CodeIgniter\Model->update('4', Array)
#8 C:\laragon\www\agrismart_ci4\system\CodeIgniter.php(942): App\Controllers\DashboardController->update()
#9 C:\laragon\www\agrismart_ci4\system\CodeIgniter.php(502): CodeIgniter\CodeIgniter->runController(Object(App\Controllers\DashboardController))
#10 C:\laragon\www\agrismart_ci4\system\CodeIgniter.php(361): CodeIgniter\CodeIgniter->handleRequest(NULL, Object(Config\Cache), false)
#11 C:\laragon\www\agrismart_ci4\public\index.php(79): CodeIgniter\CodeIgniter->run()
#12 C:\laragon\www\agrismart_ci4\system\Commands\Server\rewrite.php(47): require_once('C:\\laragon\\www\\...')
#13 {main}
CRITICAL - 2023-12-02 14:37:46 --> Unknown column 'fieldmapping.famrer_id' in 'where clause'
in SYSTEMPATH\Database\BaseConnection.php on line 647.
 1 SYSTEMPATH\Database\BaseBuilder.php(2475): CodeIgniter\Database\BaseConnection->query('UPDATE `fieldmapping` SET `field_name` = :field_name:, `field_owner` = :field_owner:, `field_address` = :field_address:, `field_total_area` = :field_total_area:
WHERE `fieldmapping`.`famrer_id` IN :fieldmapping.famrer_id:', [...], false)
 2 SYSTEMPATH\Model.php(385): CodeIgniter\Database\BaseBuilder->update()
 3 SYSTEMPATH\BaseModel.php(949): CodeIgniter\Model->doUpdate([...], [...])
 4 SYSTEMPATH\Model.php(776): CodeIgniter\BaseModel->update([...], [...])
 5 APPPATH\Controllers\DashboardController.php(113): CodeIgniter\Model->update('4', [...])
 6 SYSTEMPATH\CodeIgniter.php(942): App\Controllers\DashboardController->update()
 7 SYSTEMPATH\CodeIgniter.php(502): CodeIgniter\CodeIgniter->runController(Object(App\Controllers\DashboardController))
 8 SYSTEMPATH\CodeIgniter.php(361): CodeIgniter\CodeIgniter->handleRequest(null, Object(Config\Cache), false)
 9 FCPATH\index.php(79): CodeIgniter\CodeIgniter->run()
10 SYSTEMPATH\Commands\Server\rewrite.php(47): require_once('C:\\laragon\\www\\agrismart_ci4\\public\\index.php')
ERROR - 2023-12-02 14:37:56 --> mysqli_sql_exception: Unknown column 'fieldmapping.famrer_id' in 'where clause' in C:\laragon\www\agrismart_ci4\system\Database\MySQLi\Connection.php:306
Stack trace:
#0 C:\laragon\www\agrismart_ci4\system\Database\MySQLi\Connection.php(306): mysqli->query('UPDATE `fieldma...', 0)
#1 C:\laragon\www\agrismart_ci4\system\Database\BaseConnection.php(693): CodeIgniter\Database\MySQLi\Connection->execute('UPDATE `fieldma...')
#2 C:\laragon\www\agrismart_ci4\system\Database\BaseConnection.php(607): CodeIgniter\Database\BaseConnection->simpleQuery('UPDATE `fieldma...')
#3 C:\laragon\www\agrismart_ci4\system\Database\BaseBuilder.php(2475): CodeIgniter\Database\BaseConnection->query('UPDATE `fieldma...', Array, false)
#4 C:\laragon\www\agrismart_ci4\system\Model.php(385): CodeIgniter\Database\BaseBuilder->update()
#5 C:\laragon\www\agrismart_ci4\system\BaseModel.php(949): CodeIgniter\Model->doUpdate(Array, Array)
#6 C:\laragon\www\agrismart_ci4\system\Model.php(776): CodeIgniter\BaseModel->update(Array, Array)
#7 C:\laragon\www\agrismart_ci4\app\Controllers\DashboardController.php(113): CodeIgniter\Model->update('4', Array)
#8 C:\laragon\www\agrismart_ci4\system\CodeIgniter.php(942): App\Controllers\DashboardController->update()
#9 C:\laragon\www\agrismart_ci4\system\CodeIgniter.php(502): CodeIgniter\CodeIgniter->runController(Object(App\Controllers\DashboardController))
#10 C:\laragon\www\agrismart_ci4\system\CodeIgniter.php(361): CodeIgniter\CodeIgniter->handleRequest(NULL, Object(Config\Cache), false)
#11 C:\laragon\www\agrismart_ci4\public\index.php(79): CodeIgniter\CodeIgniter->run()
#12 C:\laragon\www\agrismart_ci4\system\Commands\Server\rewrite.php(47): require_once('C:\\laragon\\www\\...')
#13 {main}
CRITICAL - 2023-12-02 14:37:56 --> Unknown column 'fieldmapping.famrer_id' in 'where clause'
in SYSTEMPATH\Database\BaseConnection.php on line 647.
 1 SYSTEMPATH\Database\BaseBuilder.php(2475): CodeIgniter\Database\BaseConnection->query('UPDATE `fieldmapping` SET `field_name` = :field_name:, `field_owner` = :field_owner:, `field_address` = :field_address:, `field_total_area` = :field_total_area:
WHERE `fieldmapping`.`famrer_id` IN :fieldmapping.famrer_id:', [...], false)
 2 SYSTEMPATH\Model.php(385): CodeIgniter\Database\BaseBuilder->update()
 3 SYSTEMPATH\BaseModel.php(949): CodeIgniter\Model->doUpdate([...], [...])
 4 SYSTEMPATH\Model.php(776): CodeIgniter\BaseModel->update([...], [...])
 5 APPPATH\Controllers\DashboardController.php(113): CodeIgniter\Model->update('4', [...])
 6 SYSTEMPATH\CodeIgniter.php(942): App\Controllers\DashboardController->update()
 7 SYSTEMPATH\CodeIgniter.php(502): CodeIgniter\CodeIgniter->runController(Object(App\Controllers\DashboardController))
 8 SYSTEMPATH\CodeIgniter.php(361): CodeIgniter\CodeIgniter->handleRequest(null, Object(Config\Cache), false)
 9 FCPATH\index.php(79): CodeIgniter\CodeIgniter->run()
10 SYSTEMPATH\Commands\Server\rewrite.php(47): require_once('C:\\laragon\\www\\agrismart_ci4\\public\\index.php')
CRITICAL - 2023-12-02 14:59:02 --> Undefined variable $field
in APPPATH\Views\dashboard\main-croprotation.php on line 37.
 1 APPPATH\Views\dashboard\main-croprotation.php(37): CodeIgniter\Debug\Exceptions->errorHandler(2, 'Undefined variable $field', 'C:\\laragon\\www\\agrismart_ci4\\app\\Views\\dashboard\\main-croprotation.php', 37)
 2 SYSTEMPATH\View\View.php(228): include('C:\\laragon\\www\\agrismart_ci4\\app\\Views\\dashboard\\main-croprotation.php')
 3 SYSTEMPATH\View\View.php(231): CodeIgniter\View\View->CodeIgniter\View\{closure}()
 4 SYSTEMPATH\View\View.php(469): CodeIgniter\View\View->render('/dashboard/main-croprotation', null, true)
 5 APPPATH\Views\userfolder\croprotation.php(5): CodeIgniter\View\View->include('/dashboard/main-croprotation')
 6 SYSTEMPATH\View\View.php(228): include('C:\\laragon\\www\\agrismart_ci4\\app\\Views\\userfolder\\croprotation.php')
 7 SYSTEMPATH\View\View.php(231): CodeIgniter\View\View->CodeIgniter\View\{closure}()
 8 SYSTEMPATH\Common.php(1190): CodeIgniter\View\View->render('userfolder/croprotation', [], true)
 9 APPPATH\Controllers\DashboardController.php(30): view('userfolder/croprotation')
10 SYSTEMPATH\CodeIgniter.php(942): App\Controllers\DashboardController->croprotation()
11 SYSTEMPATH\CodeIgniter.php(502): CodeIgniter\CodeIgniter->runController(Object(App\Controllers\DashboardController))
12 SYSTEMPATH\CodeIgniter.php(361): CodeIgniter\CodeIgniter->handleRequest(null, Object(Config\Cache), false)
13 FCPATH\index.php(79): CodeIgniter\CodeIgniter->run()
14 SYSTEMPATH\Commands\Server\rewrite.php(47): require_once('C:\\laragon\\www\\agrismart_ci4\\public\\index.php')
CRITICAL - 2023-12-02 14:59:08 --> Undefined variable $field
in APPPATH\Views\dashboard\main-croprotation.php on line 37.
 1 APPPATH\Views\dashboard\main-croprotation.php(37): CodeIgniter\Debug\Exceptions->errorHandler(2, 'Undefined variable $field', 'C:\\laragon\\www\\agrismart_ci4\\app\\Views\\dashboard\\main-croprotation.php', 37)
 2 SYSTEMPATH\View\View.php(228): include('C:\\laragon\\www\\agrismart_ci4\\app\\Views\\dashboard\\main-croprotation.php')
 3 SYSTEMPATH\View\View.php(231): CodeIgniter\View\View->CodeIgniter\View\{closure}()
 4 SYSTEMPATH\View\View.php(469): CodeIgniter\View\View->render('/dashboard/main-croprotation', null, true)
 5 APPPATH\Views\userfolder\croprotation.php(5): CodeIgniter\View\View->include('/dashboard/main-croprotation')
 6 SYSTEMPATH\View\View.php(228): include('C:\\laragon\\www\\agrismart_ci4\\app\\Views\\userfolder\\croprotation.php')
 7 SYSTEMPATH\View\View.php(231): CodeIgniter\View\View->CodeIgniter\View\{closure}()
 8 SYSTEMPATH\Common.php(1190): CodeIgniter\View\View->render('userfolder/croprotation', [], true)
 9 APPPATH\Controllers\DashboardController.php(30): view('userfolder/croprotation')
10 SYSTEMPATH\CodeIgniter.php(942): App\Controllers\DashboardController->croprotation()
11 SYSTEMPATH\CodeIgniter.php(502): CodeIgniter\CodeIgniter->runController(Object(App\Controllers\DashboardController))
12 SYSTEMPATH\CodeIgniter.php(361): CodeIgniter\CodeIgniter->handleRequest(null, Object(Config\Cache), false)
13 FCPATH\index.php(79): CodeIgniter\CodeIgniter->run()
14 SYSTEMPATH\Commands\Server\rewrite.php(47): require_once('C:\\laragon\\www\\agrismart_ci4\\public\\index.php')
CRITICAL - 2023-12-02 15:33:31 --> Undefined variable $field
in APPPATH\Views\dashboard\main-croprotation.php on line 37.
 1 APPPATH\Views\dashboard\main-croprotation.php(37): CodeIgniter\Debug\Exceptions->errorHandler(2, 'Undefined variable $field', 'C:\\laragon\\www\\agrismart_ci4\\app\\Views\\dashboard\\main-croprotation.php', 37)
 2 SYSTEMPATH\View\View.php(228): include('C:\\laragon\\www\\agrismart_ci4\\app\\Views\\dashboard\\main-croprotation.php')
 3 SYSTEMPATH\View\View.php(231): CodeIgniter\View\View->CodeIgniter\View\{closure}()
 4 SYSTEMPATH\View\View.php(469): CodeIgniter\View\View->render('/dashboard/main-croprotation', null, true)
 5 APPPATH\Views\userfolder\croprotation.php(5): CodeIgniter\View\View->include('/dashboard/main-croprotation')
 6 SYSTEMPATH\View\View.php(228): include('C:\\laragon\\www\\agrismart_ci4\\app\\Views\\userfolder\\croprotation.php')
 7 SYSTEMPATH\View\View.php(231): CodeIgniter\View\View->CodeIgniter\View\{closure}()
 8 SYSTEMPATH\Common.php(1190): CodeIgniter\View\View->render('userfolder/croprotation', [], true)
 9 APPPATH\Controllers\DashboardController.php(31): view('userfolder/croprotation')
10 SYSTEMPATH\CodeIgniter.php(942): App\Controllers\DashboardController->croprotation()
11 SYSTEMPATH\CodeIgniter.php(502): CodeIgniter\CodeIgniter->runController(Object(App\Controllers\DashboardController))
12 SYSTEMPATH\CodeIgniter.php(361): CodeIgniter\CodeIgniter->handleRequest(null, Object(Config\Cache), false)
13 FCPATH\index.php(79): CodeIgniter\CodeIgniter->run()
14 SYSTEMPATH\Commands\Server\rewrite.php(47): require_once('C:\\laragon\\www\\agrismart_ci4\\public\\index.php')
CRITICAL - 2023-12-02 15:34:11 --> Undefined variable $rotation
in APPPATH\Views\dashboard\main-croprotation.php on line 37.
 1 APPPATH\Views\dashboard\main-croprotation.php(37): CodeIgniter\Debug\Exceptions->errorHandler(2, 'Undefined variable $rotation', 'C:\\laragon\\www\\agrismart_ci4\\app\\Views\\dashboard\\main-croprotation.php', 37)
 2 SYSTEMPATH\View\View.php(228): include('C:\\laragon\\www\\agrismart_ci4\\app\\Views\\dashboard\\main-croprotation.php')
 3 SYSTEMPATH\View\View.php(231): CodeIgniter\View\View->CodeIgniter\View\{closure}()
 4 SYSTEMPATH\View\View.php(469): CodeIgniter\View\View->render('/dashboard/main-croprotation', null, true)
 5 APPPATH\Views\userfolder\croprotation.php(5): CodeIgniter\View\View->include('/dashboard/main-croprotation')
 6 SYSTEMPATH\View\View.php(228): include('C:\\laragon\\www\\agrismart_ci4\\app\\Views\\userfolder\\croprotation.php')
 7 SYSTEMPATH\View\View.php(231): CodeIgniter\View\View->CodeIgniter\View\{closure}()
 8 SYSTEMPATH\Common.php(1190): CodeIgniter\View\View->render('userfolder/croprotation', [], true)
 9 APPPATH\Controllers\DashboardController.php(31): view('userfolder/croprotation')
10 SYSTEMPATH\CodeIgniter.php(942): App\Controllers\DashboardController->croprotation()
11 SYSTEMPATH\CodeIgniter.php(502): CodeIgniter\CodeIgniter->runController(Object(App\Controllers\DashboardController))
12 SYSTEMPATH\CodeIgniter.php(361): CodeIgniter\CodeIgniter->handleRequest(null, Object(Config\Cache), false)
13 FCPATH\index.php(79): CodeIgniter\CodeIgniter->run()
14 SYSTEMPATH\Commands\Server\rewrite.php(47): require_once('C:\\laragon\\www\\agrismart_ci4\\public\\index.php')
CRITICAL - 2023-12-02 15:42:38 --> Undefined variable $fie
in APPPATH\Views\dashboard\main-croprotation.php on line 60.
 1 APPPATH\Views\dashboard\main-croprotation.php(60): CodeIgniter\Debug\Exceptions->errorHandler(2, 'Undefined variable $fie', 'C:\\laragon\\www\\agrismart_ci4\\app\\Views\\dashboard\\main-croprotation.php', 60)
 2 SYSTEMPATH\View\View.php(228): include('C:\\laragon\\www\\agrismart_ci4\\app\\Views\\dashboard\\main-croprotation.php')
 3 SYSTEMPATH\View\View.php(231): CodeIgniter\View\View->CodeIgniter\View\{closure}()
 4 SYSTEMPATH\View\View.php(469): CodeIgniter\View\View->render('/dashboard/main-croprotation', null, true)
 5 APPPATH\Views\userfolder\croprotation.php(5): CodeIgniter\View\View->include('/dashboard/main-croprotation')
 6 SYSTEMPATH\View\View.php(228): include('C:\\laragon\\www\\agrismart_ci4\\app\\Views\\userfolder\\croprotation.php')
 7 SYSTEMPATH\View\View.php(231): CodeIgniter\View\View->CodeIgniter\View\{closure}()
 8 SYSTEMPATH\Common.php(1190): CodeIgniter\View\View->render('userfolder/croprotation', [], true)
 9 APPPATH\Controllers\DashboardController.php(34): view('userfolder/croprotation', [...])
10 SYSTEMPATH\CodeIgniter.php(942): App\Controllers\DashboardController->croprotation()
11 SYSTEMPATH\CodeIgniter.php(502): CodeIgniter\CodeIgniter->runController(Object(App\Controllers\DashboardController))
12 SYSTEMPATH\CodeIgniter.php(361): CodeIgniter\CodeIgniter->handleRequest(null, Object(Config\Cache), false)
13 FCPATH\index.php(79): CodeIgniter\CodeIgniter->run()
14 SYSTEMPATH\Commands\Server\rewrite.php(47): require_once('C:\\laragon\\www\\agrismart_ci4\\public\\index.php')
CRITICAL - 2023-12-02 16:09:40 --> Undefined variable $field
in APPPATH\Views\dashboard\main-viewfields.php on line 37.
 1 APPPATH\Views\dashboard\main-viewfields.php(37): CodeIgniter\Debug\Exceptions->errorHandler(2, 'Undefined variable $field', 'C:\\laragon\\www\\agrismart_ci4\\app\\Views\\dashboard\\main-viewfields.php', 37)
 2 SYSTEMPATH\View\View.php(228): include('C:\\laragon\\www\\agrismart_ci4\\app\\Views\\dashboard\\main-viewfields.php')
 3 SYSTEMPATH\View\View.php(231): CodeIgniter\View\View->CodeIgniter\View\{closure}()
 4 SYSTEMPATH\View\View.php(469): CodeIgniter\View\View->render('/dashboard/main-viewfields', null, true)
 5 APPPATH\Views\userfolder\viewfields.php(6): CodeIgniter\View\View->include('/dashboard/main-viewfields')
 6 SYSTEMPATH\View\View.php(228): include('C:\\laragon\\www\\agrismart_ci4\\app\\Views\\userfolder\\viewfields.php')
 7 SYSTEMPATH\View\View.php(231): CodeIgniter\View\View->CodeIgniter\View\{closure}()
 8 SYSTEMPATH\Common.php(1190): CodeIgniter\View\View->render('userfolder/viewfields', [], true)
 9 APPPATH\Controllers\DashboardController.php(158): view('userfolder/viewfields', [...])
10 SYSTEMPATH\CodeIgniter.php(942): App\Controllers\DashboardController->addnewrotation()
11 SYSTEMPATH\CodeIgniter.php(502): CodeIgniter\CodeIgniter->runController(Object(App\Controllers\DashboardController))
12 SYSTEMPATH\CodeIgniter.php(361): CodeIgniter\CodeIgniter->handleRequest(null, Object(Config\Cache), false)
13 FCPATH\index.php(79): CodeIgniter\CodeIgniter->run()
14 SYSTEMPATH\Commands\Server\rewrite.php(47): require_once('C:\\laragon\\www\\agrismart_ci4\\public\\index.php')
CRITICAL - 2023-12-02 16:14:32 --> Undefined variable $rotation
in APPPATH\Views\dashboard\main-croprotation.php on line 40.
 1 APPPATH\Views\dashboard\main-croprotation.php(40): CodeIgniter\Debug\Exceptions->errorHandler(2, 'Undefined variable $rotation', 'C:\\laragon\\www\\agrismart_ci4\\app\\Views\\dashboard\\main-croprotation.php', 40)
 2 SYSTEMPATH\View\View.php(228): include('C:\\laragon\\www\\agrismart_ci4\\app\\Views\\dashboard\\main-croprotation.php')
 3 SYSTEMPATH\View\View.php(231): CodeIgniter\View\View->CodeIgniter\View\{closure}()
 4 SYSTEMPATH\View\View.php(469): CodeIgniter\View\View->render('/dashboard/main-croprotation', null, true)
 5 APPPATH\Views\userfolder\croprotation.php(5): CodeIgniter\View\View->include('/dashboard/main-croprotation')
 6 SYSTEMPATH\View\View.php(228): include('C:\\laragon\\www\\agrismart_ci4\\app\\Views\\userfolder\\croprotation.php')
 7 SYSTEMPATH\View\View.php(231): CodeIgniter\View\View->CodeIgniter\View\{closure}()
 8 SYSTEMPATH\Common.php(1190): CodeIgniter\View\View->render('userfolder/croprotation', [], true)
 9 APPPATH\Controllers\DashboardController.php(161): view('userfolder/croprotation', [...])
10 SYSTEMPATH\CodeIgniter.php(942): App\Controllers\DashboardController->addnewrotation()
11 SYSTEMPATH\CodeIgniter.php(502): CodeIgniter\CodeIgniter->runController(Object(App\Controllers\DashboardController))
12 SYSTEMPATH\CodeIgniter.php(361): CodeIgniter\CodeIgniter->handleRequest(null, Object(Config\Cache), false)
13 FCPATH\index.php(79): CodeIgniter\CodeIgniter->run()
14 SYSTEMPATH\Commands\Server\rewrite.php(47): require_once('C:\\laragon\\www\\agrismart_ci4\\public\\index.php')
CRITICAL - 2023-12-02 16:16:42 --> Undefined variable $rotation
in APPPATH\Views\dashboard\main-croprotation.php on line 40.
 1 APPPATH\Views\dashboard\main-croprotation.php(40): CodeIgniter\Debug\Exceptions->errorHandler(2, 'Undefined variable $rotation', 'C:\\laragon\\www\\agrismart_ci4\\app\\Views\\dashboard\\main-croprotation.php', 40)
 2 SYSTEMPATH\View\View.php(228): include('C:\\laragon\\www\\agrismart_ci4\\app\\Views\\dashboard\\main-croprotation.php')
 3 SYSTEMPATH\View\View.php(231): CodeIgniter\View\View->CodeIgniter\View\{closure}()
 4 SYSTEMPATH\View\View.php(469): CodeIgniter\View\View->render('/dashboard/main-croprotation', null, true)
 5 APPPATH\Views\userfolder\croprotation.php(5): CodeIgniter\View\View->include('/dashboard/main-croprotation')
 6 SYSTEMPATH\View\View.php(228): include('C:\\laragon\\www\\agrismart_ci4\\app\\Views\\userfolder\\croprotation.php')
 7 SYSTEMPATH\View\View.php(231): CodeIgniter\View\View->CodeIgniter\View\{closure}()
 8 SYSTEMPATH\Common.php(1190): CodeIgniter\View\View->render('userfolder/croprotation', [], true)
 9 APPPATH\Controllers\DashboardController.php(161): view('userfolder/croprotation', [...])
10 SYSTEMPATH\CodeIgniter.php(942): App\Controllers\DashboardController->addnewrotation()
11 SYSTEMPATH\CodeIgniter.php(502): CodeIgniter\CodeIgniter->runController(Object(App\Controllers\DashboardController))
12 SYSTEMPATH\CodeIgniter.php(361): CodeIgniter\CodeIgniter->handleRequest(null, Object(Config\Cache), false)
13 FCPATH\index.php(79): CodeIgniter\CodeIgniter->run()
14 SYSTEMPATH\Commands\Server\rewrite.php(47): require_once('C:\\laragon\\www\\agrismart_ci4\\public\\index.php')
CRITICAL - 2023-12-02 16:17:01 --> Undefined variable $rotation
in APPPATH\Views\dashboard\main-croprotation.php on line 40.
 1 APPPATH\Views\dashboard\main-croprotation.php(40): CodeIgniter\Debug\Exceptions->errorHandler(2, 'Undefined variable $rotation', 'C:\\laragon\\www\\agrismart_ci4\\app\\Views\\dashboard\\main-croprotation.php', 40)
 2 SYSTEMPATH\View\View.php(228): include('C:\\laragon\\www\\agrismart_ci4\\app\\Views\\dashboard\\main-croprotation.php')
 3 SYSTEMPATH\View\View.php(231): CodeIgniter\View\View->CodeIgniter\View\{closure}()
 4 SYSTEMPATH\View\View.php(469): CodeIgniter\View\View->render('/dashboard/main-croprotation', null, true)
 5 APPPATH\Views\userfolder\croprotation.php(5): CodeIgniter\View\View->include('/dashboard/main-croprotation')
 6 SYSTEMPATH\View\View.php(228): include('C:\\laragon\\www\\agrismart_ci4\\app\\Views\\userfolder\\croprotation.php')
 7 SYSTEMPATH\View\View.php(231): CodeIgniter\View\View->CodeIgniter\View\{closure}()
 8 SYSTEMPATH\Common.php(1190): CodeIgniter\View\View->render('userfolder/croprotation', [], true)
 9 APPPATH\Controllers\DashboardController.php(161): view('userfolder/croprotation', [...])
10 SYSTEMPATH\CodeIgniter.php(942): App\Controllers\DashboardController->addnewrotation()
11 SYSTEMPATH\CodeIgniter.php(502): CodeIgniter\CodeIgniter->runController(Object(App\Controllers\DashboardController))
12 SYSTEMPATH\CodeIgniter.php(361): CodeIgniter\CodeIgniter->handleRequest(null, Object(Config\Cache), false)
13 FCPATH\index.php(79): CodeIgniter\CodeIgniter->run()
14 SYSTEMPATH\Commands\Server\rewrite.php(47): require_once('C:\\laragon\\www\\agrismart_ci4\\public\\index.php')
CRITICAL - 2023-12-02 16:21:55 --> Undefined variable $rotation
in APPPATH\Views\dashboard\main-croprotation.php on line 40.
 1 APPPATH\Views\dashboard\main-croprotation.php(40): CodeIgniter\Debug\Exceptions->errorHandler(2, 'Undefined variable $rotation', 'C:\\laragon\\www\\agrismart_ci4\\app\\Views\\dashboard\\main-croprotation.php', 40)
 2 SYSTEMPATH\View\View.php(228): include('C:\\laragon\\www\\agrismart_ci4\\app\\Views\\dashboard\\main-croprotation.php')
 3 SYSTEMPATH\View\View.php(231): CodeIgniter\View\View->CodeIgniter\View\{closure}()
 4 SYSTEMPATH\View\View.php(469): CodeIgniter\View\View->render('/dashboard/main-croprotation', null, true)
 5 APPPATH\Views\userfolder\croprotation.php(5): CodeIgniter\View\View->include('/dashboard/main-croprotation')
 6 SYSTEMPATH\View\View.php(228): include('C:\\laragon\\www\\agrismart_ci4\\app\\Views\\userfolder\\croprotation.php')
 7 SYSTEMPATH\View\View.php(231): CodeIgniter\View\View->CodeIgniter\View\{closure}()
 8 SYSTEMPATH\Common.php(1190): CodeIgniter\View\View->render('userfolder/croprotation', [], true)
 9 APPPATH\Controllers\DashboardController.php(161): view('userfolder/croprotation', [...])
10 SYSTEMPATH\CodeIgniter.php(942): App\Controllers\DashboardController->addnewrotation()
11 SYSTEMPATH\CodeIgniter.php(502): CodeIgniter\CodeIgniter->runController(Object(App\Controllers\DashboardController))
12 SYSTEMPATH\CodeIgniter.php(361): CodeIgniter\CodeIgniter->handleRequest(null, Object(Config\Cache), false)
13 FCPATH\index.php(79): CodeIgniter\CodeIgniter->run()
14 SYSTEMPATH\Commands\Server\rewrite.php(47): require_once('C:\\laragon\\www\\agrismart_ci4\\public\\index.php')
CRITICAL - 2023-12-02 16:24:23 --> Undefined variable $rotation
in APPPATH\Views\dashboard\main-croprotation.php on line 40.
 1 APPPATH\Views\dashboard\main-croprotation.php(40): CodeIgniter\Debug\Exceptions->errorHandler(2, 'Undefined variable $rotation', 'C:\\laragon\\www\\agrismart_ci4\\app\\Views\\dashboard\\main-croprotation.php', 40)
 2 SYSTEMPATH\View\View.php(228): include('C:\\laragon\\www\\agrismart_ci4\\app\\Views\\dashboard\\main-croprotation.php')
 3 SYSTEMPATH\View\View.php(231): CodeIgniter\View\View->CodeIgniter\View\{closure}()
 4 SYSTEMPATH\View\View.php(469): CodeIgniter\View\View->render('/dashboard/main-croprotation', null, true)
 5 APPPATH\Views\userfolder\croprotation.php(5): CodeIgniter\View\View->include('/dashboard/main-croprotation')
 6 SYSTEMPATH\View\View.php(228): include('C:\\laragon\\www\\agrismart_ci4\\app\\Views\\userfolder\\croprotation.php')
 7 SYSTEMPATH\View\View.php(231): CodeIgniter\View\View->CodeIgniter\View\{closure}()
 8 SYSTEMPATH\Common.php(1190): CodeIgniter\View\View->render('userfolder/croprotation', [], true)
 9 APPPATH\Controllers\DashboardController.php(161): view('userfolder/croprotation', [...])
10 SYSTEMPATH\CodeIgniter.php(942): App\Controllers\DashboardController->addnewrotation()
11 SYSTEMPATH\CodeIgniter.php(502): CodeIgniter\CodeIgniter->runController(Object(App\Controllers\DashboardController))
12 SYSTEMPATH\CodeIgniter.php(361): CodeIgniter\CodeIgniter->handleRequest(null, Object(Config\Cache), false)
13 FCPATH\index.php(79): CodeIgniter\CodeIgniter->run()
14 SYSTEMPATH\Commands\Server\rewrite.php(47): require_once('C:\\laragon\\www\\agrismart_ci4\\public\\index.php')
CRITICAL - 2023-12-02 16:24:39 --> Undefined variable $rotation
in APPPATH\Views\dashboard\main-croprotation.php on line 40.
 1 APPPATH\Views\dashboard\main-croprotation.php(40): CodeIgniter\Debug\Exceptions->errorHandler(2, 'Undefined variable $rotation', 'C:\\laragon\\www\\agrismart_ci4\\app\\Views\\dashboard\\main-croprotation.php', 40)
 2 SYSTEMPATH\View\View.php(228): include('C:\\laragon\\www\\agrismart_ci4\\app\\Views\\dashboard\\main-croprotation.php')
 3 SYSTEMPATH\View\View.php(231): CodeIgniter\View\View->CodeIgniter\View\{closure}()
 4 SYSTEMPATH\View\View.php(469): CodeIgniter\View\View->render('/dashboard/main-croprotation', null, true)
 5 APPPATH\Views\userfolder\croprotation.php(5): CodeIgniter\View\View->include('/dashboard/main-croprotation')
 6 SYSTEMPATH\View\View.php(228): include('C:\\laragon\\www\\agrismart_ci4\\app\\Views\\userfolder\\croprotation.php')
 7 SYSTEMPATH\View\View.php(231): CodeIgniter\View\View->CodeIgniter\View\{closure}()
 8 SYSTEMPATH\Common.php(1190): CodeIgniter\View\View->render('userfolder/croprotation', [], true)
 9 APPPATH\Controllers\DashboardController.php(161): view('userfolder/croprotation', [...])
10 SYSTEMPATH\CodeIgniter.php(942): App\Controllers\DashboardController->addnewrotation()
11 SYSTEMPATH\CodeIgniter.php(502): CodeIgniter\CodeIgniter->runController(Object(App\Controllers\DashboardController))
12 SYSTEMPATH\CodeIgniter.php(361): CodeIgniter\CodeIgniter->handleRequest(null, Object(Config\Cache), false)
13 FCPATH\index.php(79): CodeIgniter\CodeIgniter->run()
14 SYSTEMPATH\Commands\Server\rewrite.php(47): require_once('C:\\laragon\\www\\agrismart_ci4\\public\\index.php')
CRITICAL - 2023-12-02 16:26:23 --> Undefined variable $rotation
in APPPATH\Views\dashboard\main-croprotation.php on line 40.
 1 APPPATH\Views\dashboard\main-croprotation.php(40): CodeIgniter\Debug\Exceptions->errorHandler(2, 'Undefined variable $rotation', 'C:\\laragon\\www\\agrismart_ci4\\app\\Views\\dashboard\\main-croprotation.php', 40)
 2 SYSTEMPATH\View\View.php(228): include('C:\\laragon\\www\\agrismart_ci4\\app\\Views\\dashboard\\main-croprotation.php')
 3 SYSTEMPATH\View\View.php(231): CodeIgniter\View\View->CodeIgniter\View\{closure}()
 4 SYSTEMPATH\View\View.php(469): CodeIgniter\View\View->render('/dashboard/main-croprotation', null, true)
 5 APPPATH\Views\userfolder\croprotation.php(5): CodeIgniter\View\View->include('/dashboard/main-croprotation')
 6 SYSTEMPATH\View\View.php(228): include('C:\\laragon\\www\\agrismart_ci4\\app\\Views\\userfolder\\croprotation.php')
 7 SYSTEMPATH\View\View.php(231): CodeIgniter\View\View->CodeIgniter\View\{closure}()
 8 SYSTEMPATH\Common.php(1190): CodeIgniter\View\View->render('userfolder/croprotation', [], true)
 9 APPPATH\Controllers\DashboardController.php(158): view('userfolder/croprotation', [...])
10 SYSTEMPATH\CodeIgniter.php(942): App\Controllers\DashboardController->addnewrotation()
11 SYSTEMPATH\CodeIgniter.php(502): CodeIgniter\CodeIgniter->runController(Object(App\Controllers\DashboardController))
12 SYSTEMPATH\CodeIgniter.php(361): CodeIgniter\CodeIgniter->handleRequest(null, Object(Config\Cache), false)
13 FCPATH\index.php(79): CodeIgniter\CodeIgniter->run()
14 SYSTEMPATH\Commands\Server\rewrite.php(47): require_once('C:\\laragon\\www\\agrismart_ci4\\public\\index.php')
CRITICAL - 2023-12-02 16:26:28 --> Undefined variable $rotation
in APPPATH\Views\dashboard\main-croprotation.php on line 40.
 1 APPPATH\Views\dashboard\main-croprotation.php(40): CodeIgniter\Debug\Exceptions->errorHandler(2, 'Undefined variable $rotation', 'C:\\laragon\\www\\agrismart_ci4\\app\\Views\\dashboard\\main-croprotation.php', 40)
 2 SYSTEMPATH\View\View.php(228): include('C:\\laragon\\www\\agrismart_ci4\\app\\Views\\dashboard\\main-croprotation.php')
 3 SYSTEMPATH\View\View.php(231): CodeIgniter\View\View->CodeIgniter\View\{closure}()
 4 SYSTEMPATH\View\View.php(469): CodeIgniter\View\View->render('/dashboard/main-croprotation', null, true)
 5 APPPATH\Views\userfolder\croprotation.php(5): CodeIgniter\View\View->include('/dashboard/main-croprotation')
 6 SYSTEMPATH\View\View.php(228): include('C:\\laragon\\www\\agrismart_ci4\\app\\Views\\userfolder\\croprotation.php')
 7 SYSTEMPATH\View\View.php(231): CodeIgniter\View\View->CodeIgniter\View\{closure}()
 8 SYSTEMPATH\Common.php(1190): CodeIgniter\View\View->render('userfolder/croprotation', [], true)
 9 APPPATH\Controllers\DashboardController.php(158): view('userfolder/croprotation', [...])
10 SYSTEMPATH\CodeIgniter.php(942): App\Controllers\DashboardController->addnewrotation()
11 SYSTEMPATH\CodeIgniter.php(502): CodeIgniter\CodeIgniter->runController(Object(App\Controllers\DashboardController))
12 SYSTEMPATH\CodeIgniter.php(361): CodeIgniter\CodeIgniter->handleRequest(null, Object(Config\Cache), false)
13 FCPATH\index.php(79): CodeIgniter\CodeIgniter->run()
14 SYSTEMPATH\Commands\Server\rewrite.php(47): require_once('C:\\laragon\\www\\agrismart_ci4\\public\\index.php')
CRITICAL - 2023-12-02 16:37:48 --> Invalid file: "rotation/add.php"
in SYSTEMPATH\Exceptions\FrameworkException.php on line 39.
 1 SYSTEMPATH\View\View.php(216): CodeIgniter\Exceptions\FrameworkException::forInvalidFile('rotation/add.php')
 2 SYSTEMPATH\Common.php(1190): CodeIgniter\View\View->render('rotation/add', [], true)
 3 APPPATH\Controllers\DashboardController.php(166): view('rotation/add', [...])
 4 SYSTEMPATH\CodeIgniter.php(942): App\Controllers\DashboardController->addnewrotation()
 5 SYSTEMPATH\CodeIgniter.php(502): CodeIgniter\CodeIgniter->runController(Object(App\Controllers\DashboardController))
 6 SYSTEMPATH\CodeIgniter.php(361): CodeIgniter\CodeIgniter->handleRequest(null, Object(Config\Cache), false)
 7 FCPATH\index.php(79): CodeIgniter\CodeIgniter->run()
 8 SYSTEMPATH\Commands\Server\rewrite.php(47): require_once('C:\\laragon\\www\\agrismart_ci4\\public\\index.php')
CRITICAL - 2023-12-02 16:38:07 --> Undefined variable $rotation
in APPPATH\Views\dashboard\main-croprotation.php on line 40.
 1 APPPATH\Views\dashboard\main-croprotation.php(40): CodeIgniter\Debug\Exceptions->errorHandler(2, 'Undefined variable $rotation', 'C:\\laragon\\www\\agrismart_ci4\\app\\Views\\dashboard\\main-croprotation.php', 40)
 2 SYSTEMPATH\View\View.php(228): include('C:\\laragon\\www\\agrismart_ci4\\app\\Views\\dashboard\\main-croprotation.php')
 3 SYSTEMPATH\View\View.php(231): CodeIgniter\View\View->CodeIgniter\View\{closure}()
 4 SYSTEMPATH\View\View.php(469): CodeIgniter\View\View->render('/dashboard/main-croprotation', null, true)
 5 APPPATH\Views\userfolder\croprotation.php(5): CodeIgniter\View\View->include('/dashboard/main-croprotation')
 6 SYSTEMPATH\View\View.php(228): include('C:\\laragon\\www\\agrismart_ci4\\app\\Views\\userfolder\\croprotation.php')
 7 SYSTEMPATH\View\View.php(231): CodeIgniter\View\View->CodeIgniter\View\{closure}()
 8 SYSTEMPATH\Common.php(1190): CodeIgniter\View\View->render('userfolder/croprotation', [], true)
 9 APPPATH\Controllers\DashboardController.php(161): view('userfolder/croprotation', [...])
10 SYSTEMPATH\CodeIgniter.php(942): App\Controllers\DashboardController->addnewrotation()
11 SYSTEMPATH\CodeIgniter.php(502): CodeIgniter\CodeIgniter->runController(Object(App\Controllers\DashboardController))
12 SYSTEMPATH\CodeIgniter.php(361): CodeIgniter\CodeIgniter->handleRequest(null, Object(Config\Cache), false)
13 FCPATH\index.php(79): CodeIgniter\CodeIgniter->run()
14 SYSTEMPATH\Commands\Server\rewrite.php(47): require_once('C:\\laragon\\www\\agrismart_ci4\\public\\index.php')
CRITICAL - 2023-12-02 16:40:29 --> Undefined variable $rotation
in APPPATH\Views\dashboard\main-croprotation.php on line 40.
 1 APPPATH\Views\dashboard\main-croprotation.php(40): CodeIgniter\Debug\Exceptions->errorHandler(2, 'Undefined variable $rotation', 'C:\\laragon\\www\\agrismart_ci4\\app\\Views\\dashboard\\main-croprotation.php', 40)
 2 SYSTEMPATH\View\View.php(228): include('C:\\laragon\\www\\agrismart_ci4\\app\\Views\\dashboard\\main-croprotation.php')
 3 SYSTEMPATH\View\View.php(231): CodeIgniter\View\View->CodeIgniter\View\{closure}()
 4 SYSTEMPATH\View\View.php(469): CodeIgniter\View\View->render('/dashboard/main-croprotation', null, true)
 5 APPPATH\Views\userfolder\croprotation.php(5): CodeIgniter\View\View->include('/dashboard/main-croprotation')
 6 SYSTEMPATH\View\View.php(228): include('C:\\laragon\\www\\agrismart_ci4\\app\\Views\\userfolder\\croprotation.php')
 7 SYSTEMPATH\View\View.php(231): CodeIgniter\View\View->CodeIgniter\View\{closure}()
 8 SYSTEMPATH\Common.php(1190): CodeIgniter\View\View->render('userfolder/croprotation', [], true)
 9 APPPATH\Controllers\DashboardController.php(161): view('userfolder/croprotation', [...])
10 SYSTEMPATH\CodeIgniter.php(942): App\Controllers\DashboardController->addnewrotation()
11 SYSTEMPATH\CodeIgniter.php(502): CodeIgniter\CodeIgniter->runController(Object(App\Controllers\DashboardController))
12 SYSTEMPATH\CodeIgniter.php(361): CodeIgniter\CodeIgniter->handleRequest(null, Object(Config\Cache), false)
13 FCPATH\index.php(79): CodeIgniter\CodeIgniter->run()
14 SYSTEMPATH\Commands\Server\rewrite.php(47): require_once('C:\\laragon\\www\\agrismart_ci4\\public\\index.php')
CRITICAL - 2023-12-02 16:49:17 --> Undefined variable $rotation
in APPPATH\Views\dashboard\main-croprotation.php on line 40.
 1 APPPATH\Views\dashboard\main-croprotation.php(40): CodeIgniter\Debug\Exceptions->errorHandler(2, 'Undefined variable $rotation', 'C:\\laragon\\www\\agrismart_ci4\\app\\Views\\dashboard\\main-croprotation.php', 40)
 2 SYSTEMPATH\View\View.php(228): include('C:\\laragon\\www\\agrismart_ci4\\app\\Views\\dashboard\\main-croprotation.php')
 3 SYSTEMPATH\View\View.php(231): CodeIgniter\View\View->CodeIgniter\View\{closure}()
 4 SYSTEMPATH\View\View.php(469): CodeIgniter\View\View->render('/dashboard/main-croprotation', null, true)
 5 APPPATH\Views\userfolder\croprotation.php(5): CodeIgniter\View\View->include('/dashboard/main-croprotation')
 6 SYSTEMPATH\View\View.php(228): include('C:\\laragon\\www\\agrismart_ci4\\app\\Views\\userfolder\\croprotation.php')
 7 SYSTEMPATH\View\View.php(231): CodeIgniter\View\View->CodeIgniter\View\{closure}()
 8 SYSTEMPATH\Common.php(1190): CodeIgniter\View\View->render('userfolder/croprotation', [], true)
 9 APPPATH\Controllers\DashboardController.php(161): view('userfolder/croprotation', [...])
10 SYSTEMPATH\CodeIgniter.php(942): App\Controllers\DashboardController->addnewrotation()
11 SYSTEMPATH\CodeIgniter.php(502): CodeIgniter\CodeIgniter->runController(Object(App\Controllers\DashboardController))
12 SYSTEMPATH\CodeIgniter.php(361): CodeIgniter\CodeIgniter->handleRequest(null, Object(Config\Cache), false)
13 FCPATH\index.php(79): CodeIgniter\CodeIgniter->run()
14 SYSTEMPATH\Commands\Server\rewrite.php(47): require_once('C:\\laragon\\www\\agrismart_ci4\\public\\index.php')
CRITICAL - 2023-12-02 16:58:13 --> Undefined variable $rotation
in APPPATH\Views\dashboard\main-croprotation.php on line 40.
 1 APPPATH\Views\dashboard\main-croprotation.php(40): CodeIgniter\Debug\Exceptions->errorHandler(2, 'Undefined variable $rotation', 'C:\\laragon\\www\\agrismart_ci4\\app\\Views\\dashboard\\main-croprotation.php', 40)
 2 SYSTEMPATH\View\View.php(228): include('C:\\laragon\\www\\agrismart_ci4\\app\\Views\\dashboard\\main-croprotation.php')
 3 SYSTEMPATH\View\View.php(231): CodeIgniter\View\View->CodeIgniter\View\{closure}()
 4 SYSTEMPATH\View\View.php(469): CodeIgniter\View\View->render('/dashboard/main-croprotation', null, true)
 5 APPPATH\Views\userfolder\croprotation.php(5): CodeIgniter\View\View->include('/dashboard/main-croprotation')
 6 SYSTEMPATH\View\View.php(228): include('C:\\laragon\\www\\agrismart_ci4\\app\\Views\\userfolder\\croprotation.php')
 7 SYSTEMPATH\View\View.php(231): CodeIgniter\View\View->CodeIgniter\View\{closure}()
 8 SYSTEMPATH\Common.php(1190): CodeIgniter\View\View->render('userfolder/croprotation', [], true)
 9 APPPATH\Controllers\CropRotationController.php(34): view('userfolder/croprotation', [...])
10 SYSTEMPATH\CodeIgniter.php(942): App\Controllers\CropRotationController->addnewrotation()
11 SYSTEMPATH\CodeIgniter.php(502): CodeIgniter\CodeIgniter->runController(Object(App\Controllers\CropRotationController))
12 SYSTEMPATH\CodeIgniter.php(361): CodeIgniter\CodeIgniter->handleRequest(null, Object(Config\Cache), false)
13 FCPATH\index.php(79): CodeIgniter\CodeIgniter->run()
14 SYSTEMPATH\Commands\Server\rewrite.php(47): require_once('C:\\laragon\\www\\agrismart_ci4\\public\\index.php')
CRITICAL - 2023-12-02 16:59:31 --> Undefined variable $rotation
in APPPATH\Views\dashboard\main-croprotation.php on line 40.
 1 APPPATH\Views\dashboard\main-croprotation.php(40): CodeIgniter\Debug\Exceptions->errorHandler(2, 'Undefined variable $rotation', 'C:\\laragon\\www\\agrismart_ci4\\app\\Views\\dashboard\\main-croprotation.php', 40)
 2 SYSTEMPATH\View\View.php(228): include('C:\\laragon\\www\\agrismart_ci4\\app\\Views\\dashboard\\main-croprotation.php')
 3 SYSTEMPATH\View\View.php(231): CodeIgniter\View\View->CodeIgniter\View\{closure}()
 4 SYSTEMPATH\View\View.php(469): CodeIgniter\View\View->render('/dashboard/main-croprotation', null, true)
 5 APPPATH\Views\userfolder\croprotation.php(5): CodeIgniter\View\View->include('/dashboard/main-croprotation')
 6 SYSTEMPATH\View\View.php(228): include('C:\\laragon\\www\\agrismart_ci4\\app\\Views\\userfolder\\croprotation.php')
 7 SYSTEMPATH\View\View.php(231): CodeIgniter\View\View->CodeIgniter\View\{closure}()
 8 SYSTEMPATH\Common.php(1190): CodeIgniter\View\View->render('userfolder/croprotation', [], true)
 9 APPPATH\Controllers\DashboardController.php(161): view('userfolder/croprotation', [...])
10 SYSTEMPATH\CodeIgniter.php(942): App\Controllers\DashboardController->addnewrotation()
11 SYSTEMPATH\CodeIgniter.php(502): CodeIgniter\CodeIgniter->runController(Object(App\Controllers\DashboardController))
12 SYSTEMPATH\CodeIgniter.php(361): CodeIgniter\CodeIgniter->handleRequest(null, Object(Config\Cache), false)
13 FCPATH\index.php(79): CodeIgniter\CodeIgniter->run()
14 SYSTEMPATH\Commands\Server\rewrite.php(47): require_once('C:\\laragon\\www\\agrismart_ci4\\public\\index.php')
CRITICAL - 2023-12-02 17:00:18 --> Undefined variable $rotation
in APPPATH\Views\dashboard\main-croprotation.php on line 40.
 1 APPPATH\Views\dashboard\main-croprotation.php(40): CodeIgniter\Debug\Exceptions->errorHandler(2, 'Undefined variable $rotation', 'C:\\laragon\\www\\agrismart_ci4\\app\\Views\\dashboard\\main-croprotation.php', 40)
 2 SYSTEMPATH\View\View.php(228): include('C:\\laragon\\www\\agrismart_ci4\\app\\Views\\dashboard\\main-croprotation.php')
 3 SYSTEMPATH\View\View.php(231): CodeIgniter\View\View->CodeIgniter\View\{closure}()
 4 SYSTEMPATH\View\View.php(469): CodeIgniter\View\View->render('/dashboard/main-croprotation', null, true)
 5 APPPATH\Views\userfolder\croprotation.php(5): CodeIgniter\View\View->include('/dashboard/main-croprotation')
 6 SYSTEMPATH\View\View.php(228): include('C:\\laragon\\www\\agrismart_ci4\\app\\Views\\userfolder\\croprotation.php')
 7 SYSTEMPATH\View\View.php(231): CodeIgniter\View\View->CodeIgniter\View\{closure}()
 8 SYSTEMPATH\Common.php(1190): CodeIgniter\View\View->render('userfolder/croprotation', [], true)
 9 APPPATH\Controllers\DashboardController.php(165): view('userfolder/croprotation', [...])
10 SYSTEMPATH\CodeIgniter.php(942): App\Controllers\DashboardController->addnewrotation()
11 SYSTEMPATH\CodeIgniter.php(502): CodeIgniter\CodeIgniter->runController(Object(App\Controllers\DashboardController))
12 SYSTEMPATH\CodeIgniter.php(361): CodeIgniter\CodeIgniter->handleRequest(null, Object(Config\Cache), false)
13 FCPATH\index.php(79): CodeIgniter\CodeIgniter->run()
14 SYSTEMPATH\Commands\Server\rewrite.php(47): require_once('C:\\laragon\\www\\agrismart_ci4\\public\\index.php')
CRITICAL - 2023-12-02 17:00:25 --> Undefined variable $rotation
in APPPATH\Views\dashboard\main-croprotation.php on line 40.
 1 APPPATH\Views\dashboard\main-croprotation.php(40): CodeIgniter\Debug\Exceptions->errorHandler(2, 'Undefined variable $rotation', 'C:\\laragon\\www\\agrismart_ci4\\app\\Views\\dashboard\\main-croprotation.php', 40)
 2 SYSTEMPATH\View\View.php(228): include('C:\\laragon\\www\\agrismart_ci4\\app\\Views\\dashboard\\main-croprotation.php')
 3 SYSTEMPATH\View\View.php(231): CodeIgniter\View\View->CodeIgniter\View\{closure}()
 4 SYSTEMPATH\View\View.php(469): CodeIgniter\View\View->render('/dashboard/main-croprotation', null, true)
 5 APPPATH\Views\userfolder\croprotation.php(5): CodeIgniter\View\View->include('/dashboard/main-croprotation')
 6 SYSTEMPATH\View\View.php(228): include('C:\\laragon\\www\\agrismart_ci4\\app\\Views\\userfolder\\croprotation.php')
 7 SYSTEMPATH\View\View.php(231): CodeIgniter\View\View->CodeIgniter\View\{closure}()
 8 SYSTEMPATH\Common.php(1190): CodeIgniter\View\View->render('userfolder/croprotation', [], true)
 9 APPPATH\Controllers\DashboardController.php(165): view('userfolder/croprotation', [...])
10 SYSTEMPATH\CodeIgniter.php(942): App\Controllers\DashboardController->addnewrotation()
11 SYSTEMPATH\CodeIgniter.php(502): CodeIgniter\CodeIgniter->runController(Object(App\Controllers\DashboardController))
12 SYSTEMPATH\CodeIgniter.php(361): CodeIgniter\CodeIgniter->handleRequest(null, Object(Config\Cache), false)
13 FCPATH\index.php(79): CodeIgniter\CodeIgniter->run()
14 SYSTEMPATH\Commands\Server\rewrite.php(47): require_once('C:\\laragon\\www\\agrismart_ci4\\public\\index.php')
CRITICAL - 2023-12-02 17:01:58 --> Undefined variable $rotation
in APPPATH\Views\dashboard\main-croprotation.php on line 40.
 1 APPPATH\Views\dashboard\main-croprotation.php(40): CodeIgniter\Debug\Exceptions->errorHandler(2, 'Undefined variable $rotation', 'C:\\laragon\\www\\agrismart_ci4\\app\\Views\\dashboard\\main-croprotation.php', 40)
 2 SYSTEMPATH\View\View.php(228): include('C:\\laragon\\www\\agrismart_ci4\\app\\Views\\dashboard\\main-croprotation.php')
 3 SYSTEMPATH\View\View.php(231): CodeIgniter\View\View->CodeIgniter\View\{closure}()
 4 SYSTEMPATH\View\View.php(469): CodeIgniter\View\View->render('/dashboard/main-croprotation', null, true)
 5 APPPATH\Views\userfolder\croprotation.php(5): CodeIgniter\View\View->include('/dashboard/main-croprotation')
 6 SYSTEMPATH\View\View.php(228): include('C:\\laragon\\www\\agrismart_ci4\\app\\Views\\userfolder\\croprotation.php')
 7 SYSTEMPATH\View\View.php(231): CodeIgniter\View\View->CodeIgniter\View\{closure}()
 8 SYSTEMPATH\Common.php(1190): CodeIgniter\View\View->render('userfolder/croprotation', [], true)
 9 APPPATH\Controllers\DashboardController.php(165): view('userfolder/croprotation', [...])
10 SYSTEMPATH\CodeIgniter.php(942): App\Controllers\DashboardController->addnewrotation()
11 SYSTEMPATH\CodeIgniter.php(502): CodeIgniter\CodeIgniter->runController(Object(App\Controllers\DashboardController))
12 SYSTEMPATH\CodeIgniter.php(361): CodeIgniter\CodeIgniter->handleRequest(null, Object(Config\Cache), false)
13 FCPATH\index.php(79): CodeIgniter\CodeIgniter->run()
14 SYSTEMPATH\Commands\Server\rewrite.php(47): require_once('C:\\laragon\\www\\agrismart_ci4\\public\\index.php')
CRITICAL - 2023-12-02 17:02:00 --> Undefined variable $rotation
in APPPATH\Views\dashboard\main-croprotation.php on line 40.
 1 APPPATH\Views\dashboard\main-croprotation.php(40): CodeIgniter\Debug\Exceptions->errorHandler(2, 'Undefined variable $rotation', 'C:\\laragon\\www\\agrismart_ci4\\app\\Views\\dashboard\\main-croprotation.php', 40)
 2 SYSTEMPATH\View\View.php(228): include('C:\\laragon\\www\\agrismart_ci4\\app\\Views\\dashboard\\main-croprotation.php')
 3 SYSTEMPATH\View\View.php(231): CodeIgniter\View\View->CodeIgniter\View\{closure}()
 4 SYSTEMPATH\View\View.php(469): CodeIgniter\View\View->render('/dashboard/main-croprotation', null, true)
 5 APPPATH\Views\userfolder\croprotation.php(5): CodeIgniter\View\View->include('/dashboard/main-croprotation')
 6 SYSTEMPATH\View\View.php(228): include('C:\\laragon\\www\\agrismart_ci4\\app\\Views\\userfolder\\croprotation.php')
 7 SYSTEMPATH\View\View.php(231): CodeIgniter\View\View->CodeIgniter\View\{closure}()
 8 SYSTEMPATH\Common.php(1190): CodeIgniter\View\View->render('userfolder/croprotation', [], true)
 9 APPPATH\Controllers\DashboardController.php(165): view('userfolder/croprotation', [...])
10 SYSTEMPATH\CodeIgniter.php(942): App\Controllers\DashboardController->addnewrotation()
11 SYSTEMPATH\CodeIgniter.php(502): CodeIgniter\CodeIgniter->runController(Object(App\Controllers\DashboardController))
12 SYSTEMPATH\CodeIgniter.php(361): CodeIgniter\CodeIgniter->handleRequest(null, Object(Config\Cache), false)
13 FCPATH\index.php(79): CodeIgniter\CodeIgniter->run()
14 SYSTEMPATH\Commands\Server\rewrite.php(47): require_once('C:\\laragon\\www\\agrismart_ci4\\public\\index.php')
CRITICAL - 2023-12-02 17:02:25 --> Undefined variable $rotation
in APPPATH\Views\dashboard\main-croprotation.php on line 40.
 1 APPPATH\Views\dashboard\main-croprotation.php(40): CodeIgniter\Debug\Exceptions->errorHandler(2, 'Undefined variable $rotation', 'C:\\laragon\\www\\agrismart_ci4\\app\\Views\\dashboard\\main-croprotation.php', 40)
 2 SYSTEMPATH\View\View.php(228): include('C:\\laragon\\www\\agrismart_ci4\\app\\Views\\dashboard\\main-croprotation.php')
 3 SYSTEMPATH\View\View.php(231): CodeIgniter\View\View->CodeIgniter\View\{closure}()
 4 SYSTEMPATH\View\View.php(469): CodeIgniter\View\View->render('/dashboard/main-croprotation', null, true)
 5 APPPATH\Views\userfolder\croprotation.php(5): CodeIgniter\View\View->include('/dashboard/main-croprotation')
 6 SYSTEMPATH\View\View.php(228): include('C:\\laragon\\www\\agrismart_ci4\\app\\Views\\userfolder\\croprotation.php')
 7 SYSTEMPATH\View\View.php(231): CodeIgniter\View\View->CodeIgniter\View\{closure}()
 8 SYSTEMPATH\Common.php(1190): CodeIgniter\View\View->render('userfolder/croprotation', [], true)
 9 APPPATH\Controllers\DashboardController.php(165): view('userfolder/croprotation', [...])
10 SYSTEMPATH\CodeIgniter.php(942): App\Controllers\DashboardController->addnewrotation()
11 SYSTEMPATH\CodeIgniter.php(502): CodeIgniter\CodeIgniter->runController(Object(App\Controllers\DashboardController))
12 SYSTEMPATH\CodeIgniter.php(361): CodeIgniter\CodeIgniter->handleRequest(null, Object(Config\Cache), false)
13 FCPATH\index.php(79): CodeIgniter\CodeIgniter->run()
14 SYSTEMPATH\Commands\Server\rewrite.php(47): require_once('C:\\laragon\\www\\agrismart_ci4\\public\\index.php')
CRITICAL - 2023-12-02 17:11:13 --> Undefined variable $rotation
in APPPATH\Views\dashboard\main-croprotation.php on line 40.
 1 APPPATH\Views\dashboard\main-croprotation.php(40): CodeIgniter\Debug\Exceptions->errorHandler(2, 'Undefined variable $rotation', 'C:\\laragon\\www\\agrismart_ci4\\app\\Views\\dashboard\\main-croprotation.php', 40)
 2 SYSTEMPATH\View\View.php(228): include('C:\\laragon\\www\\agrismart_ci4\\app\\Views\\dashboard\\main-croprotation.php')
 3 SYSTEMPATH\View\View.php(231): CodeIgniter\View\View->CodeIgniter\View\{closure}()
 4 SYSTEMPATH\View\View.php(469): CodeIgniter\View\View->render('/dashboard/main-croprotation', null, true)
 5 APPPATH\Views\userfolder\croprotation.php(5): CodeIgniter\View\View->include('/dashboard/main-croprotation')
 6 SYSTEMPATH\View\View.php(228): include('C:\\laragon\\www\\agrismart_ci4\\app\\Views\\userfolder\\croprotation.php')
 7 SYSTEMPATH\View\View.php(231): CodeIgniter\View\View->CodeIgniter\View\{closure}()
 8 SYSTEMPATH\Common.php(1190): CodeIgniter\View\View->render('userfolder/croprotation', [], true)
 9 APPPATH\Controllers\DashboardController.php(165): view('userfolder/croprotation', [...])
10 SYSTEMPATH\CodeIgniter.php(942): App\Controllers\DashboardController->addnewrotation()
11 SYSTEMPATH\CodeIgniter.php(502): CodeIgniter\CodeIgniter->runController(Object(App\Controllers\DashboardController))
12 SYSTEMPATH\CodeIgniter.php(361): CodeIgniter\CodeIgniter->handleRequest(null, Object(Config\Cache), false)
13 FCPATH\index.php(79): CodeIgniter\CodeIgniter->run()
14 SYSTEMPATH\Commands\Server\rewrite.php(47): require_once('C:\\laragon\\www\\agrismart_ci4\\public\\index.php')
CRITICAL - 2023-12-02 17:11:18 --> Undefined variable $rotation
in APPPATH\Views\dashboard\main-croprotation.php on line 40.
 1 APPPATH\Views\dashboard\main-croprotation.php(40): CodeIgniter\Debug\Exceptions->errorHandler(2, 'Undefined variable $rotation', 'C:\\laragon\\www\\agrismart_ci4\\app\\Views\\dashboard\\main-croprotation.php', 40)
 2 SYSTEMPATH\View\View.php(228): include('C:\\laragon\\www\\agrismart_ci4\\app\\Views\\dashboard\\main-croprotation.php')
 3 SYSTEMPATH\View\View.php(231): CodeIgniter\View\View->CodeIgniter\View\{closure}()
 4 SYSTEMPATH\View\View.php(469): CodeIgniter\View\View->render('/dashboard/main-croprotation', null, true)
 5 APPPATH\Views\userfolder\croprotation.php(5): CodeIgniter\View\View->include('/dashboard/main-croprotation')
 6 SYSTEMPATH\View\View.php(228): include('C:\\laragon\\www\\agrismart_ci4\\app\\Views\\userfolder\\croprotation.php')
 7 SYSTEMPATH\View\View.php(231): CodeIgniter\View\View->CodeIgniter\View\{closure}()
 8 SYSTEMPATH\Common.php(1190): CodeIgniter\View\View->render('userfolder/croprotation', [], true)
 9 APPPATH\Controllers\DashboardController.php(165): view('userfolder/croprotation', [...])
10 SYSTEMPATH\CodeIgniter.php(942): App\Controllers\DashboardController->addnewrotation()
11 SYSTEMPATH\CodeIgniter.php(502): CodeIgniter\CodeIgniter->runController(Object(App\Controllers\DashboardController))
12 SYSTEMPATH\CodeIgniter.php(361): CodeIgniter\CodeIgniter->handleRequest(null, Object(Config\Cache), false)
13 FCPATH\index.php(79): CodeIgniter\CodeIgniter->run()
14 SYSTEMPATH\Commands\Server\rewrite.php(47): require_once('C:\\laragon\\www\\agrismart_ci4\\public\\index.php')
CRITICAL - 2023-12-02 17:12:39 --> Undefined variable $rotation
in APPPATH\Views\dashboard\main-croprotation.php on line 40.
 1 APPPATH\Views\dashboard\main-croprotation.php(40): CodeIgniter\Debug\Exceptions->errorHandler(2, 'Undefined variable $rotation', 'C:\\laragon\\www\\agrismart_ci4\\app\\Views\\dashboard\\main-croprotation.php', 40)
 2 SYSTEMPATH\View\View.php(228): include('C:\\laragon\\www\\agrismart_ci4\\app\\Views\\dashboard\\main-croprotation.php')
 3 SYSTEMPATH\View\View.php(231): CodeIgniter\View\View->CodeIgniter\View\{closure}()
 4 SYSTEMPATH\View\View.php(469): CodeIgniter\View\View->render('/dashboard/main-croprotation', null, true)
 5 APPPATH\Views\userfolder\croprotation.php(5): CodeIgniter\View\View->include('/dashboard/main-croprotation')
 6 SYSTEMPATH\View\View.php(228): include('C:\\laragon\\www\\agrismart_ci4\\app\\Views\\userfolder\\croprotation.php')
 7 SYSTEMPATH\View\View.php(231): CodeIgniter\View\View->CodeIgniter\View\{closure}()
 8 SYSTEMPATH\Common.php(1190): CodeIgniter\View\View->render('userfolder/croprotation', [], true)
 9 APPPATH\Controllers\DashboardController.php(175): view('userfolder/croprotation', [...])
10 SYSTEMPATH\CodeIgniter.php(942): App\Controllers\DashboardController->addnewrotation()
11 SYSTEMPATH\CodeIgniter.php(502): CodeIgniter\CodeIgniter->runController(Object(App\Controllers\DashboardController))
12 SYSTEMPATH\CodeIgniter.php(361): CodeIgniter\CodeIgniter->handleRequest(null, Object(Config\Cache), false)
13 FCPATH\index.php(79): CodeIgniter\CodeIgniter->run()
14 SYSTEMPATH\Commands\Server\rewrite.php(47): require_once('C:\\laragon\\www\\agrismart_ci4\\public\\index.php')
CRITICAL - 2023-12-02 17:12:43 --> Undefined variable $rotation
in APPPATH\Views\dashboard\main-croprotation.php on line 40.
 1 APPPATH\Views\dashboard\main-croprotation.php(40): CodeIgniter\Debug\Exceptions->errorHandler(2, 'Undefined variable $rotation', 'C:\\laragon\\www\\agrismart_ci4\\app\\Views\\dashboard\\main-croprotation.php', 40)
 2 SYSTEMPATH\View\View.php(228): include('C:\\laragon\\www\\agrismart_ci4\\app\\Views\\dashboard\\main-croprotation.php')
 3 SYSTEMPATH\View\View.php(231): CodeIgniter\View\View->CodeIgniter\View\{closure}()
 4 SYSTEMPATH\View\View.php(469): CodeIgniter\View\View->render('/dashboard/main-croprotation', null, true)
 5 APPPATH\Views\userfolder\croprotation.php(5): CodeIgniter\View\View->include('/dashboard/main-croprotation')
 6 SYSTEMPATH\View\View.php(228): include('C:\\laragon\\www\\agrismart_ci4\\app\\Views\\userfolder\\croprotation.php')
 7 SYSTEMPATH\View\View.php(231): CodeIgniter\View\View->CodeIgniter\View\{closure}()
 8 SYSTEMPATH\Common.php(1190): CodeIgniter\View\View->render('userfolder/croprotation', [], true)
 9 APPPATH\Controllers\DashboardController.php(175): view('userfolder/croprotation', [...])
10 SYSTEMPATH\CodeIgniter.php(942): App\Controllers\DashboardController->addnewrotation()
11 SYSTEMPATH\CodeIgniter.php(502): CodeIgniter\CodeIgniter->runController(Object(App\Controllers\DashboardController))
12 SYSTEMPATH\CodeIgniter.php(361): CodeIgniter\CodeIgniter->handleRequest(null, Object(Config\Cache), false)
13 FCPATH\index.php(79): CodeIgniter\CodeIgniter->run()
14 SYSTEMPATH\Commands\Server\rewrite.php(47): require_once('C:\\laragon\\www\\agrismart_ci4\\public\\index.php')
CRITICAL - 2023-12-02 17:14:53 --> Undefined variable $rotation
in APPPATH\Views\dashboard\main-croprotation.php on line 40.
 1 APPPATH\Views\dashboard\main-croprotation.php(40): CodeIgniter\Debug\Exceptions->errorHandler(2, 'Undefined variable $rotation', 'C:\\laragon\\www\\agrismart_ci4\\app\\Views\\dashboard\\main-croprotation.php', 40)
 2 SYSTEMPATH\View\View.php(228): include('C:\\laragon\\www\\agrismart_ci4\\app\\Views\\dashboard\\main-croprotation.php')
 3 SYSTEMPATH\View\View.php(231): CodeIgniter\View\View->CodeIgniter\View\{closure}()
 4 SYSTEMPATH\View\View.php(469): CodeIgniter\View\View->render('/dashboard/main-croprotation', null, true)
 5 APPPATH\Views\userfolder\croprotation.php(5): CodeIgniter\View\View->include('/dashboard/main-croprotation')
 6 SYSTEMPATH\View\View.php(228): include('C:\\laragon\\www\\agrismart_ci4\\app\\Views\\userfolder\\croprotation.php')
 7 SYSTEMPATH\View\View.php(231): CodeIgniter\View\View->CodeIgniter\View\{closure}()
 8 SYSTEMPATH\Common.php(1190): CodeIgniter\View\View->render('userfolder/croprotation', [], true)
 9 APPPATH\Controllers\DashboardController.php(174): view('userfolder/croprotation', [...])
10 SYSTEMPATH\CodeIgniter.php(942): App\Controllers\DashboardController->addnewrotation()
11 SYSTEMPATH\CodeIgniter.php(502): CodeIgniter\CodeIgniter->runController(Object(App\Controllers\DashboardController))
12 SYSTEMPATH\CodeIgniter.php(361): CodeIgniter\CodeIgniter->handleRequest(null, Object(Config\Cache), false)
13 FCPATH\index.php(79): CodeIgniter\CodeIgniter->run()
14 SYSTEMPATH\Commands\Server\rewrite.php(47): require_once('C:\\laragon\\www\\agrismart_ci4\\public\\index.php')
