CRITICAL - 2023-12-17 14:26:12 --> Undefined variable $totalHarvestQuantity
in APPPATH\Views\dashboard\main-dashboard.php on line 12.
 1 APPPATH\Views\dashboard\main-dashboard.php(12): CodeIgniter\Debug\Exceptions->errorHandler(2, 'Undefined variable $totalHarvestQuantity', 'C:\\laragon\\www\\agrismart_ci4\\app\\Views\\dashboard\\main-dashboard.php', 12)
 2 SYSTEMPATH\View\View.php(228): include('C:\\laragon\\www\\agrismart_ci4\\app\\Views\\dashboard\\main-dashboard.php')
 3 SYSTEMPATH\View\View.php(231): CodeIgniter\View\View->CodeIgniter\View\{closure}()
 4 SYSTEMPATH\View\View.php(469): CodeIgniter\View\View->render('/dashboard/main-dashboard', null, true)
 5 APPPATH\Views\userfolder\dashboard.php(5): CodeIgniter\View\View->include('/dashboard/main-dashboard')
 6 SYSTEMPATH\View\View.php(228): include('C:\\laragon\\www\\agrismart_ci4\\app\\Views\\userfolder\\dashboard.php')
 7 SYSTEMPATH\View\View.php(231): CodeIgniter\View\View->CodeIgniter\View\{closure}()
 8 SYSTEMPATH\Common.php(1190): CodeIgniter\View\View->render('userfolder/dashboard', [], true)
 9 APPPATH\Controllers\LoginController.php(18): view('userfolder/dashboard')
10 SYSTEMPATH\CodeIgniter.php(942): App\Controllers\LoginController->dashboards()
11 SYSTEMPATH\CodeIgniter.php(502): CodeIgniter\CodeIgniter->runController(Object(App\Controllers\LoginController))
12 SYSTEMPATH\CodeIgniter.php(361): CodeIgniter\CodeIgniter->handleRequest(null, Object(Config\Cache), false)
13 FCPATH\index.php(79): CodeIgniter\CodeIgniter->run()
14 SYSTEMPATH\Commands\Server\rewrite.php(47): require_once('C:\\laragon\\www\\agrismart_ci4\\public\\index.php')
CRITICAL - 2023-12-17 14:27:22 --> Call to undefined method App\Models\HarvestModel::sum
in SYSTEMPATH\Model.php on line 873.
 1 APPPATH\Controllers\LoginController.php(33): CodeIgniter\Model->__call('sum', [...])
 2 SYSTEMPATH\CodeIgniter.php(942): App\Controllers\LoginController->dashboards()
 3 SYSTEMPATH\CodeIgniter.php(502): CodeIgniter\CodeIgniter->runController(Object(App\Controllers\LoginController))
 4 SYSTEMPATH\CodeIgniter.php(361): CodeIgniter\CodeIgniter->handleRequest(null, Object(Config\Cache), false)
 5 FCPATH\index.php(79): CodeIgniter\CodeIgniter->run()
 6 SYSTEMPATH\Commands\Server\rewrite.php(47): require_once('C:\\laragon\\www\\agrismart_ci4\\public\\index.php')
CRITICAL - 2023-12-17 14:27:49 --> Call to undefined method App\Models\HarvestModel::sum
in SYSTEMPATH\Model.php on line 873.
 1 APPPATH\Controllers\LoginController.php(33): CodeIgniter\Model->__call('sum', [...])
 2 SYSTEMPATH\CodeIgniter.php(942): App\Controllers\LoginController->dashboards()
 3 SYSTEMPATH\CodeIgniter.php(502): CodeIgniter\CodeIgniter->runController(Object(App\Controllers\LoginController))
 4 SYSTEMPATH\CodeIgniter.php(361): CodeIgniter\CodeIgniter->handleRequest(null, Object(Config\Cache), false)
 5 FCPATH\index.php(79): CodeIgniter\CodeIgniter->run()
 6 SYSTEMPATH\Commands\Server\rewrite.php(47): require_once('C:\\laragon\\www\\agrismart_ci4\\public\\index.php')
CRITICAL - 2023-12-17 14:28:17 --> Call to undefined method App\Models\HarvestModel::sum
in SYSTEMPATH\Model.php on line 873.
 1 APPPATH\Controllers\LoginController.php(31): CodeIgniter\Model->__call('sum', [...])
 2 SYSTEMPATH\CodeIgniter.php(942): App\Controllers\LoginController->dashboards()
 3 SYSTEMPATH\CodeIgniter.php(502): CodeIgniter\CodeIgniter->runController(Object(App\Controllers\LoginController))
 4 SYSTEMPATH\CodeIgniter.php(361): CodeIgniter\CodeIgniter->handleRequest(null, Object(Config\Cache), false)
 5 FCPATH\index.php(79): CodeIgniter\CodeIgniter->run()
 6 SYSTEMPATH\Commands\Server\rewrite.php(47): require_once('C:\\laragon\\www\\agrismart_ci4\\public\\index.php')
CRITICAL - 2023-12-17 14:28:20 --> Call to undefined method App\Models\HarvestModel::sum
in SYSTEMPATH\Model.php on line 873.
 1 APPPATH\Controllers\LoginController.php(31): CodeIgniter\Model->__call('sum', [...])
 2 SYSTEMPATH\CodeIgniter.php(942): App\Controllers\LoginController->dashboards()
 3 SYSTEMPATH\CodeIgniter.php(502): CodeIgniter\CodeIgniter->runController(Object(App\Controllers\LoginController))
 4 SYSTEMPATH\CodeIgniter.php(361): CodeIgniter\CodeIgniter->handleRequest(null, Object(Config\Cache), false)
 5 FCPATH\index.php(79): CodeIgniter\CodeIgniter->run()
 6 SYSTEMPATH\Commands\Server\rewrite.php(47): require_once('C:\\laragon\\www\\agrismart_ci4\\public\\index.php')
CRITICAL - 2023-12-17 14:29:25 --> Undefined variable $harvest
in APPPATH\Views\dashboard\main-harvest.php on line 36.
 1 APPPATH\Views\dashboard\main-harvest.php(36): CodeIgniter\Debug\Exceptions->errorHandler(2, 'Undefined variable $harvest', 'C:\\laragon\\www\\agrismart_ci4\\app\\Views\\dashboard\\main-harvest.php', 36)
 2 SYSTEMPATH\View\View.php(228): include('C:\\laragon\\www\\agrismart_ci4\\app\\Views\\dashboard\\main-harvest.php')
 3 SYSTEMPATH\View\View.php(231): CodeIgniter\View\View->CodeIgniter\View\{closure}()
 4 SYSTEMPATH\View\View.php(469): CodeIgniter\View\View->render('/dashboard/main-harvest', null, true)
 5 APPPATH\Views\userfolder\harvest.php(6): CodeIgniter\View\View->include('/dashboard/main-harvest')
 6 SYSTEMPATH\View\View.php(228): include('C:\\laragon\\www\\agrismart_ci4\\app\\Views\\userfolder\\harvest.php')
 7 SYSTEMPATH\View\View.php(231): CodeIgniter\View\View->CodeIgniter\View\{closure}()
 8 SYSTEMPATH\Common.php(1190): CodeIgniter\View\View->render('userfolder/harvest', [], true)
 9 APPPATH\Controllers\LoginController.php(37): view('userfolder/harvest', [...])
10 SYSTEMPATH\CodeIgniter.php(942): App\Controllers\LoginController->dashboards()
11 SYSTEMPATH\CodeIgniter.php(502): CodeIgniter\CodeIgniter->runController(Object(App\Controllers\LoginController))
12 SYSTEMPATH\CodeIgniter.php(361): CodeIgniter\CodeIgniter->handleRequest(null, Object(Config\Cache), false)
13 FCPATH\index.php(79): CodeIgniter\CodeIgniter->run()
14 SYSTEMPATH\Commands\Server\rewrite.php(47): require_once('C:\\laragon\\www\\agrismart_ci4\\public\\index.php')
CRITICAL - 2023-12-17 14:30:06 --> Undefined variable $harvest
in APPPATH\Views\dashboard\main-harvest.php on line 36.
 1 APPPATH\Views\dashboard\main-harvest.php(36): CodeIgniter\Debug\Exceptions->errorHandler(2, 'Undefined variable $harvest', 'C:\\laragon\\www\\agrismart_ci4\\app\\Views\\dashboard\\main-harvest.php', 36)
 2 SYSTEMPATH\View\View.php(228): include('C:\\laragon\\www\\agrismart_ci4\\app\\Views\\dashboard\\main-harvest.php')
 3 SYSTEMPATH\View\View.php(231): CodeIgniter\View\View->CodeIgniter\View\{closure}()
 4 SYSTEMPATH\View\View.php(469): CodeIgniter\View\View->render('/dashboard/main-harvest', null, true)
 5 APPPATH\Views\userfolder\harvest.php(6): CodeIgniter\View\View->include('/dashboard/main-harvest')
 6 SYSTEMPATH\View\View.php(228): include('C:\\laragon\\www\\agrismart_ci4\\app\\Views\\userfolder\\harvest.php')
 7 SYSTEMPATH\View\View.php(231): CodeIgniter\View\View->CodeIgniter\View\{closure}()
 8 SYSTEMPATH\Common.php(1190): CodeIgniter\View\View->render('userfolder/harvest', [], true)
 9 APPPATH\Controllers\LoginController.php(37): view('userfolder/harvest', [...])
10 SYSTEMPATH\CodeIgniter.php(942): App\Controllers\LoginController->dashboards()
11 SYSTEMPATH\CodeIgniter.php(502): CodeIgniter\CodeIgniter->runController(Object(App\Controllers\LoginController))
12 SYSTEMPATH\CodeIgniter.php(361): CodeIgniter\CodeIgniter->handleRequest(null, Object(Config\Cache), false)
13 FCPATH\index.php(79): CodeIgniter\CodeIgniter->run()
14 SYSTEMPATH\Commands\Server\rewrite.php(47): require_once('C:\\laragon\\www\\agrismart_ci4\\public\\index.php')
CRITICAL - 2023-12-17 14:33:01 --> Undefined variable $harvest
in APPPATH\Views\dashboard\main-harvest.php on line 36.
 1 APPPATH\Views\dashboard\main-harvest.php(36): CodeIgniter\Debug\Exceptions->errorHandler(2, 'Undefined variable $harvest', 'C:\\laragon\\www\\agrismart_ci4\\app\\Views\\dashboard\\main-harvest.php', 36)
 2 SYSTEMPATH\View\View.php(228): include('C:\\laragon\\www\\agrismart_ci4\\app\\Views\\dashboard\\main-harvest.php')
 3 SYSTEMPATH\View\View.php(231): CodeIgniter\View\View->CodeIgniter\View\{closure}()
 4 SYSTEMPATH\View\View.php(469): CodeIgniter\View\View->render('/dashboard/main-harvest', null, true)
 5 APPPATH\Views\userfolder\harvest.php(6): CodeIgniter\View\View->include('/dashboard/main-harvest')
 6 SYSTEMPATH\View\View.php(228): include('C:\\laragon\\www\\agrismart_ci4\\app\\Views\\userfolder\\harvest.php')
 7 SYSTEMPATH\View\View.php(231): CodeIgniter\View\View->CodeIgniter\View\{closure}()
 8 SYSTEMPATH\Common.php(1190): CodeIgniter\View\View->render('userfolder/harvest', [], true)
 9 APPPATH\Controllers\LoginController.php(37): view('userfolder/harvest', [...])
10 SYSTEMPATH\CodeIgniter.php(942): App\Controllers\LoginController->dashboards()
11 SYSTEMPATH\CodeIgniter.php(502): CodeIgniter\CodeIgniter->runController(Object(App\Controllers\LoginController))
12 SYSTEMPATH\CodeIgniter.php(361): CodeIgniter\CodeIgniter->handleRequest(null, Object(Config\Cache), false)
13 FCPATH\index.php(79): CodeIgniter\CodeIgniter->run()
14 SYSTEMPATH\Commands\Server\rewrite.php(47): require_once('C:\\laragon\\www\\agrismart_ci4\\public\\index.php')
CRITICAL - 2023-12-17 14:33:07 --> Undefined variable $harvest
in APPPATH\Views\dashboard\main-harvest.php on line 36.
 1 APPPATH\Views\dashboard\main-harvest.php(36): CodeIgniter\Debug\Exceptions->errorHandler(2, 'Undefined variable $harvest', 'C:\\laragon\\www\\agrismart_ci4\\app\\Views\\dashboard\\main-harvest.php', 36)
 2 SYSTEMPATH\View\View.php(228): include('C:\\laragon\\www\\agrismart_ci4\\app\\Views\\dashboard\\main-harvest.php')
 3 SYSTEMPATH\View\View.php(231): CodeIgniter\View\View->CodeIgniter\View\{closure}()
 4 SYSTEMPATH\View\View.php(469): CodeIgniter\View\View->render('/dashboard/main-harvest', null, true)
 5 APPPATH\Views\userfolder\harvest.php(6): CodeIgniter\View\View->include('/dashboard/main-harvest')
 6 SYSTEMPATH\View\View.php(228): include('C:\\laragon\\www\\agrismart_ci4\\app\\Views\\userfolder\\harvest.php')
 7 SYSTEMPATH\View\View.php(231): CodeIgniter\View\View->CodeIgniter\View\{closure}()
 8 SYSTEMPATH\Common.php(1190): CodeIgniter\View\View->render('userfolder/harvest', [], true)
 9 APPPATH\Controllers\LoginController.php(37): view('userfolder/harvest', [...])
10 SYSTEMPATH\CodeIgniter.php(942): App\Controllers\LoginController->dashboards()
11 SYSTEMPATH\CodeIgniter.php(502): CodeIgniter\CodeIgniter->runController(Object(App\Controllers\LoginController))
12 SYSTEMPATH\CodeIgniter.php(361): CodeIgniter\CodeIgniter->handleRequest(null, Object(Config\Cache), false)
13 FCPATH\index.php(79): CodeIgniter\CodeIgniter->run()
14 SYSTEMPATH\Commands\Server\rewrite.php(47): require_once('C:\\laragon\\www\\agrismart_ci4\\public\\index.php')
CRITICAL - 2023-12-17 14:34:20 --> Call to undefined method App\Models\HarvestModel::sum
in SYSTEMPATH\Model.php on line 873.
 1 APPPATH\Controllers\LoginController.php(33): CodeIgniter\Model->__call('sum', [...])
 2 SYSTEMPATH\CodeIgniter.php(942): App\Controllers\LoginController->dashboards()
 3 SYSTEMPATH\CodeIgniter.php(502): CodeIgniter\CodeIgniter->runController(Object(App\Controllers\LoginController))
 4 SYSTEMPATH\CodeIgniter.php(361): CodeIgniter\CodeIgniter->handleRequest(null, Object(Config\Cache), false)
 5 FCPATH\index.php(79): CodeIgniter\CodeIgniter->run()
 6 SYSTEMPATH\Commands\Server\rewrite.php(47): require_once('C:\\laragon\\www\\agrismart_ci4\\public\\index.php')
CRITICAL - 2023-12-17 14:34:26 --> Call to undefined method App\Models\HarvestModel::sum
in SYSTEMPATH\Model.php on line 873.
 1 APPPATH\Controllers\LoginController.php(33): CodeIgniter\Model->__call('sum', [...])
 2 SYSTEMPATH\CodeIgniter.php(942): App\Controllers\LoginController->dashboards()
 3 SYSTEMPATH\CodeIgniter.php(502): CodeIgniter\CodeIgniter->runController(Object(App\Controllers\LoginController))
 4 SYSTEMPATH\CodeIgniter.php(361): CodeIgniter\CodeIgniter->handleRequest(null, Object(Config\Cache), false)
 5 FCPATH\index.php(79): CodeIgniter\CodeIgniter->run()
 6 SYSTEMPATH\Commands\Server\rewrite.php(47): require_once('C:\\laragon\\www\\agrismart_ci4\\public\\index.php')
CRITICAL - 2023-12-17 14:35:14 --> Undefined variable $harvest
in APPPATH\Views\dashboard\main-harvest.php on line 36.
 1 APPPATH\Views\dashboard\main-harvest.php(36): CodeIgniter\Debug\Exceptions->errorHandler(2, 'Undefined variable $harvest', 'C:\\laragon\\www\\agrismart_ci4\\app\\Views\\dashboard\\main-harvest.php', 36)
 2 SYSTEMPATH\View\View.php(228): include('C:\\laragon\\www\\agrismart_ci4\\app\\Views\\dashboard\\main-harvest.php')
 3 SYSTEMPATH\View\View.php(231): CodeIgniter\View\View->CodeIgniter\View\{closure}()
 4 SYSTEMPATH\View\View.php(469): CodeIgniter\View\View->render('/dashboard/main-harvest', null, true)
 5 APPPATH\Views\userfolder\harvest.php(6): CodeIgniter\View\View->include('/dashboard/main-harvest')
 6 SYSTEMPATH\View\View.php(228): include('C:\\laragon\\www\\agrismart_ci4\\app\\Views\\userfolder\\harvest.php')
 7 SYSTEMPATH\View\View.php(231): CodeIgniter\View\View->CodeIgniter\View\{closure}()
 8 SYSTEMPATH\Common.php(1190): CodeIgniter\View\View->render('userfolder/harvest', [], true)
 9 APPPATH\Controllers\LoginController.php(45): view('userfolder/harvest', [...])
10 SYSTEMPATH\CodeIgniter.php(942): App\Controllers\LoginController->dashboards()
11 SYSTEMPATH\CodeIgniter.php(502): CodeIgniter\CodeIgniter->runController(Object(App\Controllers\LoginController))
12 SYSTEMPATH\CodeIgniter.php(361): CodeIgniter\CodeIgniter->handleRequest(null, Object(Config\Cache), false)
13 FCPATH\index.php(79): CodeIgniter\CodeIgniter->run()
14 SYSTEMPATH\Commands\Server\rewrite.php(47): require_once('C:\\laragon\\www\\agrismart_ci4\\public\\index.php')
CRITICAL - 2023-12-17 14:35:15 --> Undefined variable $harvest
in APPPATH\Views\dashboard\main-harvest.php on line 36.
 1 APPPATH\Views\dashboard\main-harvest.php(36): CodeIgniter\Debug\Exceptions->errorHandler(2, 'Undefined variable $harvest', 'C:\\laragon\\www\\agrismart_ci4\\app\\Views\\dashboard\\main-harvest.php', 36)
 2 SYSTEMPATH\View\View.php(228): include('C:\\laragon\\www\\agrismart_ci4\\app\\Views\\dashboard\\main-harvest.php')
 3 SYSTEMPATH\View\View.php(231): CodeIgniter\View\View->CodeIgniter\View\{closure}()
 4 SYSTEMPATH\View\View.php(469): CodeIgniter\View\View->render('/dashboard/main-harvest', null, true)
 5 APPPATH\Views\userfolder\harvest.php(6): CodeIgniter\View\View->include('/dashboard/main-harvest')
 6 SYSTEMPATH\View\View.php(228): include('C:\\laragon\\www\\agrismart_ci4\\app\\Views\\userfolder\\harvest.php')
 7 SYSTEMPATH\View\View.php(231): CodeIgniter\View\View->CodeIgniter\View\{closure}()
 8 SYSTEMPATH\Common.php(1190): CodeIgniter\View\View->render('userfolder/harvest', [], true)
 9 APPPATH\Controllers\LoginController.php(45): view('userfolder/harvest', [...])
10 SYSTEMPATH\CodeIgniter.php(942): App\Controllers\LoginController->dashboards()
11 SYSTEMPATH\CodeIgniter.php(502): CodeIgniter\CodeIgniter->runController(Object(App\Controllers\LoginController))
12 SYSTEMPATH\CodeIgniter.php(361): CodeIgniter\CodeIgniter->handleRequest(null, Object(Config\Cache), false)
13 FCPATH\index.php(79): CodeIgniter\CodeIgniter->run()
14 SYSTEMPATH\Commands\Server\rewrite.php(47): require_once('C:\\laragon\\www\\agrismart_ci4\\public\\index.php')
CRITICAL - 2023-12-17 14:35:16 --> Undefined variable $harvest
in APPPATH\Views\dashboard\main-harvest.php on line 36.
 1 APPPATH\Views\dashboard\main-harvest.php(36): CodeIgniter\Debug\Exceptions->errorHandler(2, 'Undefined variable $harvest', 'C:\\laragon\\www\\agrismart_ci4\\app\\Views\\dashboard\\main-harvest.php', 36)
 2 SYSTEMPATH\View\View.php(228): include('C:\\laragon\\www\\agrismart_ci4\\app\\Views\\dashboard\\main-harvest.php')
 3 SYSTEMPATH\View\View.php(231): CodeIgniter\View\View->CodeIgniter\View\{closure}()
 4 SYSTEMPATH\View\View.php(469): CodeIgniter\View\View->render('/dashboard/main-harvest', null, true)
 5 APPPATH\Views\userfolder\harvest.php(6): CodeIgniter\View\View->include('/dashboard/main-harvest')
 6 SYSTEMPATH\View\View.php(228): include('C:\\laragon\\www\\agrismart_ci4\\app\\Views\\userfolder\\harvest.php')
 7 SYSTEMPATH\View\View.php(231): CodeIgniter\View\View->CodeIgniter\View\{closure}()
 8 SYSTEMPATH\Common.php(1190): CodeIgniter\View\View->render('userfolder/harvest', [], true)
 9 APPPATH\Controllers\LoginController.php(45): view('userfolder/harvest', [...])
10 SYSTEMPATH\CodeIgniter.php(942): App\Controllers\LoginController->dashboards()
11 SYSTEMPATH\CodeIgniter.php(502): CodeIgniter\CodeIgniter->runController(Object(App\Controllers\LoginController))
12 SYSTEMPATH\CodeIgniter.php(361): CodeIgniter\CodeIgniter->handleRequest(null, Object(Config\Cache), false)
13 FCPATH\index.php(79): CodeIgniter\CodeIgniter->run()
14 SYSTEMPATH\Commands\Server\rewrite.php(47): require_once('C:\\laragon\\www\\agrismart_ci4\\public\\index.php')
CRITICAL - 2023-12-17 14:35:17 --> Undefined variable $harvest
in APPPATH\Views\dashboard\main-harvest.php on line 36.
 1 APPPATH\Views\dashboard\main-harvest.php(36): CodeIgniter\Debug\Exceptions->errorHandler(2, 'Undefined variable $harvest', 'C:\\laragon\\www\\agrismart_ci4\\app\\Views\\dashboard\\main-harvest.php', 36)
 2 SYSTEMPATH\View\View.php(228): include('C:\\laragon\\www\\agrismart_ci4\\app\\Views\\dashboard\\main-harvest.php')
 3 SYSTEMPATH\View\View.php(231): CodeIgniter\View\View->CodeIgniter\View\{closure}()
 4 SYSTEMPATH\View\View.php(469): CodeIgniter\View\View->render('/dashboard/main-harvest', null, true)
 5 APPPATH\Views\userfolder\harvest.php(6): CodeIgniter\View\View->include('/dashboard/main-harvest')
 6 SYSTEMPATH\View\View.php(228): include('C:\\laragon\\www\\agrismart_ci4\\app\\Views\\userfolder\\harvest.php')
 7 SYSTEMPATH\View\View.php(231): CodeIgniter\View\View->CodeIgniter\View\{closure}()
 8 SYSTEMPATH\Common.php(1190): CodeIgniter\View\View->render('userfolder/harvest', [], true)
 9 APPPATH\Controllers\LoginController.php(45): view('userfolder/harvest', [...])
10 SYSTEMPATH\CodeIgniter.php(942): App\Controllers\LoginController->dashboards()
11 SYSTEMPATH\CodeIgniter.php(502): CodeIgniter\CodeIgniter->runController(Object(App\Controllers\LoginController))
12 SYSTEMPATH\CodeIgniter.php(361): CodeIgniter\CodeIgniter->handleRequest(null, Object(Config\Cache), false)
13 FCPATH\index.php(79): CodeIgniter\CodeIgniter->run()
14 SYSTEMPATH\Commands\Server\rewrite.php(47): require_once('C:\\laragon\\www\\agrismart_ci4\\public\\index.php')
CRITICAL - 2023-12-17 14:35:17 --> Undefined variable $harvest
in APPPATH\Views\dashboard\main-harvest.php on line 36.
 1 APPPATH\Views\dashboard\main-harvest.php(36): CodeIgniter\Debug\Exceptions->errorHandler(2, 'Undefined variable $harvest', 'C:\\laragon\\www\\agrismart_ci4\\app\\Views\\dashboard\\main-harvest.php', 36)
 2 SYSTEMPATH\View\View.php(228): include('C:\\laragon\\www\\agrismart_ci4\\app\\Views\\dashboard\\main-harvest.php')
 3 SYSTEMPATH\View\View.php(231): CodeIgniter\View\View->CodeIgniter\View\{closure}()
 4 SYSTEMPATH\View\View.php(469): CodeIgniter\View\View->render('/dashboard/main-harvest', null, true)
 5 APPPATH\Views\userfolder\harvest.php(6): CodeIgniter\View\View->include('/dashboard/main-harvest')
 6 SYSTEMPATH\View\View.php(228): include('C:\\laragon\\www\\agrismart_ci4\\app\\Views\\userfolder\\harvest.php')
 7 SYSTEMPATH\View\View.php(231): CodeIgniter\View\View->CodeIgniter\View\{closure}()
 8 SYSTEMPATH\Common.php(1190): CodeIgniter\View\View->render('userfolder/harvest', [], true)
 9 APPPATH\Controllers\LoginController.php(45): view('userfolder/harvest', [...])
10 SYSTEMPATH\CodeIgniter.php(942): App\Controllers\LoginController->dashboards()
11 SYSTEMPATH\CodeIgniter.php(502): CodeIgniter\CodeIgniter->runController(Object(App\Controllers\LoginController))
12 SYSTEMPATH\CodeIgniter.php(361): CodeIgniter\CodeIgniter->handleRequest(null, Object(Config\Cache), false)
13 FCPATH\index.php(79): CodeIgniter\CodeIgniter->run()
14 SYSTEMPATH\Commands\Server\rewrite.php(47): require_once('C:\\laragon\\www\\agrismart_ci4\\public\\index.php')
ERROR - 2023-12-17 15:01:25 --> mysqli_sql_exception: Unknown column 'farmer_name' in 'field list' in C:\laragon\www\agrismart_ci4\system\Database\MySQLi\Connection.php:306
Stack trace:
#0 C:\laragon\www\agrismart_ci4\system\Database\MySQLi\Connection.php(306): mysqli->query('INSERT INTO `jo...', 0)
#1 C:\laragon\www\agrismart_ci4\system\Database\BaseConnection.php(693): CodeIgniter\Database\MySQLi\Connection->execute('INSERT INTO `jo...')
#2 C:\laragon\www\agrismart_ci4\system\Database\BaseConnection.php(607): CodeIgniter\Database\BaseConnection->simpleQuery('INSERT INTO `jo...')
#3 C:\laragon\www\agrismart_ci4\system\Database\BaseBuilder.php(2308): CodeIgniter\Database\BaseConnection->query('INSERT INTO `jo...', Array, false)
#4 C:\laragon\www\agrismart_ci4\system\Model.php(319): CodeIgniter\Database\BaseBuilder->insert()
#5 C:\laragon\www\agrismart_ci4\system\BaseModel.php(788): CodeIgniter\Model->doInsert(Array)
#6 C:\laragon\www\agrismart_ci4\system\Model.php(715): CodeIgniter\BaseModel->insert(Array, false)
#7 C:\laragon\www\agrismart_ci4\system\BaseModel.php(698): CodeIgniter\Model->insert(Array, false)
#8 C:\laragon\www\agrismart_ci4\app\Controllers\DashboardController.php(253): CodeIgniter\BaseModel->save(Array)
#9 C:\laragon\www\agrismart_ci4\system\CodeIgniter.php(942): App\Controllers\DashboardController->addnewjob()
#10 C:\laragon\www\agrismart_ci4\system\CodeIgniter.php(502): CodeIgniter\CodeIgniter->runController(Object(App\Controllers\DashboardController))
#11 C:\laragon\www\agrismart_ci4\system\CodeIgniter.php(361): CodeIgniter\CodeIgniter->handleRequest(NULL, Object(Config\Cache), false)
#12 C:\laragon\www\agrismart_ci4\public\index.php(79): CodeIgniter\CodeIgniter->run()
#13 C:\laragon\www\agrismart_ci4\system\Commands\Server\rewrite.php(47): require_once('C:\\laragon\\www\\...')
#14 {main}
CRITICAL - 2023-12-17 15:01:25 --> Unknown column 'farmer_name' in 'field list'
in SYSTEMPATH\Database\BaseConnection.php on line 647.
 1 SYSTEMPATH\Database\BaseBuilder.php(2308): CodeIgniter\Database\BaseConnection->query('INSERT INTO `jobs` (`job_name`, `field_name`, `finished_date`, `worker_name`, `equipment_use`, `quantity_use`, `total_money_spent`, `notes`, `user_id`, `farmer_name`) VALUES (:job_name:, :field_name:, :finished_date:, :worker_name:, :equipment_use:, :quantity_use:, :total_money_spent:, :notes:, :user_id:, :farmer_name:)', [...], false)
 2 SYSTEMPATH\Model.php(319): CodeIgniter\Database\BaseBuilder->insert()
 3 SYSTEMPATH\BaseModel.php(788): CodeIgniter\Model->doInsert([...])
 4 SYSTEMPATH\Model.php(715): CodeIgniter\BaseModel->insert([...], false)
 5 SYSTEMPATH\BaseModel.php(698): CodeIgniter\Model->insert([...], false)
 6 APPPATH\Controllers\DashboardController.php(253): CodeIgniter\BaseModel->save([...])
 7 SYSTEMPATH\CodeIgniter.php(942): App\Controllers\DashboardController->addnewjob()
 8 SYSTEMPATH\CodeIgniter.php(502): CodeIgniter\CodeIgniter->runController(Object(App\Controllers\DashboardController))
 9 SYSTEMPATH\CodeIgniter.php(361): CodeIgniter\CodeIgniter->handleRequest(null, Object(Config\Cache), false)
10 FCPATH\index.php(79): CodeIgniter\CodeIgniter->run()
11 SYSTEMPATH\Commands\Server\rewrite.php(47): require_once('C:\\laragon\\www\\agrismart_ci4\\public\\index.php')
CRITICAL - 2023-12-17 15:35:08 --> Undefined variable $jobs
in APPPATH\Views\dashboard\main-worker.php on line 38.
 1 APPPATH\Views\dashboard\main-worker.php(38): CodeIgniter\Debug\Exceptions->errorHandler(2, 'Undefined variable $jobs', 'C:\\laragon\\www\\agrismart_ci4\\app\\Views\\dashboard\\main-worker.php', 38)
 2 SYSTEMPATH\View\View.php(228): include('C:\\laragon\\www\\agrismart_ci4\\app\\Views\\dashboard\\main-worker.php')
 3 SYSTEMPATH\View\View.php(231): CodeIgniter\View\View->CodeIgniter\View\{closure}()
 4 SYSTEMPATH\View\View.php(469): CodeIgniter\View\View->render('/dashboard/main-worker', null, true)
 5 APPPATH\Views\userfolder\worker.php(6): CodeIgniter\View\View->include('/dashboard/main-worker')
 6 SYSTEMPATH\View\View.php(228): include('C:\\laragon\\www\\agrismart_ci4\\app\\Views\\userfolder\\worker.php')
 7 SYSTEMPATH\View\View.php(231): CodeIgniter\View\View->CodeIgniter\View\{closure}()
 8 SYSTEMPATH\Common.php(1190): CodeIgniter\View\View->render('userfolder/worker', [], true)
 9 APPPATH\Controllers\DashboardController.php(410): view('userfolder/worker', [...])
10 SYSTEMPATH\CodeIgniter.php(942): App\Controllers\DashboardController->worker()
11 SYSTEMPATH\CodeIgniter.php(502): CodeIgniter\CodeIgniter->runController(Object(App\Controllers\DashboardController))
12 SYSTEMPATH\CodeIgniter.php(361): CodeIgniter\CodeIgniter->handleRequest(null, Object(Config\Cache), false)
13 FCPATH\index.php(79): CodeIgniter\CodeIgniter->run()
14 SYSTEMPATH\Commands\Server\rewrite.php(47): require_once('C:\\laragon\\www\\agrismart_ci4\\public\\index.php')
CRITICAL - 2023-12-17 15:48:17 --> Undefined variable $harvest
in APPPATH\Views\dashboard\main-harvest.php on line 36.
 1 APPPATH\Views\dashboard\main-harvest.php(36): CodeIgniter\Debug\Exceptions->errorHandler(2, 'Undefined variable $harvest', 'C:\\laragon\\www\\agrismart_ci4\\app\\Views\\dashboard\\main-harvest.php', 36)
 2 SYSTEMPATH\View\View.php(228): include('C:\\laragon\\www\\agrismart_ci4\\app\\Views\\dashboard\\main-harvest.php')
 3 SYSTEMPATH\View\View.php(231): CodeIgniter\View\View->CodeIgniter\View\{closure}()
 4 SYSTEMPATH\View\View.php(469): CodeIgniter\View\View->render('/dashboard/main-harvest', null, true)
 5 APPPATH\Views\userfolder\harvest.php(6): CodeIgniter\View\View->include('/dashboard/main-harvest')
 6 SYSTEMPATH\View\View.php(228): include('C:\\laragon\\www\\agrismart_ci4\\app\\Views\\userfolder\\harvest.php')
 7 SYSTEMPATH\View\View.php(231): CodeIgniter\View\View->CodeIgniter\View\{closure}()
 8 SYSTEMPATH\Common.php(1190): CodeIgniter\View\View->render('userfolder/harvest', [], true)
 9 APPPATH\Controllers\DashboardController.php(422): view('userfolder/harvest', [...])
10 SYSTEMPATH\CodeIgniter.php(942): App\Controllers\DashboardController->addnewworker()
11 SYSTEMPATH\CodeIgniter.php(502): CodeIgniter\CodeIgniter->runController(Object(App\Controllers\DashboardController))
12 SYSTEMPATH\CodeIgniter.php(361): CodeIgniter\CodeIgniter->handleRequest(null, Object(Config\Cache), false)
13 FCPATH\index.php(79): CodeIgniter\CodeIgniter->run()
14 SYSTEMPATH\Commands\Server\rewrite.php(47): require_once('C:\\laragon\\www\\agrismart_ci4\\public\\index.php')
CRITICAL - 2023-12-17 15:52:03 --> Undefined variable $harvest
in APPPATH\Views\dashboard\main-harvest.php on line 36.
 1 APPPATH\Views\dashboard\main-harvest.php(36): CodeIgniter\Debug\Exceptions->errorHandler(2, 'Undefined variable $harvest', 'C:\\laragon\\www\\agrismart_ci4\\app\\Views\\dashboard\\main-harvest.php', 36)
 2 SYSTEMPATH\View\View.php(228): include('C:\\laragon\\www\\agrismart_ci4\\app\\Views\\dashboard\\main-harvest.php')
 3 SYSTEMPATH\View\View.php(231): CodeIgniter\View\View->CodeIgniter\View\{closure}()
 4 SYSTEMPATH\View\View.php(469): CodeIgniter\View\View->render('/dashboard/main-harvest', null, true)
 5 APPPATH\Views\userfolder\harvest.php(6): CodeIgniter\View\View->include('/dashboard/main-harvest')
 6 SYSTEMPATH\View\View.php(228): include('C:\\laragon\\www\\agrismart_ci4\\app\\Views\\userfolder\\harvest.php')
 7 SYSTEMPATH\View\View.php(231): CodeIgniter\View\View->CodeIgniter\View\{closure}()
 8 SYSTEMPATH\Common.php(1190): CodeIgniter\View\View->render('userfolder/harvest', [], true)
 9 APPPATH\Controllers\DashboardController.php(422): view('userfolder/harvest', [...])
10 SYSTEMPATH\CodeIgniter.php(942): App\Controllers\DashboardController->addnewworker()
11 SYSTEMPATH\CodeIgniter.php(502): CodeIgniter\CodeIgniter->runController(Object(App\Controllers\DashboardController))
12 SYSTEMPATH\CodeIgniter.php(361): CodeIgniter\CodeIgniter->handleRequest(null, Object(Config\Cache), false)
13 FCPATH\index.php(79): CodeIgniter\CodeIgniter->run()
14 SYSTEMPATH\Commands\Server\rewrite.php(47): require_once('C:\\laragon\\www\\agrismart_ci4\\public\\index.php')
CRITICAL - 2023-12-17 15:52:08 --> Undefined variable $harvest
in APPPATH\Views\dashboard\main-harvest.php on line 36.
 1 APPPATH\Views\dashboard\main-harvest.php(36): CodeIgniter\Debug\Exceptions->errorHandler(2, 'Undefined variable $harvest', 'C:\\laragon\\www\\agrismart_ci4\\app\\Views\\dashboard\\main-harvest.php', 36)
 2 SYSTEMPATH\View\View.php(228): include('C:\\laragon\\www\\agrismart_ci4\\app\\Views\\dashboard\\main-harvest.php')
 3 SYSTEMPATH\View\View.php(231): CodeIgniter\View\View->CodeIgniter\View\{closure}()
 4 SYSTEMPATH\View\View.php(469): CodeIgniter\View\View->render('/dashboard/main-harvest', null, true)
 5 APPPATH\Views\userfolder\harvest.php(6): CodeIgniter\View\View->include('/dashboard/main-harvest')
 6 SYSTEMPATH\View\View.php(228): include('C:\\laragon\\www\\agrismart_ci4\\app\\Views\\userfolder\\harvest.php')
 7 SYSTEMPATH\View\View.php(231): CodeIgniter\View\View->CodeIgniter\View\{closure}()
 8 SYSTEMPATH\Common.php(1190): CodeIgniter\View\View->render('userfolder/harvest', [], true)
 9 APPPATH\Controllers\DashboardController.php(422): view('userfolder/harvest', [...])
10 SYSTEMPATH\CodeIgniter.php(942): App\Controllers\DashboardController->addnewworker()
11 SYSTEMPATH\CodeIgniter.php(502): CodeIgniter\CodeIgniter->runController(Object(App\Controllers\DashboardController))
12 SYSTEMPATH\CodeIgniter.php(361): CodeIgniter\CodeIgniter->handleRequest(null, Object(Config\Cache), false)
13 FCPATH\index.php(79): CodeIgniter\CodeIgniter->run()
14 SYSTEMPATH\Commands\Server\rewrite.php(47): require_once('C:\\laragon\\www\\agrismart_ci4\\public\\index.php')
CRITICAL - 2023-12-17 15:54:02 --> Undefined variable $harvest
in APPPATH\Views\dashboard\main-harvest.php on line 36.
 1 APPPATH\Views\dashboard\main-harvest.php(36): CodeIgniter\Debug\Exceptions->errorHandler(2, 'Undefined variable $harvest', 'C:\\laragon\\www\\agrismart_ci4\\app\\Views\\dashboard\\main-harvest.php', 36)
 2 SYSTEMPATH\View\View.php(228): include('C:\\laragon\\www\\agrismart_ci4\\app\\Views\\dashboard\\main-harvest.php')
 3 SYSTEMPATH\View\View.php(231): CodeIgniter\View\View->CodeIgniter\View\{closure}()
 4 SYSTEMPATH\View\View.php(469): CodeIgniter\View\View->render('/dashboard/main-harvest', null, true)
 5 APPPATH\Views\userfolder\harvest.php(6): CodeIgniter\View\View->include('/dashboard/main-harvest')
 6 SYSTEMPATH\View\View.php(228): include('C:\\laragon\\www\\agrismart_ci4\\app\\Views\\userfolder\\harvest.php')
 7 SYSTEMPATH\View\View.php(231): CodeIgniter\View\View->CodeIgniter\View\{closure}()
 8 SYSTEMPATH\Common.php(1190): CodeIgniter\View\View->render('userfolder/harvest', [], true)
 9 APPPATH\Controllers\DashboardController.php(422): view('userfolder/harvest', [...])
10 SYSTEMPATH\CodeIgniter.php(942): App\Controllers\DashboardController->addnewworker()
11 SYSTEMPATH\CodeIgniter.php(502): CodeIgniter\CodeIgniter->runController(Object(App\Controllers\DashboardController))
12 SYSTEMPATH\CodeIgniter.php(361): CodeIgniter\CodeIgniter->handleRequest(null, Object(Config\Cache), false)
13 FCPATH\index.php(79): CodeIgniter\CodeIgniter->run()
14 SYSTEMPATH\Commands\Server\rewrite.php(47): require_once('C:\\laragon\\www\\agrismart_ci4\\public\\index.php')
CRITICAL - 2023-12-17 15:55:45 --> Undefined variable $harvest
in APPPATH\Views\dashboard\main-harvest.php on line 36.
 1 APPPATH\Views\dashboard\main-harvest.php(36): CodeIgniter\Debug\Exceptions->errorHandler(2, 'Undefined variable $harvest', 'C:\\laragon\\www\\agrismart_ci4\\app\\Views\\dashboard\\main-harvest.php', 36)
 2 SYSTEMPATH\View\View.php(228): include('C:\\laragon\\www\\agrismart_ci4\\app\\Views\\dashboard\\main-harvest.php')
 3 SYSTEMPATH\View\View.php(231): CodeIgniter\View\View->CodeIgniter\View\{closure}()
 4 SYSTEMPATH\View\View.php(469): CodeIgniter\View\View->render('/dashboard/main-harvest', null, true)
 5 APPPATH\Views\userfolder\harvest.php(6): CodeIgniter\View\View->include('/dashboard/main-harvest')
 6 SYSTEMPATH\View\View.php(228): include('C:\\laragon\\www\\agrismart_ci4\\app\\Views\\userfolder\\harvest.php')
 7 SYSTEMPATH\View\View.php(231): CodeIgniter\View\View->CodeIgniter\View\{closure}()
 8 SYSTEMPATH\Common.php(1190): CodeIgniter\View\View->render('userfolder/harvest', [], true)
 9 APPPATH\Controllers\DashboardController.php(422): view('userfolder/harvest', [...])
10 SYSTEMPATH\CodeIgniter.php(942): App\Controllers\DashboardController->addnewworker()
11 SYSTEMPATH\CodeIgniter.php(502): CodeIgniter\CodeIgniter->runController(Object(App\Controllers\DashboardController))
12 SYSTEMPATH\CodeIgniter.php(361): CodeIgniter\CodeIgniter->handleRequest(null, Object(Config\Cache), false)
13 FCPATH\index.php(79): CodeIgniter\CodeIgniter->run()
14 SYSTEMPATH\Commands\Server\rewrite.php(47): require_once('C:\\laragon\\www\\agrismart_ci4\\public\\index.php')
CRITICAL - 2023-12-17 15:57:28 --> Invalid file: "userfolder/workers.php"
in SYSTEMPATH\Exceptions\FrameworkException.php on line 39.
 1 SYSTEMPATH\View\View.php(216): CodeIgniter\Exceptions\FrameworkException::forInvalidFile('userfolder/workers.php')
 2 SYSTEMPATH\Common.php(1190): CodeIgniter\View\View->render('userfolder/workers', [], true)
 3 APPPATH\Controllers\DashboardController.php(422): view('userfolder/workers', [...])
 4 SYSTEMPATH\CodeIgniter.php(942): App\Controllers\DashboardController->addnewworker()
 5 SYSTEMPATH\CodeIgniter.php(502): CodeIgniter\CodeIgniter->runController(Object(App\Controllers\DashboardController))
 6 SYSTEMPATH\CodeIgniter.php(361): CodeIgniter\CodeIgniter->handleRequest(null, Object(Config\Cache), false)
 7 FCPATH\index.php(79): CodeIgniter\CodeIgniter->run()
 8 SYSTEMPATH\Commands\Server\rewrite.php(47): require_once('C:\\laragon\\www\\agrismart_ci4\\public\\index.php')
CRITICAL - 2023-12-17 15:57:47 --> Undefined variable $worker
in APPPATH\Views\dashboard\main-worker.php on line 34.
 1 APPPATH\Views\dashboard\main-worker.php(34): CodeIgniter\Debug\Exceptions->errorHandler(2, 'Undefined variable $worker', 'C:\\laragon\\www\\agrismart_ci4\\app\\Views\\dashboard\\main-worker.php', 34)
 2 SYSTEMPATH\View\View.php(228): include('C:\\laragon\\www\\agrismart_ci4\\app\\Views\\dashboard\\main-worker.php')
 3 SYSTEMPATH\View\View.php(231): CodeIgniter\View\View->CodeIgniter\View\{closure}()
 4 SYSTEMPATH\View\View.php(469): CodeIgniter\View\View->render('/dashboard/main-worker', null, true)
 5 APPPATH\Views\userfolder\worker.php(6): CodeIgniter\View\View->include('/dashboard/main-worker')
 6 SYSTEMPATH\View\View.php(228): include('C:\\laragon\\www\\agrismart_ci4\\app\\Views\\userfolder\\worker.php')
 7 SYSTEMPATH\View\View.php(231): CodeIgniter\View\View->CodeIgniter\View\{closure}()
 8 SYSTEMPATH\Common.php(1190): CodeIgniter\View\View->render('userfolder/worker', [], true)
 9 APPPATH\Controllers\DashboardController.php(422): view('userfolder/worker', [...])
10 SYSTEMPATH\CodeIgniter.php(942): App\Controllers\DashboardController->addnewworker()
11 SYSTEMPATH\CodeIgniter.php(502): CodeIgniter\CodeIgniter->runController(Object(App\Controllers\DashboardController))
12 SYSTEMPATH\CodeIgniter.php(361): CodeIgniter\CodeIgniter->handleRequest(null, Object(Config\Cache), false)
13 FCPATH\index.php(79): CodeIgniter\CodeIgniter->run()
14 SYSTEMPATH\Commands\Server\rewrite.php(47): require_once('C:\\laragon\\www\\agrismart_ci4\\public\\index.php')
CRITICAL - 2023-12-17 15:59:50 --> Undefined variable $worker
in APPPATH\Views\dashboard\main-worker.php on line 34.
 1 APPPATH\Views\dashboard\main-worker.php(34): CodeIgniter\Debug\Exceptions->errorHandler(2, 'Undefined variable $worker', 'C:\\laragon\\www\\agrismart_ci4\\app\\Views\\dashboard\\main-worker.php', 34)
 2 SYSTEMPATH\View\View.php(228): include('C:\\laragon\\www\\agrismart_ci4\\app\\Views\\dashboard\\main-worker.php')
 3 SYSTEMPATH\View\View.php(231): CodeIgniter\View\View->CodeIgniter\View\{closure}()
 4 SYSTEMPATH\View\View.php(469): CodeIgniter\View\View->render('/dashboard/main-worker', null, true)
 5 APPPATH\Views\userfolder\worker.php(6): CodeIgniter\View\View->include('/dashboard/main-worker')
 6 SYSTEMPATH\View\View.php(228): include('C:\\laragon\\www\\agrismart_ci4\\app\\Views\\userfolder\\worker.php')
 7 SYSTEMPATH\View\View.php(231): CodeIgniter\View\View->CodeIgniter\View\{closure}()
 8 SYSTEMPATH\Common.php(1190): CodeIgniter\View\View->render('userfolder/worker', [], true)
 9 APPPATH\Controllers\DashboardController.php(422): view('userfolder/worker', [...])
10 SYSTEMPATH\CodeIgniter.php(942): App\Controllers\DashboardController->addnewworker()
11 SYSTEMPATH\CodeIgniter.php(502): CodeIgniter\CodeIgniter->runController(Object(App\Controllers\DashboardController))
12 SYSTEMPATH\CodeIgniter.php(361): CodeIgniter\CodeIgniter->handleRequest(null, Object(Config\Cache), false)
13 FCPATH\index.php(79): CodeIgniter\CodeIgniter->run()
14 SYSTEMPATH\Commands\Server\rewrite.php(47): require_once('C:\\laragon\\www\\agrismart_ci4\\public\\index.php')
CRITICAL - 2023-12-17 16:28:15 --> There is no data to update.
in SYSTEMPATH\BaseModel.php on line 930.
 1 SYSTEMPATH\BaseModel.php(930): CodeIgniter\Database\Exceptions\DataException::forEmptyDataset('update')
 2 SYSTEMPATH\Model.php(776): CodeIgniter\BaseModel->update([...], [])
 3 APPPATH\Controllers\DashboardController.php(447): CodeIgniter\Model->update('2', [...])
 4 SYSTEMPATH\CodeIgniter.php(942): App\Controllers\DashboardController->updateworker()
 5 SYSTEMPATH\CodeIgniter.php(502): CodeIgniter\CodeIgniter->runController(Object(App\Controllers\DashboardController))
 6 SYSTEMPATH\CodeIgniter.php(361): CodeIgniter\CodeIgniter->handleRequest(null, Object(Config\Cache), false)
 7 FCPATH\index.php(79): CodeIgniter\CodeIgniter->run()
 8 SYSTEMPATH\Commands\Server\rewrite.php(47): require_once('C:\\laragon\\www\\agrismart_ci4\\public\\index.php')
CRITICAL - 2023-12-17 16:28:46 --> There is no data to update.
in SYSTEMPATH\BaseModel.php on line 930.
 1 SYSTEMPATH\BaseModel.php(930): CodeIgniter\Database\Exceptions\DataException::forEmptyDataset('update')
 2 SYSTEMPATH\Model.php(776): CodeIgniter\BaseModel->update([...], [])
 3 APPPATH\Controllers\DashboardController.php(447): CodeIgniter\Model->update('2', [...])
 4 SYSTEMPATH\CodeIgniter.php(942): App\Controllers\DashboardController->updateworker()
 5 SYSTEMPATH\CodeIgniter.php(502): CodeIgniter\CodeIgniter->runController(Object(App\Controllers\DashboardController))
 6 SYSTEMPATH\CodeIgniter.php(361): CodeIgniter\CodeIgniter->handleRequest(null, Object(Config\Cache), false)
 7 FCPATH\index.php(79): CodeIgniter\CodeIgniter->run()
 8 SYSTEMPATH\Commands\Server\rewrite.php(47): require_once('C:\\laragon\\www\\agrismart_ci4\\public\\index.php')
