CRITICAL - 2024-02-09 07:49:38 --> Undefined variable $equipment
in APPPATH\Views\dashboard\main-equipment.php on line 35.
 1 APPPATH\Views\dashboard\main-equipment.php(35): CodeIgniter\Debug\Exceptions->errorHandler(2, 'Undefined variable $equipment', 'C:\\laragon\\www\\agrismart_ci4\\app\\Views\\dashboard\\main-equipment.php', 35)
 2 SYSTEMPATH\View\View.php(228): include('C:\\laragon\\www\\agrismart_ci4\\app\\Views\\dashboard\\main-equipment.php')
 3 SYSTEMPATH\View\View.php(231): CodeIgniter\View\View->CodeIgniter\View\{closure}()
 4 SYSTEMPATH\View\View.php(469): CodeIgniter\View\View->render('/dashboard/main-equipment', null, true)
 5 APPPATH\Views\userfolder\equipment.php(6): CodeIgniter\View\View->include('/dashboard/main-equipment')
 6 SYSTEMPATH\View\View.php(228): include('C:\\laragon\\www\\agrismart_ci4\\app\\Views\\userfolder\\equipment.php')
 7 SYSTEMPATH\View\View.php(231): CodeIgniter\View\View->CodeIgniter\View\{closure}()
 8 SYSTEMPATH\Common.php(1190): CodeIgniter\View\View->render('userfolder/equipment', [], true)
 9 APPPATH\Controllers\DashboardController.php(573): view('userfolder/equipment', [...])
10 SYSTEMPATH\CodeIgniter.php(942): App\Controllers\DashboardController->addnewequipment()
11 SYSTEMPATH\CodeIgniter.php(502): CodeIgniter\CodeIgniter->runController(Object(App\Controllers\DashboardController))
12 SYSTEMPATH\CodeIgniter.php(361): CodeIgniter\CodeIgniter->handleRequest(null, Object(Config\Cache), false)
13 FCPATH\index.php(79): CodeIgniter\CodeIgniter->run()
14 SYSTEMPATH\Commands\Server\rewrite.php(47): require_once('C:\\laragon\\www\\agrismart_ci4\\public\\index.php')
CRITICAL - 2024-02-09 07:50:57 --> Undefined variable $equipment
in APPPATH\Views\dashboard\main-equipment.php on line 35.
 1 APPPATH\Views\dashboard\main-equipment.php(35): CodeIgniter\Debug\Exceptions->errorHandler(2, 'Undefined variable $equipment', 'C:\\laragon\\www\\agrismart_ci4\\app\\Views\\dashboard\\main-equipment.php', 35)
 2 SYSTEMPATH\View\View.php(228): include('C:\\laragon\\www\\agrismart_ci4\\app\\Views\\dashboard\\main-equipment.php')
 3 SYSTEMPATH\View\View.php(231): CodeIgniter\View\View->CodeIgniter\View\{closure}()
 4 SYSTEMPATH\View\View.php(469): CodeIgniter\View\View->render('/dashboard/main-equipment', null, true)
 5 APPPATH\Views\userfolder\equipment.php(6): CodeIgniter\View\View->include('/dashboard/main-equipment')
 6 SYSTEMPATH\View\View.php(228): include('C:\\laragon\\www\\agrismart_ci4\\app\\Views\\userfolder\\equipment.php')
 7 SYSTEMPATH\View\View.php(231): CodeIgniter\View\View->CodeIgniter\View\{closure}()
 8 SYSTEMPATH\Common.php(1190): CodeIgniter\View\View->render('userfolder/equipment', [], true)
 9 APPPATH\Controllers\DashboardController.php(573): view('userfolder/equipment', [...])
10 SYSTEMPATH\CodeIgniter.php(942): App\Controllers\DashboardController->addnewequipment()
11 SYSTEMPATH\CodeIgniter.php(502): CodeIgniter\CodeIgniter->runController(Object(App\Controllers\DashboardController))
12 SYSTEMPATH\CodeIgniter.php(361): CodeIgniter\CodeIgniter->handleRequest(null, Object(Config\Cache), false)
13 FCPATH\index.php(79): CodeIgniter\CodeIgniter->run()
14 SYSTEMPATH\Commands\Server\rewrite.php(47): require_once('C:\\laragon\\www\\agrismart_ci4\\public\\index.php')
CRITICAL - 2024-02-09 07:51:04 --> Undefined variable $equipment
in APPPATH\Views\dashboard\main-equipment.php on line 35.
 1 APPPATH\Views\dashboard\main-equipment.php(35): CodeIgniter\Debug\Exceptions->errorHandler(2, 'Undefined variable $equipment', 'C:\\laragon\\www\\agrismart_ci4\\app\\Views\\dashboard\\main-equipment.php', 35)
 2 SYSTEMPATH\View\View.php(228): include('C:\\laragon\\www\\agrismart_ci4\\app\\Views\\dashboard\\main-equipment.php')
 3 SYSTEMPATH\View\View.php(231): CodeIgniter\View\View->CodeIgniter\View\{closure}()
 4 SYSTEMPATH\View\View.php(469): CodeIgniter\View\View->render('/dashboard/main-equipment', null, true)
 5 APPPATH\Views\userfolder\equipment.php(6): CodeIgniter\View\View->include('/dashboard/main-equipment')
 6 SYSTEMPATH\View\View.php(228): include('C:\\laragon\\www\\agrismart_ci4\\app\\Views\\userfolder\\equipment.php')
 7 SYSTEMPATH\View\View.php(231): CodeIgniter\View\View->CodeIgniter\View\{closure}()
 8 SYSTEMPATH\Common.php(1190): CodeIgniter\View\View->render('userfolder/equipment', [], true)
 9 APPPATH\Controllers\DashboardController.php(573): view('userfolder/equipment', [...])
10 SYSTEMPATH\CodeIgniter.php(942): App\Controllers\DashboardController->addnewequipment()
11 SYSTEMPATH\CodeIgniter.php(502): CodeIgniter\CodeIgniter->runController(Object(App\Controllers\DashboardController))
12 SYSTEMPATH\CodeIgniter.php(361): CodeIgniter\CodeIgniter->handleRequest(null, Object(Config\Cache), false)
13 FCPATH\index.php(79): CodeIgniter\CodeIgniter->run()
14 SYSTEMPATH\Commands\Server\rewrite.php(47): require_once('C:\\laragon\\www\\agrismart_ci4\\public\\index.php')
CRITICAL - 2024-02-09 07:51:43 --> Undefined array key "notes"
in APPPATH\Views\dashboard\main-equipment.php on line 39.
 1 APPPATH\Views\dashboard\main-equipment.php(39): CodeIgniter\Debug\Exceptions->errorHandler(2, 'Undefined array key "notes"', 'C:\\laragon\\www\\agrismart_ci4\\app\\Views\\dashboard\\main-equipment.php', 39)
 2 SYSTEMPATH\View\View.php(228): include('C:\\laragon\\www\\agrismart_ci4\\app\\Views\\dashboard\\main-equipment.php')
 3 SYSTEMPATH\View\View.php(231): CodeIgniter\View\View->CodeIgniter\View\{closure}()
 4 SYSTEMPATH\View\View.php(469): CodeIgniter\View\View->render('/dashboard/main-equipment', null, true)
 5 APPPATH\Views\userfolder\equipment.php(6): CodeIgniter\View\View->include('/dashboard/main-equipment')
 6 SYSTEMPATH\View\View.php(228): include('C:\\laragon\\www\\agrismart_ci4\\app\\Views\\userfolder\\equipment.php')
 7 SYSTEMPATH\View\View.php(231): CodeIgniter\View\View->CodeIgniter\View\{closure}()
 8 SYSTEMPATH\Common.php(1190): CodeIgniter\View\View->render('userfolder/equipment', [], true)
 9 APPPATH\Controllers\DashboardController.php(560): view('userfolder/equipment', [...])
10 SYSTEMPATH\CodeIgniter.php(942): App\Controllers\DashboardController->equipment()
11 SYSTEMPATH\CodeIgniter.php(502): CodeIgniter\CodeIgniter->runController(Object(App\Controllers\DashboardController))
12 SYSTEMPATH\CodeIgniter.php(361): CodeIgniter\CodeIgniter->handleRequest(null, Object(Config\Cache), false)
13 FCPATH\index.php(79): CodeIgniter\CodeIgniter->run()
14 SYSTEMPATH\Commands\Server\rewrite.php(47): require_once('C:\\laragon\\www\\agrismart_ci4\\public\\index.php')
CRITICAL - 2024-02-09 13:34:14 --> Undefined variable $resultRevenue
in APPPATH\Views\dashboard\main-dashboard.php on line 92.
 1 APPPATH\Views\dashboard\main-dashboard.php(92): CodeIgniter\Debug\Exceptions->errorHandler(2, 'Undefined variable $resultRevenue', 'C:\\laragon\\www\\agrismart_ci4\\app\\Views\\dashboard\\main-dashboard.php', 92)
 2 SYSTEMPATH\View\View.php(228): include('C:\\laragon\\www\\agrismart_ci4\\app\\Views\\dashboard\\main-dashboard.php')
 3 SYSTEMPATH\View\View.php(231): CodeIgniter\View\View->CodeIgniter\View\{closure}()
 4 SYSTEMPATH\View\View.php(469): CodeIgniter\View\View->render('/dashboard/main-dashboard', null, true)
 5 APPPATH\Views\userfolder\dashboard.php(5): CodeIgniter\View\View->include('/dashboard/main-dashboard')
 6 SYSTEMPATH\View\View.php(228): include('C:\\laragon\\www\\agrismart_ci4\\app\\Views\\userfolder\\dashboard.php')
 7 SYSTEMPATH\View\View.php(231): CodeIgniter\View\View->CodeIgniter\View\{closure}()
 8 SYSTEMPATH\Common.php(1190): CodeIgniter\View\View->render('userfolder/dashboard', [], true)
 9 APPPATH\Controllers\LoginController.php(85): view('userfolder/dashboard', [...])
10 SYSTEMPATH\CodeIgniter.php(942): App\Controllers\LoginController->dashboards()
11 SYSTEMPATH\CodeIgniter.php(502): CodeIgniter\CodeIgniter->runController(Object(App\Controllers\LoginController))
12 SYSTEMPATH\CodeIgniter.php(361): CodeIgniter\CodeIgniter->handleRequest(null, Object(Config\Cache), false)
13 FCPATH\index.php(79): CodeIgniter\CodeIgniter->run()
14 SYSTEMPATH\Commands\Server\rewrite.php(47): require_once('C:\\laragon\\www\\agrismart_ci4\\public\\index.php')
