CRITICAL - 2024-02-08 12:49:54 --> Undefined variable $variety
in APPPATH\Views\dashboard\main-fertilizer.php on line 38.
 1 APPPATH\Views\dashboard\main-fertilizer.php(38): CodeIgniter\Debug\Exceptions->errorHandler(2, 'Undefined variable $variety', 'C:\\laragon\\www\\agrismart_ci4\\app\\Views\\dashboard\\main-fertilizer.php', 38)
 2 SYSTEMPATH\View\View.php(228): include('C:\\laragon\\www\\agrismart_ci4\\app\\Views\\dashboard\\main-fertilizer.php')
 3 SYSTEMPATH\View\View.php(231): CodeIgniter\View\View->CodeIgniter\View\{closure}()
 4 SYSTEMPATH\View\View.php(469): CodeIgniter\View\View->render('/dashboard/main-fertilizer', null, true)
 5 APPPATH\Views\userfolder\fertilizers.php(6): CodeIgniter\View\View->include('/dashboard/main-fertilizer')
 6 SYSTEMPATH\View\View.php(228): include('C:\\laragon\\www\\agrismart_ci4\\app\\Views\\userfolder\\fertilizers.php')
 7 SYSTEMPATH\View\View.php(231): CodeIgniter\View\View->CodeIgniter\View\{closure}()
 8 SYSTEMPATH\Common.php(1190): CodeIgniter\View\View->render('userfolder/fertilizers', [], true)
 9 APPPATH\Controllers\DashboardController.php(518): view('userfolder/fertilizers', [...])
10 SYSTEMPATH\CodeIgniter.php(942): App\Controllers\DashboardController->fertilizers()
11 SYSTEMPATH\CodeIgniter.php(502): CodeIgniter\CodeIgniter->runController(Object(App\Controllers\DashboardController))
12 SYSTEMPATH\CodeIgniter.php(361): CodeIgniter\CodeIgniter->handleRequest(null, Object(Config\Cache), false)
13 FCPATH\index.php(79): CodeIgniter\CodeIgniter->run()
14 SYSTEMPATH\Commands\Server\rewrite.php(47): require_once('C:\\laragon\\www\\agrismart_ci4\\public\\index.php')
CRITICAL - 2024-02-08 14:09:41 --> Undefined array key "feriety_id"
in APPPATH\Views\dashboard\main-fertilizer.php on line 59.
 1 APPPATH\Views\dashboard\main-fertilizer.php(59): CodeIgniter\Debug\Exceptions->errorHandler(2, 'Undefined array key "feriety_id"', 'C:\\laragon\\www\\agrismart_ci4\\app\\Views\\dashboard\\main-fertilizer.php', 59)
 2 SYSTEMPATH\View\View.php(228): include('C:\\laragon\\www\\agrismart_ci4\\app\\Views\\dashboard\\main-fertilizer.php')
 3 SYSTEMPATH\View\View.php(231): CodeIgniter\View\View->CodeIgniter\View\{closure}()
 4 SYSTEMPATH\View\View.php(469): CodeIgniter\View\View->render('/dashboard/main-fertilizer', null, true)
 5 APPPATH\Views\userfolder\fertilizers.php(6): CodeIgniter\View\View->include('/dashboard/main-fertilizer')
 6 SYSTEMPATH\View\View.php(228): include('C:\\laragon\\www\\agrismart_ci4\\app\\Views\\userfolder\\fertilizers.php')
 7 SYSTEMPATH\View\View.php(231): CodeIgniter\View\View->CodeIgniter\View\{closure}()
 8 SYSTEMPATH\Common.php(1190): CodeIgniter\View\View->render('userfolder/fertilizers', [], true)
 9 APPPATH\Controllers\DashboardController.php(519): view('userfolder/fertilizers', [...])
10 SYSTEMPATH\CodeIgniter.php(942): App\Controllers\DashboardController->fertilizers()
11 SYSTEMPATH\CodeIgniter.php(502): CodeIgniter\CodeIgniter->runController(Object(App\Controllers\DashboardController))
12 SYSTEMPATH\CodeIgniter.php(361): CodeIgniter\CodeIgniter->handleRequest(null, Object(Config\Cache), false)
13 FCPATH\index.php(79): CodeIgniter\CodeIgniter->run()
14 SYSTEMPATH\Commands\Server\rewrite.php(47): require_once('C:\\laragon\\www\\agrismart_ci4\\public\\index.php')
CRITICAL - 2024-02-08 14:31:21 --> Undefined variable $equipment
in APPPATH\Views\dashboard\main-equipment.php on line 35.
 1 APPPATH\Views\dashboard\main-equipment.php(35): CodeIgniter\Debug\Exceptions->errorHandler(2, 'Undefined variable $equipment', 'C:\\laragon\\www\\agrismart_ci4\\app\\Views\\dashboard\\main-equipment.php', 35)
 2 SYSTEMPATH\View\View.php(228): include('C:\\laragon\\www\\agrismart_ci4\\app\\Views\\dashboard\\main-equipment.php')
 3 SYSTEMPATH\View\View.php(231): CodeIgniter\View\View->CodeIgniter\View\{closure}()
 4 SYSTEMPATH\View\View.php(469): CodeIgniter\View\View->render('/dashboard/main-equipment', null, true)
 5 APPPATH\Views\userfolder\equipment.php(6): CodeIgniter\View\View->include('/dashboard/main-equipment')
 6 SYSTEMPATH\View\View.php(228): include('C:\\laragon\\www\\agrismart_ci4\\app\\Views\\userfolder\\equipment.php')
 7 SYSTEMPATH\View\View.php(231): CodeIgniter\View\View->CodeIgniter\View\{closure}()
 8 SYSTEMPATH\Common.php(1190): CodeIgniter\View\View->render('userfolder/equipment', [], true)
 9 APPPATH\Controllers\DashboardController.php(573): view('userfolder/equipment', [...])
10 SYSTEMPATH\CodeIgniter.php(942): App\Controllers\DashboardController->addnewequipment()
11 SYSTEMPATH\CodeIgniter.php(502): CodeIgniter\CodeIgniter->runController(Object(App\Controllers\DashboardController))
12 SYSTEMPATH\CodeIgniter.php(361): CodeIgniter\CodeIgniter->handleRequest(null, Object(Config\Cache), false)
13 FCPATH\index.php(79): CodeIgniter\CodeIgniter->run()
14 SYSTEMPATH\Commands\Server\rewrite.php(47): require_once('C:\\laragon\\www\\agrismart_ci4\\public\\index.php')
