CRITICAL - 2024-02-13 04:31:02 --> Undefined array key "profile_pictures"
in APPPATH\Views\dashboard\mainaddprofile.php on line 8.
 1 APPPATH\Views\dashboard\mainaddprofile.php(8): CodeIgniter\Debug\Exceptions->errorHandler(2, 'Undefined array key "profile_pictures"', 'C:\\laragon\\www\\agrismart_ci4\\app\\Views\\dashboard\\mainaddprofile.php', 8)
 2 SYSTEMPATH\View\View.php(228): include('C:\\laragon\\www\\agrismart_ci4\\app\\Views\\dashboard\\mainaddprofile.php')
 3 SYSTEMPATH\View\View.php(231): CodeIgniter\View\View->CodeIgniter\View\{closure}()
 4 SYSTEMPATH\View\View.php(469): CodeIgniter\View\View->render('/dashboard/mainaddprofile', null, true)
 5 APPPATH\Views\userfolder\addprofile.php(6): CodeIgniter\View\View->include('/dashboard/mainaddprofile')
 6 SYSTEMPATH\View\View.php(228): include('C:\\laragon\\www\\agrismart_ci4\\app\\Views\\userfolder\\addprofile.php')
 7 SYSTEMPATH\View\View.php(231): CodeIgniter\View\View->CodeIgniter\View\{closure}()
 8 SYSTEMPATH\Common.php(1190): CodeIgniter\View\View->render('userfolder/addprofile', [], true)
 9 APPPATH\Controllers\DashboardController.php(570): view('userfolder/addprofile', [...])
10 SYSTEMPATH\CodeIgniter.php(942): App\Controllers\DashboardController->addprofile()
11 SYSTEMPATH\CodeIgniter.php(502): CodeIgniter\CodeIgniter->runController(Object(App\Controllers\DashboardController))
12 SYSTEMPATH\CodeIgniter.php(361): CodeIgniter\CodeIgniter->handleRequest(null, Object(Config\Cache), false)
13 FCPATH\index.php(79): CodeIgniter\CodeIgniter->run()
14 SYSTEMPATH\Commands\Server\rewrite.php(47): require_once('C:\\laragon\\www\\agrismart_ci4\\public\\index.php')
CRITICAL - 2024-02-13 21:01:30 --> Undefined variable $totalHarvestQuantity
in APPPATH\Views\dashboard\mainaddprofile.php on line 37.
 1 APPPATH\Views\dashboard\mainaddprofile.php(37): CodeIgniter\Debug\Exceptions->errorHandler(2, 'Undefined variable $totalHarvestQuantity', 'C:\\laragon\\www\\agrismart_ci4\\app\\Views\\dashboard\\mainaddprofile.php', 37)
 2 SYSTEMPATH\View\View.php(228): include('C:\\laragon\\www\\agrismart_ci4\\app\\Views\\dashboard\\mainaddprofile.php')
 3 SYSTEMPATH\View\View.php(231): CodeIgniter\View\View->CodeIgniter\View\{closure}()
 4 SYSTEMPATH\View\View.php(469): CodeIgniter\View\View->render('/dashboard/mainaddprofile', null, true)
 5 APPPATH\Views\userfolder\addprofile.php(6): CodeIgniter\View\View->include('/dashboard/mainaddprofile')
 6 SYSTEMPATH\View\View.php(228): include('C:\\laragon\\www\\agrismart_ci4\\app\\Views\\userfolder\\addprofile.php')
 7 SYSTEMPATH\View\View.php(231): CodeIgniter\View\View->CodeIgniter\View\{closure}()
 8 SYSTEMPATH\Common.php(1190): CodeIgniter\View\View->render('userfolder/addprofile', [], true)
 9 APPPATH\Controllers\DashboardController.php(570): view('userfolder/addprofile', [...])
10 SYSTEMPATH\CodeIgniter.php(942): App\Controllers\DashboardController->addprofile()
11 SYSTEMPATH\CodeIgniter.php(502): CodeIgniter\CodeIgniter->runController(Object(App\Controllers\DashboardController))
12 SYSTEMPATH\CodeIgniter.php(361): CodeIgniter\CodeIgniter->handleRequest(null, Object(Config\Cache), false)
13 FCPATH\index.php(79): CodeIgniter\CodeIgniter->run()
14 SYSTEMPATH\Commands\Server\rewrite.php(47): require_once('C:\\laragon\\www\\agrismart_ci4\\public\\index.php')
CRITICAL - 2024-02-13 21:11:46 --> Undefined variable $field
in APPPATH\Views\dashboard\mainaddprofile.php on line 79.
 1 APPPATH\Views\dashboard\mainaddprofile.php(79): CodeIgniter\Debug\Exceptions->errorHandler(2, 'Undefined variable $field', 'C:\\laragon\\www\\agrismart_ci4\\app\\Views\\dashboard\\mainaddprofile.php', 79)
 2 SYSTEMPATH\View\View.php(228): include('C:\\laragon\\www\\agrismart_ci4\\app\\Views\\dashboard\\mainaddprofile.php')
 3 SYSTEMPATH\View\View.php(231): CodeIgniter\View\View->CodeIgniter\View\{closure}()
 4 SYSTEMPATH\View\View.php(469): CodeIgniter\View\View->render('/dashboard/mainaddprofile', null, true)
 5 APPPATH\Views\userfolder\addprofile.php(6): CodeIgniter\View\View->include('/dashboard/mainaddprofile')
 6 SYSTEMPATH\View\View.php(228): include('C:\\laragon\\www\\agrismart_ci4\\app\\Views\\userfolder\\addprofile.php')
 7 SYSTEMPATH\View\View.php(231): CodeIgniter\View\View->CodeIgniter\View\{closure}()
 8 SYSTEMPATH\Common.php(1190): CodeIgniter\View\View->render('userfolder/addprofile', [], true)
 9 APPPATH\Controllers\DashboardController.php(612): view('userfolder/addprofile', [...])
10 SYSTEMPATH\CodeIgniter.php(942): App\Controllers\DashboardController->addprofile()
11 SYSTEMPATH\CodeIgniter.php(502): CodeIgniter\CodeIgniter->runController(Object(App\Controllers\DashboardController))
12 SYSTEMPATH\CodeIgniter.php(361): CodeIgniter\CodeIgniter->handleRequest(null, Object(Config\Cache), false)
13 FCPATH\index.php(79): CodeIgniter\CodeIgniter->run()
14 SYSTEMPATH\Commands\Server\rewrite.php(47): require_once('C:\\laragon\\www\\agrismart_ci4\\public\\index.php')
