CRITICAL - 2024-02-18 08:04:58 --> Undefined variable $variety
in APPPATH\Views\dashboard\main-cropvariety.php on line 40.
 1 APPPATH\Views\dashboard\main-cropvariety.php(40): CodeIgniter\Debug\Exceptions->errorHandler(2, 'Undefined variable $variety', 'C:\\laragon\\www\\agrismart_ci4\\app\\Views\\dashboard\\main-cropvariety.php', 40)
 2 SYSTEMPATH\View\View.php(228): include('C:\\laragon\\www\\agrismart_ci4\\app\\Views\\dashboard\\main-cropvariety.php')
 3 SYSTEMPATH\View\View.php(231): CodeIgniter\View\View->CodeIgniter\View\{closure}()
 4 SYSTEMPATH\View\View.php(469): CodeIgniter\View\View->render('/dashboard/main-cropvariety', null, true)
 5 APPPATH\Views\userfolder\cropvariety.php(6): CodeIgniter\View\View->include('/dashboard/main-cropvariety')
 6 SYSTEMPATH\View\View.php(228): include('C:\\laragon\\www\\agrismart_ci4\\app\\Views\\userfolder\\cropvariety.php')
 7 SYSTEMPATH\View\View.php(231): CodeIgniter\View\View->CodeIgniter\View\{closure}()
 8 SYSTEMPATH\Common.php(1190): CodeIgniter\View\View->render('userfolder/cropvariety', [], true)
 9 APPPATH\Controllers\DashboardController.php(465): view('userfolder/cropvariety', [...])
10 SYSTEMPATH\CodeIgniter.php(942): App\Controllers\DashboardController->addnewvariety()
11 SYSTEMPATH\CodeIgniter.php(502): CodeIgniter\CodeIgniter->runController(Object(App\Controllers\DashboardController))
12 SYSTEMPATH\CodeIgniter.php(361): CodeIgniter\CodeIgniter->handleRequest(null, Object(Config\Cache), false)
13 FCPATH\index.php(79): CodeIgniter\CodeIgniter->run()
14 SYSTEMPATH\Commands\Server\rewrite.php(47): require_once('C:\\laragon\\www\\agrismart_ci4\\public\\index.php')
CRITICAL - 2024-02-18 08:07:35 --> Undefined variable $variety
in APPPATH\Views\dashboard\main-cropvariety.php on line 40.
 1 APPPATH\Views\dashboard\main-cropvariety.php(40): CodeIgniter\Debug\Exceptions->errorHandler(2, 'Undefined variable $variety', 'C:\\laragon\\www\\agrismart_ci4\\app\\Views\\dashboard\\main-cropvariety.php', 40)
 2 SYSTEMPATH\View\View.php(228): include('C:\\laragon\\www\\agrismart_ci4\\app\\Views\\dashboard\\main-cropvariety.php')
 3 SYSTEMPATH\View\View.php(231): CodeIgniter\View\View->CodeIgniter\View\{closure}()
 4 SYSTEMPATH\View\View.php(469): CodeIgniter\View\View->render('/dashboard/main-cropvariety', null, true)
 5 APPPATH\Views\userfolder\cropvariety.php(6): CodeIgniter\View\View->include('/dashboard/main-cropvariety')
 6 SYSTEMPATH\View\View.php(228): include('C:\\laragon\\www\\agrismart_ci4\\app\\Views\\userfolder\\cropvariety.php')
 7 SYSTEMPATH\View\View.php(231): CodeIgniter\View\View->CodeIgniter\View\{closure}()
 8 SYSTEMPATH\Common.php(1190): CodeIgniter\View\View->render('userfolder/cropvariety', [], true)
 9 APPPATH\Controllers\DashboardController.php(465): view('userfolder/cropvariety', [...])
10 SYSTEMPATH\CodeIgniter.php(942): App\Controllers\DashboardController->addnewvariety()
11 SYSTEMPATH\CodeIgniter.php(502): CodeIgniter\CodeIgniter->runController(Object(App\Controllers\DashboardController))
12 SYSTEMPATH\CodeIgniter.php(361): CodeIgniter\CodeIgniter->handleRequest(null, Object(Config\Cache), false)
13 FCPATH\index.php(79): CodeIgniter\CodeIgniter->run()
14 SYSTEMPATH\Commands\Server\rewrite.php(47): require_once('C:\\laragon\\www\\agrismart_ci4\\public\\index.php')
CRITICAL - 2024-02-18 08:07:51 --> Undefined variable $variety
in APPPATH\Views\dashboard\main-cropvariety.php on line 40.
 1 APPPATH\Views\dashboard\main-cropvariety.php(40): CodeIgniter\Debug\Exceptions->errorHandler(2, 'Undefined variable $variety', 'C:\\laragon\\www\\agrismart_ci4\\app\\Views\\dashboard\\main-cropvariety.php', 40)
 2 SYSTEMPATH\View\View.php(228): include('C:\\laragon\\www\\agrismart_ci4\\app\\Views\\dashboard\\main-cropvariety.php')
 3 SYSTEMPATH\View\View.php(231): CodeIgniter\View\View->CodeIgniter\View\{closure}()
 4 SYSTEMPATH\View\View.php(469): CodeIgniter\View\View->render('/dashboard/main-cropvariety', null, true)
 5 APPPATH\Views\userfolder\cropvariety.php(6): CodeIgniter\View\View->include('/dashboard/main-cropvariety')
 6 SYSTEMPATH\View\View.php(228): include('C:\\laragon\\www\\agrismart_ci4\\app\\Views\\userfolder\\cropvariety.php')
 7 SYSTEMPATH\View\View.php(231): CodeIgniter\View\View->CodeIgniter\View\{closure}()
 8 SYSTEMPATH\Common.php(1190): CodeIgniter\View\View->render('userfolder/cropvariety', [], true)
 9 APPPATH\Controllers\DashboardController.php(465): view('userfolder/cropvariety', [...])
10 SYSTEMPATH\CodeIgniter.php(942): App\Controllers\DashboardController->addnewvariety()
11 SYSTEMPATH\CodeIgniter.php(502): CodeIgniter\CodeIgniter->runController(Object(App\Controllers\DashboardController))
12 SYSTEMPATH\CodeIgniter.php(361): CodeIgniter\CodeIgniter->handleRequest(null, Object(Config\Cache), false)
13 FCPATH\index.php(79): CodeIgniter\CodeIgniter->run()
14 SYSTEMPATH\Commands\Server\rewrite.php(47): require_once('C:\\laragon\\www\\agrismart_ci4\\public\\index.php')
CRITICAL - 2024-02-18 08:12:48 --> Invalid file: "/navbar.php"
in SYSTEMPATH\Exceptions\FrameworkException.php on line 39.
 1 SYSTEMPATH\View\View.php(216): CodeIgniter\Exceptions\FrameworkException::forInvalidFile('/navbar.php')
 2 SYSTEMPATH\View\View.php(469): CodeIgniter\View\View->render('/navbar', null, true)
 3 APPPATH\Views\admin_dashboard\main-map.php(29): CodeIgniter\View\View->include('/navbar')
 4 SYSTEMPATH\View\View.php(228): include('C:\\laragon\\www\\agrismart_ci4\\app\\Views\\admin_dashboard\\main-map.php')
 5 SYSTEMPATH\View\View.php(231): CodeIgniter\View\View->CodeIgniter\View\{closure}()
 6 SYSTEMPATH\View\View.php(469): CodeIgniter\View\View->render('/admin_dashboard/main-map', null, true)
 7 APPPATH\Views\adminfolder\map.php(6): CodeIgniter\View\View->include('/admin_dashboard/main-map')
 8 SYSTEMPATH\View\View.php(228): include('C:\\laragon\\www\\agrismart_ci4\\app\\Views\\adminfolder\\map.php')
 9 SYSTEMPATH\View\View.php(231): CodeIgniter\View\View->CodeIgniter\View\{closure}()
10 SYSTEMPATH\Common.php(1190): CodeIgniter\View\View->render('adminfolder/map', [], true)
11 APPPATH\Controllers\DashboardController.php(692): view('adminfolder/map', [...])
12 SYSTEMPATH\CodeIgniter.php(942): App\Controllers\DashboardController->map()
13 SYSTEMPATH\CodeIgniter.php(502): CodeIgniter\CodeIgniter->runController(Object(App\Controllers\DashboardController))
14 SYSTEMPATH\CodeIgniter.php(361): CodeIgniter\CodeIgniter->handleRequest(null, Object(Config\Cache), false)
15 FCPATH\index.php(79): CodeIgniter\CodeIgniter->run()
16 SYSTEMPATH\Commands\Server\rewrite.php(47): require_once('C:\\laragon\\www\\agrismart_ci4\\public\\index.php')
CRITICAL - 2024-02-18 08:13:02 --> Invalid file: "../navbar.php"
in SYSTEMPATH\Exceptions\FrameworkException.php on line 39.
 1 SYSTEMPATH\View\View.php(216): CodeIgniter\Exceptions\FrameworkException::forInvalidFile('../navbar.php')
 2 SYSTEMPATH\View\View.php(469): CodeIgniter\View\View->render('../navbar', null, true)
 3 APPPATH\Views\admin_dashboard\main-map.php(29): CodeIgniter\View\View->include('../navbar')
 4 SYSTEMPATH\View\View.php(228): include('C:\\laragon\\www\\agrismart_ci4\\app\\Views\\admin_dashboard\\main-map.php')
 5 SYSTEMPATH\View\View.php(231): CodeIgniter\View\View->CodeIgniter\View\{closure}()
 6 SYSTEMPATH\View\View.php(469): CodeIgniter\View\View->render('/admin_dashboard/main-map', null, true)
 7 APPPATH\Views\adminfolder\map.php(6): CodeIgniter\View\View->include('/admin_dashboard/main-map')
 8 SYSTEMPATH\View\View.php(228): include('C:\\laragon\\www\\agrismart_ci4\\app\\Views\\adminfolder\\map.php')
 9 SYSTEMPATH\View\View.php(231): CodeIgniter\View\View->CodeIgniter\View\{closure}()
10 SYSTEMPATH\Common.php(1190): CodeIgniter\View\View->render('adminfolder/map', [], true)
11 APPPATH\Controllers\DashboardController.php(692): view('adminfolder/map', [...])
12 SYSTEMPATH\CodeIgniter.php(942): App\Controllers\DashboardController->map()
13 SYSTEMPATH\CodeIgniter.php(502): CodeIgniter\CodeIgniter->runController(Object(App\Controllers\DashboardController))
14 SYSTEMPATH\CodeIgniter.php(361): CodeIgniter\CodeIgniter->handleRequest(null, Object(Config\Cache), false)
15 FCPATH\index.php(79): CodeIgniter\CodeIgniter->run()
16 SYSTEMPATH\Commands\Server\rewrite.php(47): require_once('C:\\laragon\\www\\agrismart_ci4\\public\\index.php')
CRITICAL - 2024-02-18 09:02:48 --> Invalid file: "userfolder/map.php"
in SYSTEMPATH\Exceptions\FrameworkException.php on line 39.
 1 SYSTEMPATH\View\View.php(216): CodeIgniter\Exceptions\FrameworkException::forInvalidFile('userfolder/map.php')
 2 SYSTEMPATH\Common.php(1190): CodeIgniter\View\View->render('userfolder/map', [], true)
 3 APPPATH\Controllers\DashboardController.php(695): view('userfolder/map', [...])
 4 SYSTEMPATH\CodeIgniter.php(942): App\Controllers\DashboardController->map()
 5 SYSTEMPATH\CodeIgniter.php(502): CodeIgniter\CodeIgniter->runController(Object(App\Controllers\DashboardController))
 6 SYSTEMPATH\CodeIgniter.php(361): CodeIgniter\CodeIgniter->handleRequest(null, Object(Config\Cache), false)
 7 FCPATH\index.php(79): CodeIgniter\CodeIgniter->run()
 8 SYSTEMPATH\Commands\Server\rewrite.php(47): require_once('C:\\laragon\\www\\agrismart_ci4\\public\\index.php')
ERROR - 2024-02-18 11:09:06 --> mysqli_sql_exception: Column 'user_id' cannot be null in C:\laragon\www\agrismart_ci4\system\Database\MySQLi\Connection.php:306
Stack trace:
#0 C:\laragon\www\agrismart_ci4\system\Database\MySQLi\Connection.php(306): mysqli->query('INSERT INTO `cr...', 0)
#1 C:\laragon\www\agrismart_ci4\system\Database\BaseConnection.php(693): CodeIgniter\Database\MySQLi\Connection->execute('INSERT INTO `cr...')
#2 C:\laragon\www\agrismart_ci4\system\Database\BaseConnection.php(607): CodeIgniter\Database\BaseConnection->simpleQuery('INSERT INTO `cr...')
#3 C:\laragon\www\agrismart_ci4\system\Database\BaseBuilder.php(2308): CodeIgniter\Database\BaseConnection->query('INSERT INTO `cr...', Array, false)
#4 C:\laragon\www\agrismart_ci4\system\Model.php(319): CodeIgniter\Database\BaseBuilder->insert()
#5 C:\laragon\www\agrismart_ci4\system\BaseModel.php(788): CodeIgniter\Model->doInsert(Array)
#6 C:\laragon\www\agrismart_ci4\system\Model.php(715): CodeIgniter\BaseModel->insert(Array, false)
#7 C:\laragon\www\agrismart_ci4\system\BaseModel.php(698): CodeIgniter\Model->insert(Array, false)
#8 C:\laragon\www\agrismart_ci4\app\Controllers\DashboardController.php(476): CodeIgniter\BaseModel->save(Array)
#9 C:\laragon\www\agrismart_ci4\system\CodeIgniter.php(942): App\Controllers\DashboardController->addnewvariety()
#10 C:\laragon\www\agrismart_ci4\system\CodeIgniter.php(502): CodeIgniter\CodeIgniter->runController(Object(App\Controllers\DashboardController))
#11 C:\laragon\www\agrismart_ci4\system\CodeIgniter.php(361): CodeIgniter\CodeIgniter->handleRequest(NULL, Object(Config\Cache), false)
#12 C:\laragon\www\agrismart_ci4\public\index.php(79): CodeIgniter\CodeIgniter->run()
#13 C:\laragon\www\agrismart_ci4\system\Commands\Server\rewrite.php(47): require_once('C:\\laragon\\www\\...')
#14 {main}
CRITICAL - 2024-02-18 11:09:06 --> Column 'user_id' cannot be null
in SYSTEMPATH\Database\BaseConnection.php on line 647.
 1 SYSTEMPATH\Database\BaseBuilder.php(2308): CodeIgniter\Database\BaseConnection->query('INSERT INTO `cropvariety` (`barangay`, `equipment`, `variety_name`, `variety_price`, `quantity`, `date_bought`, `notes`, `user_id`) VALUES (:barangay:, :equipment:, :variety_name:, :variety_price:, :quantity:, :date_bought:, :notes:, :user_id:)', [...], false)
 2 SYSTEMPATH\Model.php(319): CodeIgniter\Database\BaseBuilder->insert()
 3 SYSTEMPATH\BaseModel.php(788): CodeIgniter\Model->doInsert([...])
 4 SYSTEMPATH\Model.php(715): CodeIgniter\BaseModel->insert([...], false)
 5 SYSTEMPATH\BaseModel.php(698): CodeIgniter\Model->insert([...], false)
 6 APPPATH\Controllers\DashboardController.php(476): CodeIgniter\BaseModel->save([...])
 7 SYSTEMPATH\CodeIgniter.php(942): App\Controllers\DashboardController->addnewvariety()
 8 SYSTEMPATH\CodeIgniter.php(502): CodeIgniter\CodeIgniter->runController(Object(App\Controllers\DashboardController))
 9 SYSTEMPATH\CodeIgniter.php(361): CodeIgniter\CodeIgniter->handleRequest(null, Object(Config\Cache), false)
10 FCPATH\index.php(79): CodeIgniter\CodeIgniter->run()
11 SYSTEMPATH\Commands\Server\rewrite.php(47): require_once('C:\\laragon\\www\\agrismart_ci4\\public\\index.php')
