CRITICAL - 2023-12-03 04:20:16 --> Undefined variable $rotation
in APPPATH\Views\dashboard\main-croprotation.php on line 40.
 1 APPPATH\Views\dashboard\main-croprotation.php(40): CodeIgniter\Debug\Exceptions->errorHandler(2, 'Undefined variable $rotation', 'C:\\laragon\\www\\agrismart_ci4\\app\\Views\\dashboard\\main-croprotation.php', 40)
 2 SYSTEMPATH\View\View.php(228): include('C:\\laragon\\www\\agrismart_ci4\\app\\Views\\dashboard\\main-croprotation.php')
 3 SYSTEMPATH\View\View.php(231): CodeIgniter\View\View->CodeIgniter\View\{closure}()
 4 SYSTEMPATH\View\View.php(469): CodeIgniter\View\View->render('/dashboard/main-croprotation', null, true)
 5 APPPATH\Views\userfolder\croprotation.php(5): CodeIgniter\View\View->include('/dashboard/main-croprotation')
 6 SYSTEMPATH\View\View.php(228): include('C:\\laragon\\www\\agrismart_ci4\\app\\Views\\userfolder\\croprotation.php')
 7 SYSTEMPATH\View\View.php(231): CodeIgniter\View\View->CodeIgniter\View\{closure}()
 8 SYSTEMPATH\Common.php(1190): CodeIgniter\View\View->render('userfolder/croprotation', [], true)
 9 APPPATH\Controllers\DashboardController.php(174): view('userfolder/croprotation', [...])
10 SYSTEMPATH\CodeIgniter.php(942): App\Controllers\DashboardController->addnewrotation()
11 SYSTEMPATH\CodeIgniter.php(502): CodeIgniter\CodeIgniter->runController(Object(App\Controllers\DashboardController))
12 SYSTEMPATH\CodeIgniter.php(361): CodeIgniter\CodeIgniter->handleRequest(null, Object(Config\Cache), false)
13 FCPATH\index.php(79): CodeIgniter\CodeIgniter->run()
14 SYSTEMPATH\Commands\Server\rewrite.php(47): require_once('C:\\laragon\\www\\agrismart_ci4\\public\\index.php')
CRITICAL - 2023-12-03 04:30:06 --> Undefined variable $rotation
in APPPATH\Views\dashboard\main-croprotation.php on line 40.
 1 APPPATH\Views\dashboard\main-croprotation.php(40): CodeIgniter\Debug\Exceptions->errorHandler(2, 'Undefined variable $rotation', 'C:\\laragon\\www\\agrismart_ci4\\app\\Views\\dashboard\\main-croprotation.php', 40)
 2 SYSTEMPATH\View\View.php(228): include('C:\\laragon\\www\\agrismart_ci4\\app\\Views\\dashboard\\main-croprotation.php')
 3 SYSTEMPATH\View\View.php(231): CodeIgniter\View\View->CodeIgniter\View\{closure}()
 4 SYSTEMPATH\View\View.php(469): CodeIgniter\View\View->render('/dashboard/main-croprotation', null, true)
 5 APPPATH\Views\userfolder\croprotation.php(5): CodeIgniter\View\View->include('/dashboard/main-croprotation')
 6 SYSTEMPATH\View\View.php(228): include('C:\\laragon\\www\\agrismart_ci4\\app\\Views\\userfolder\\croprotation.php')
 7 SYSTEMPATH\View\View.php(231): CodeIgniter\View\View->CodeIgniter\View\{closure}()
 8 SYSTEMPATH\Common.php(1190): CodeIgniter\View\View->render('userfolder/croprotation', [], true)
 9 APPPATH\Controllers\DashboardController.php(174): view('userfolder/croprotation', [...])
10 SYSTEMPATH\CodeIgniter.php(942): App\Controllers\DashboardController->addnewrotation()
11 SYSTEMPATH\CodeIgniter.php(502): CodeIgniter\CodeIgniter->runController(Object(App\Controllers\DashboardController))
12 SYSTEMPATH\CodeIgniter.php(361): CodeIgniter\CodeIgniter->handleRequest(null, Object(Config\Cache), false)
13 FCPATH\index.php(79): CodeIgniter\CodeIgniter->run()
14 SYSTEMPATH\Commands\Server\rewrite.php(47): require_once('C:\\laragon\\www\\agrismart_ci4\\public\\index.php')
CRITICAL - 2023-12-03 04:30:26 --> Undefined variable $rotation
in APPPATH\Views\dashboard\main-croprotation.php on line 40.
 1 APPPATH\Views\dashboard\main-croprotation.php(40): CodeIgniter\Debug\Exceptions->errorHandler(2, 'Undefined variable $rotation', 'C:\\laragon\\www\\agrismart_ci4\\app\\Views\\dashboard\\main-croprotation.php', 40)
 2 SYSTEMPATH\View\View.php(228): include('C:\\laragon\\www\\agrismart_ci4\\app\\Views\\dashboard\\main-croprotation.php')
 3 SYSTEMPATH\View\View.php(231): CodeIgniter\View\View->CodeIgniter\View\{closure}()
 4 SYSTEMPATH\View\View.php(469): CodeIgniter\View\View->render('/dashboard/main-croprotation', null, true)
 5 APPPATH\Views\userfolder\croprotation.php(5): CodeIgniter\View\View->include('/dashboard/main-croprotation')
 6 SYSTEMPATH\View\View.php(228): include('C:\\laragon\\www\\agrismart_ci4\\app\\Views\\userfolder\\croprotation.php')
 7 SYSTEMPATH\View\View.php(231): CodeIgniter\View\View->CodeIgniter\View\{closure}()
 8 SYSTEMPATH\Common.php(1190): CodeIgniter\View\View->render('userfolder/croprotation', [], true)
 9 APPPATH\Controllers\DashboardController.php(174): view('userfolder/croprotation', [...])
10 SYSTEMPATH\CodeIgniter.php(942): App\Controllers\DashboardController->addnewrotation()
11 SYSTEMPATH\CodeIgniter.php(502): CodeIgniter\CodeIgniter->runController(Object(App\Controllers\DashboardController))
12 SYSTEMPATH\CodeIgniter.php(361): CodeIgniter\CodeIgniter->handleRequest(null, Object(Config\Cache), false)
13 FCPATH\index.php(79): CodeIgniter\CodeIgniter->run()
14 SYSTEMPATH\Commands\Server\rewrite.php(47): require_once('C:\\laragon\\www\\agrismart_ci4\\public\\index.php')
CRITICAL - 2023-12-03 04:41:07 --> Undefined variable $rotation
in APPPATH\Views\dashboard\main-croprotation.php on line 40.
 1 APPPATH\Views\dashboard\main-croprotation.php(40): CodeIgniter\Debug\Exceptions->errorHandler(2, 'Undefined variable $rotation', 'C:\\laragon\\www\\agrismart_ci4\\app\\Views\\dashboard\\main-croprotation.php', 40)
 2 SYSTEMPATH\View\View.php(228): include('C:\\laragon\\www\\agrismart_ci4\\app\\Views\\dashboard\\main-croprotation.php')
 3 SYSTEMPATH\View\View.php(231): CodeIgniter\View\View->CodeIgniter\View\{closure}()
 4 SYSTEMPATH\View\View.php(469): CodeIgniter\View\View->render('/dashboard/main-croprotation', null, true)
 5 APPPATH\Views\userfolder\croprotation.php(5): CodeIgniter\View\View->include('/dashboard/main-croprotation')
 6 SYSTEMPATH\View\View.php(228): include('C:\\laragon\\www\\agrismart_ci4\\app\\Views\\userfolder\\croprotation.php')
 7 SYSTEMPATH\View\View.php(231): CodeIgniter\View\View->CodeIgniter\View\{closure}()
 8 SYSTEMPATH\Common.php(1190): CodeIgniter\View\View->render('userfolder/croprotation', [], true)
 9 APPPATH\Controllers\DashboardController.php(174): view('userfolder/croprotation', [...])
10 SYSTEMPATH\CodeIgniter.php(942): App\Controllers\DashboardController->addnewrotation()
11 SYSTEMPATH\CodeIgniter.php(502): CodeIgniter\CodeIgniter->runController(Object(App\Controllers\DashboardController))
12 SYSTEMPATH\CodeIgniter.php(361): CodeIgniter\CodeIgniter->handleRequest(null, Object(Config\Cache), false)
13 FCPATH\index.php(79): CodeIgniter\CodeIgniter->run()
14 SYSTEMPATH\Commands\Server\rewrite.php(47): require_once('C:\\laragon\\www\\agrismart_ci4\\public\\index.php')
CRITICAL - 2023-12-03 04:41:56 --> Undefined variable $rotation
in APPPATH\Views\dashboard\main-croprotation.php on line 40.
 1 APPPATH\Views\dashboard\main-croprotation.php(40): CodeIgniter\Debug\Exceptions->errorHandler(2, 'Undefined variable $rotation', 'C:\\laragon\\www\\agrismart_ci4\\app\\Views\\dashboard\\main-croprotation.php', 40)
 2 SYSTEMPATH\View\View.php(228): include('C:\\laragon\\www\\agrismart_ci4\\app\\Views\\dashboard\\main-croprotation.php')
 3 SYSTEMPATH\View\View.php(231): CodeIgniter\View\View->CodeIgniter\View\{closure}()
 4 SYSTEMPATH\View\View.php(469): CodeIgniter\View\View->render('/dashboard/main-croprotation', null, true)
 5 APPPATH\Views\userfolder\croprotation.php(5): CodeIgniter\View\View->include('/dashboard/main-croprotation')
 6 SYSTEMPATH\View\View.php(228): include('C:\\laragon\\www\\agrismart_ci4\\app\\Views\\userfolder\\croprotation.php')
 7 SYSTEMPATH\View\View.php(231): CodeIgniter\View\View->CodeIgniter\View\{closure}()
 8 SYSTEMPATH\Common.php(1190): CodeIgniter\View\View->render('userfolder/croprotation', [], true)
 9 APPPATH\Controllers\DashboardController.php(177): view('userfolder/croprotation', [...])
10 SYSTEMPATH\CodeIgniter.php(942): App\Controllers\DashboardController->addnewrotation()
11 SYSTEMPATH\CodeIgniter.php(502): CodeIgniter\CodeIgniter->runController(Object(App\Controllers\DashboardController))
12 SYSTEMPATH\CodeIgniter.php(361): CodeIgniter\CodeIgniter->handleRequest(null, Object(Config\Cache), false)
13 FCPATH\index.php(79): CodeIgniter\CodeIgniter->run()
14 SYSTEMPATH\Commands\Server\rewrite.php(47): require_once('C:\\laragon\\www\\agrismart_ci4\\public\\index.php')
CRITICAL - 2023-12-03 04:42:57 --> Undefined variable $rotation
in APPPATH\Views\dashboard\main-croprotation.php on line 40.
 1 APPPATH\Views\dashboard\main-croprotation.php(40): CodeIgniter\Debug\Exceptions->errorHandler(2, 'Undefined variable $rotation', 'C:\\laragon\\www\\agrismart_ci4\\app\\Views\\dashboard\\main-croprotation.php', 40)
 2 SYSTEMPATH\View\View.php(228): include('C:\\laragon\\www\\agrismart_ci4\\app\\Views\\dashboard\\main-croprotation.php')
 3 SYSTEMPATH\View\View.php(231): CodeIgniter\View\View->CodeIgniter\View\{closure}()
 4 SYSTEMPATH\View\View.php(469): CodeIgniter\View\View->render('/dashboard/main-croprotation', null, true)
 5 APPPATH\Views\userfolder\croprotation.php(5): CodeIgniter\View\View->include('/dashboard/main-croprotation')
 6 SYSTEMPATH\View\View.php(228): include('C:\\laragon\\www\\agrismart_ci4\\app\\Views\\userfolder\\croprotation.php')
 7 SYSTEMPATH\View\View.php(231): CodeIgniter\View\View->CodeIgniter\View\{closure}()
 8 SYSTEMPATH\Common.php(1190): CodeIgniter\View\View->render('userfolder/croprotation', [...], true)
 9 APPPATH\Controllers\DashboardController.php(177): view('userfolder/croprotation', [...], [...])
10 SYSTEMPATH\CodeIgniter.php(942): App\Controllers\DashboardController->addnewrotation()
11 SYSTEMPATH\CodeIgniter.php(502): CodeIgniter\CodeIgniter->runController(Object(App\Controllers\DashboardController))
12 SYSTEMPATH\CodeIgniter.php(361): CodeIgniter\CodeIgniter->handleRequest(null, Object(Config\Cache), false)
13 FCPATH\index.php(79): CodeIgniter\CodeIgniter->run()
14 SYSTEMPATH\Commands\Server\rewrite.php(47): require_once('C:\\laragon\\www\\agrismart_ci4\\public\\index.php')
CRITICAL - 2023-12-03 04:43:01 --> Undefined variable $rotation
in APPPATH\Views\dashboard\main-croprotation.php on line 40.
 1 APPPATH\Views\dashboard\main-croprotation.php(40): CodeIgniter\Debug\Exceptions->errorHandler(2, 'Undefined variable $rotation', 'C:\\laragon\\www\\agrismart_ci4\\app\\Views\\dashboard\\main-croprotation.php', 40)
 2 SYSTEMPATH\View\View.php(228): include('C:\\laragon\\www\\agrismart_ci4\\app\\Views\\dashboard\\main-croprotation.php')
 3 SYSTEMPATH\View\View.php(231): CodeIgniter\View\View->CodeIgniter\View\{closure}()
 4 SYSTEMPATH\View\View.php(469): CodeIgniter\View\View->render('/dashboard/main-croprotation', null, true)
 5 APPPATH\Views\userfolder\croprotation.php(5): CodeIgniter\View\View->include('/dashboard/main-croprotation')
 6 SYSTEMPATH\View\View.php(228): include('C:\\laragon\\www\\agrismart_ci4\\app\\Views\\userfolder\\croprotation.php')
 7 SYSTEMPATH\View\View.php(231): CodeIgniter\View\View->CodeIgniter\View\{closure}()
 8 SYSTEMPATH\Common.php(1190): CodeIgniter\View\View->render('userfolder/croprotation', [...], true)
 9 APPPATH\Controllers\DashboardController.php(177): view('userfolder/croprotation', [...], [...])
10 SYSTEMPATH\CodeIgniter.php(942): App\Controllers\DashboardController->addnewrotation()
11 SYSTEMPATH\CodeIgniter.php(502): CodeIgniter\CodeIgniter->runController(Object(App\Controllers\DashboardController))
12 SYSTEMPATH\CodeIgniter.php(361): CodeIgniter\CodeIgniter->handleRequest(null, Object(Config\Cache), false)
13 FCPATH\index.php(79): CodeIgniter\CodeIgniter->run()
14 SYSTEMPATH\Commands\Server\rewrite.php(47): require_once('C:\\laragon\\www\\agrismart_ci4\\public\\index.php')
CRITICAL - 2023-12-03 04:46:15 --> Undefined variable $rotation
in APPPATH\Views\dashboard\main-croprotation.php on line 41.
 1 APPPATH\Views\dashboard\main-croprotation.php(41): CodeIgniter\Debug\Exceptions->errorHandler(2, 'Undefined variable $rotation', 'C:\\laragon\\www\\agrismart_ci4\\app\\Views\\dashboard\\main-croprotation.php', 41)
 2 SYSTEMPATH\View\View.php(228): include('C:\\laragon\\www\\agrismart_ci4\\app\\Views\\dashboard\\main-croprotation.php')
 3 SYSTEMPATH\View\View.php(231): CodeIgniter\View\View->CodeIgniter\View\{closure}()
 4 SYSTEMPATH\View\View.php(469): CodeIgniter\View\View->render('/dashboard/main-croprotation', null, true)
 5 APPPATH\Views\userfolder\croprotation.php(5): CodeIgniter\View\View->include('/dashboard/main-croprotation')
 6 SYSTEMPATH\View\View.php(228): include('C:\\laragon\\www\\agrismart_ci4\\app\\Views\\userfolder\\croprotation.php')
 7 SYSTEMPATH\View\View.php(231): CodeIgniter\View\View->CodeIgniter\View\{closure}()
 8 SYSTEMPATH\Common.php(1190): CodeIgniter\View\View->render('userfolder/croprotation', [], true)
 9 APPPATH\Controllers\DashboardController.php(174): view('userfolder/croprotation', [...])
10 SYSTEMPATH\CodeIgniter.php(942): App\Controllers\DashboardController->addnewrotation()
11 SYSTEMPATH\CodeIgniter.php(502): CodeIgniter\CodeIgniter->runController(Object(App\Controllers\DashboardController))
12 SYSTEMPATH\CodeIgniter.php(361): CodeIgniter\CodeIgniter->handleRequest(null, Object(Config\Cache), false)
13 FCPATH\index.php(79): CodeIgniter\CodeIgniter->run()
14 SYSTEMPATH\Commands\Server\rewrite.php(47): require_once('C:\\laragon\\www\\agrismart_ci4\\public\\index.php')
CRITICAL - 2023-12-03 04:51:13 --> Undefined variable $rotation
in APPPATH\Views\dashboard\main-croprotation.php on line 40.
 1 APPPATH\Views\dashboard\main-croprotation.php(40): CodeIgniter\Debug\Exceptions->errorHandler(2, 'Undefined variable $rotation', 'C:\\laragon\\www\\agrismart_ci4\\app\\Views\\dashboard\\main-croprotation.php', 40)
 2 SYSTEMPATH\View\View.php(228): include('C:\\laragon\\www\\agrismart_ci4\\app\\Views\\dashboard\\main-croprotation.php')
 3 SYSTEMPATH\View\View.php(231): CodeIgniter\View\View->CodeIgniter\View\{closure}()
 4 SYSTEMPATH\View\View.php(469): CodeIgniter\View\View->render('/dashboard/main-croprotation', null, true)
 5 APPPATH\Views\userfolder\croprotation.php(5): CodeIgniter\View\View->include('/dashboard/main-croprotation')
 6 SYSTEMPATH\View\View.php(228): include('C:\\laragon\\www\\agrismart_ci4\\app\\Views\\userfolder\\croprotation.php')
 7 SYSTEMPATH\View\View.php(231): CodeIgniter\View\View->CodeIgniter\View\{closure}()
 8 SYSTEMPATH\Common.php(1190): CodeIgniter\View\View->render('userfolder/croprotation', [], true)
 9 APPPATH\Controllers\DashboardController.php(174): view('userfolder/croprotation', [...])
10 SYSTEMPATH\CodeIgniter.php(942): App\Controllers\DashboardController->addnewrotation()
11 SYSTEMPATH\CodeIgniter.php(502): CodeIgniter\CodeIgniter->runController(Object(App\Controllers\DashboardController))
12 SYSTEMPATH\CodeIgniter.php(361): CodeIgniter\CodeIgniter->handleRequest(null, Object(Config\Cache), false)
13 FCPATH\index.php(79): CodeIgniter\CodeIgniter->run()
14 SYSTEMPATH\Commands\Server\rewrite.php(47): require_once('C:\\laragon\\www\\agrismart_ci4\\public\\index.php')
CRITICAL - 2023-12-03 04:52:24 --> Undefined variable $rotation
in APPPATH\Views\dashboard\main-croprotation.php on line 40.
 1 APPPATH\Views\dashboard\main-croprotation.php(40): CodeIgniter\Debug\Exceptions->errorHandler(2, 'Undefined variable $rotation', 'C:\\laragon\\www\\agrismart_ci4\\app\\Views\\dashboard\\main-croprotation.php', 40)
 2 SYSTEMPATH\View\View.php(228): include('C:\\laragon\\www\\agrismart_ci4\\app\\Views\\dashboard\\main-croprotation.php')
 3 SYSTEMPATH\View\View.php(231): CodeIgniter\View\View->CodeIgniter\View\{closure}()
 4 SYSTEMPATH\View\View.php(469): CodeIgniter\View\View->render('/dashboard/main-croprotation', null, true)
 5 APPPATH\Views\userfolder\croprotation.php(5): CodeIgniter\View\View->include('/dashboard/main-croprotation')
 6 SYSTEMPATH\View\View.php(228): include('C:\\laragon\\www\\agrismart_ci4\\app\\Views\\userfolder\\croprotation.php')
 7 SYSTEMPATH\View\View.php(231): CodeIgniter\View\View->CodeIgniter\View\{closure}()
 8 SYSTEMPATH\Common.php(1190): CodeIgniter\View\View->render('userfolder/croprotation', [], true)
 9 APPPATH\Controllers\DashboardController.php(174): view('userfolder/croprotation', [...])
10 SYSTEMPATH\CodeIgniter.php(942): App\Controllers\DashboardController->addnewrotation()
11 SYSTEMPATH\CodeIgniter.php(502): CodeIgniter\CodeIgniter->runController(Object(App\Controllers\DashboardController))
12 SYSTEMPATH\CodeIgniter.php(361): CodeIgniter\CodeIgniter->handleRequest(null, Object(Config\Cache), false)
13 FCPATH\index.php(79): CodeIgniter\CodeIgniter->run()
14 SYSTEMPATH\Commands\Server\rewrite.php(47): require_once('C:\\laragon\\www\\agrismart_ci4\\public\\index.php')
CRITICAL - 2023-12-03 04:52:46 --> Undefined variable $rotation
in APPPATH\Views\dashboard\main-croprotation.php on line 40.
 1 APPPATH\Views\dashboard\main-croprotation.php(40): CodeIgniter\Debug\Exceptions->errorHandler(2, 'Undefined variable $rotation', 'C:\\laragon\\www\\agrismart_ci4\\app\\Views\\dashboard\\main-croprotation.php', 40)
 2 SYSTEMPATH\View\View.php(228): include('C:\\laragon\\www\\agrismart_ci4\\app\\Views\\dashboard\\main-croprotation.php')
 3 SYSTEMPATH\View\View.php(231): CodeIgniter\View\View->CodeIgniter\View\{closure}()
 4 SYSTEMPATH\View\View.php(469): CodeIgniter\View\View->render('/dashboard/main-croprotation', null, true)
 5 APPPATH\Views\userfolder\croprotation.php(5): CodeIgniter\View\View->include('/dashboard/main-croprotation')
 6 SYSTEMPATH\View\View.php(228): include('C:\\laragon\\www\\agrismart_ci4\\app\\Views\\userfolder\\croprotation.php')
 7 SYSTEMPATH\View\View.php(231): CodeIgniter\View\View->CodeIgniter\View\{closure}()
 8 SYSTEMPATH\Common.php(1190): CodeIgniter\View\View->render('userfolder/croprotation', [], true)
 9 APPPATH\Controllers\DashboardController.php(174): view('userfolder/croprotation', [...])
10 SYSTEMPATH\CodeIgniter.php(942): App\Controllers\DashboardController->addnewrotation()
11 SYSTEMPATH\CodeIgniter.php(502): CodeIgniter\CodeIgniter->runController(Object(App\Controllers\DashboardController))
12 SYSTEMPATH\CodeIgniter.php(361): CodeIgniter\CodeIgniter->handleRequest(null, Object(Config\Cache), false)
13 FCPATH\index.php(79): CodeIgniter\CodeIgniter->run()
14 SYSTEMPATH\Commands\Server\rewrite.php(47): require_once('C:\\laragon\\www\\agrismart_ci4\\public\\index.php')
CRITICAL - 2023-12-03 04:55:19 --> Undefined variable $rotation
in APPPATH\Views\dashboard\main-croprotation.php on line 40.
 1 APPPATH\Views\dashboard\main-croprotation.php(40): CodeIgniter\Debug\Exceptions->errorHandler(2, 'Undefined variable $rotation', 'C:\\laragon\\www\\agrismart_ci4\\app\\Views\\dashboard\\main-croprotation.php', 40)
 2 SYSTEMPATH\View\View.php(228): include('C:\\laragon\\www\\agrismart_ci4\\app\\Views\\dashboard\\main-croprotation.php')
 3 SYSTEMPATH\View\View.php(231): CodeIgniter\View\View->CodeIgniter\View\{closure}()
 4 SYSTEMPATH\View\View.php(469): CodeIgniter\View\View->render('/dashboard/main-croprotation', null, true)
 5 APPPATH\Views\userfolder\croprotation.php(5): CodeIgniter\View\View->include('/dashboard/main-croprotation')
 6 SYSTEMPATH\View\View.php(228): include('C:\\laragon\\www\\agrismart_ci4\\app\\Views\\userfolder\\croprotation.php')
 7 SYSTEMPATH\View\View.php(231): CodeIgniter\View\View->CodeIgniter\View\{closure}()
 8 SYSTEMPATH\Common.php(1190): CodeIgniter\View\View->render('userfolder/croprotation', [], true)
 9 APPPATH\Controllers\CropRotationController.php(34): view('userfolder/croprotation', [...])
10 SYSTEMPATH\CodeIgniter.php(942): App\Controllers\CropRotationController->addnewrotation()
11 SYSTEMPATH\CodeIgniter.php(502): CodeIgniter\CodeIgniter->runController(Object(App\Controllers\CropRotationController))
12 SYSTEMPATH\CodeIgniter.php(361): CodeIgniter\CodeIgniter->handleRequest(null, Object(Config\Cache), false)
13 FCPATH\index.php(79): CodeIgniter\CodeIgniter->run()
14 SYSTEMPATH\Commands\Server\rewrite.php(47): require_once('C:\\laragon\\www\\agrismart_ci4\\public\\index.php')
CRITICAL - 2023-12-03 04:55:26 --> Undefined variable $rotation
in APPPATH\Views\dashboard\main-croprotation.php on line 40.
 1 APPPATH\Views\dashboard\main-croprotation.php(40): CodeIgniter\Debug\Exceptions->errorHandler(2, 'Undefined variable $rotation', 'C:\\laragon\\www\\agrismart_ci4\\app\\Views\\dashboard\\main-croprotation.php', 40)
 2 SYSTEMPATH\View\View.php(228): include('C:\\laragon\\www\\agrismart_ci4\\app\\Views\\dashboard\\main-croprotation.php')
 3 SYSTEMPATH\View\View.php(231): CodeIgniter\View\View->CodeIgniter\View\{closure}()
 4 SYSTEMPATH\View\View.php(469): CodeIgniter\View\View->render('/dashboard/main-croprotation', null, true)
 5 APPPATH\Views\userfolder\croprotation.php(5): CodeIgniter\View\View->include('/dashboard/main-croprotation')
 6 SYSTEMPATH\View\View.php(228): include('C:\\laragon\\www\\agrismart_ci4\\app\\Views\\userfolder\\croprotation.php')
 7 SYSTEMPATH\View\View.php(231): CodeIgniter\View\View->CodeIgniter\View\{closure}()
 8 SYSTEMPATH\Common.php(1190): CodeIgniter\View\View->render('userfolder/croprotation', [], true)
 9 APPPATH\Controllers\CropRotationController.php(34): view('userfolder/croprotation', [...])
10 SYSTEMPATH\CodeIgniter.php(942): App\Controllers\CropRotationController->addnewrotation()
11 SYSTEMPATH\CodeIgniter.php(502): CodeIgniter\CodeIgniter->runController(Object(App\Controllers\CropRotationController))
12 SYSTEMPATH\CodeIgniter.php(361): CodeIgniter\CodeIgniter->handleRequest(null, Object(Config\Cache), false)
13 FCPATH\index.php(79): CodeIgniter\CodeIgniter->run()
14 SYSTEMPATH\Commands\Server\rewrite.php(47): require_once('C:\\laragon\\www\\agrismart_ci4\\public\\index.php')
CRITICAL - 2023-12-03 04:55:57 --> Undefined variable $rotation
in APPPATH\Views\dashboard\main-croprotation.php on line 40.
 1 APPPATH\Views\dashboard\main-croprotation.php(40): CodeIgniter\Debug\Exceptions->errorHandler(2, 'Undefined variable $rotation', 'C:\\laragon\\www\\agrismart_ci4\\app\\Views\\dashboard\\main-croprotation.php', 40)
 2 SYSTEMPATH\View\View.php(228): include('C:\\laragon\\www\\agrismart_ci4\\app\\Views\\dashboard\\main-croprotation.php')
 3 SYSTEMPATH\View\View.php(231): CodeIgniter\View\View->CodeIgniter\View\{closure}()
 4 SYSTEMPATH\View\View.php(469): CodeIgniter\View\View->render('/dashboard/main-croprotation', null, true)
 5 APPPATH\Views\userfolder\croprotation.php(5): CodeIgniter\View\View->include('/dashboard/main-croprotation')
 6 SYSTEMPATH\View\View.php(228): include('C:\\laragon\\www\\agrismart_ci4\\app\\Views\\userfolder\\croprotation.php')
 7 SYSTEMPATH\View\View.php(231): CodeIgniter\View\View->CodeIgniter\View\{closure}()
 8 SYSTEMPATH\Common.php(1190): CodeIgniter\View\View->render('userfolder/croprotation', [], true)
 9 APPPATH\Controllers\CropRotationController.php(34): view('userfolder/croprotation', [...])
10 SYSTEMPATH\CodeIgniter.php(942): App\Controllers\CropRotationController->addnewrotation()
11 SYSTEMPATH\CodeIgniter.php(502): CodeIgniter\CodeIgniter->runController(Object(App\Controllers\CropRotationController))
12 SYSTEMPATH\CodeIgniter.php(361): CodeIgniter\CodeIgniter->handleRequest(null, Object(Config\Cache), false)
13 FCPATH\index.php(79): CodeIgniter\CodeIgniter->run()
14 SYSTEMPATH\Commands\Server\rewrite.php(47): require_once('C:\\laragon\\www\\agrismart_ci4\\public\\index.php')
CRITICAL - 2023-12-03 04:59:38 --> Undefined variable $rotation
in APPPATH\Views\dashboard\main-croprotation.php on line 40.
 1 APPPATH\Views\dashboard\main-croprotation.php(40): CodeIgniter\Debug\Exceptions->errorHandler(2, 'Undefined variable $rotation', 'C:\\laragon\\www\\agrismart_ci4\\app\\Views\\dashboard\\main-croprotation.php', 40)
 2 SYSTEMPATH\View\View.php(228): include('C:\\laragon\\www\\agrismart_ci4\\app\\Views\\dashboard\\main-croprotation.php')
 3 SYSTEMPATH\View\View.php(231): CodeIgniter\View\View->CodeIgniter\View\{closure}()
 4 SYSTEMPATH\View\View.php(469): CodeIgniter\View\View->render('/dashboard/main-croprotation', null, true)
 5 APPPATH\Views\userfolder\croprotation.php(6): CodeIgniter\View\View->include('/dashboard/main-croprotation')
 6 SYSTEMPATH\View\View.php(228): include('C:\\laragon\\www\\agrismart_ci4\\app\\Views\\userfolder\\croprotation.php')
 7 SYSTEMPATH\View\View.php(231): CodeIgniter\View\View->CodeIgniter\View\{closure}()
 8 SYSTEMPATH\Common.php(1190): CodeIgniter\View\View->render('userfolder/croprotation', [], true)
 9 APPPATH\Controllers\CropRotationController.php(34): view('userfolder/croprotation', [...])
10 SYSTEMPATH\CodeIgniter.php(942): App\Controllers\CropRotationController->addnewrotation()
11 SYSTEMPATH\CodeIgniter.php(502): CodeIgniter\CodeIgniter->runController(Object(App\Controllers\CropRotationController))
12 SYSTEMPATH\CodeIgniter.php(361): CodeIgniter\CodeIgniter->handleRequest(null, Object(Config\Cache), false)
13 FCPATH\index.php(79): CodeIgniter\CodeIgniter->run()
14 SYSTEMPATH\Commands\Server\rewrite.php(47): require_once('C:\\laragon\\www\\agrismart_ci4\\public\\index.php')
CRITICAL - 2023-12-03 05:02:01 --> Undefined variable $rotation
in APPPATH\Views\dashboard\main-croprotation.php on line 40.
 1 APPPATH\Views\dashboard\main-croprotation.php(40): CodeIgniter\Debug\Exceptions->errorHandler(2, 'Undefined variable $rotation', 'C:\\laragon\\www\\agrismart_ci4\\app\\Views\\dashboard\\main-croprotation.php', 40)
 2 SYSTEMPATH\View\View.php(228): include('C:\\laragon\\www\\agrismart_ci4\\app\\Views\\dashboard\\main-croprotation.php')
 3 SYSTEMPATH\View\View.php(231): CodeIgniter\View\View->CodeIgniter\View\{closure}()
 4 SYSTEMPATH\View\View.php(469): CodeIgniter\View\View->render('/dashboard/main-croprotation', null, true)
 5 APPPATH\Views\userfolder\croprotation.php(6): CodeIgniter\View\View->include('/dashboard/main-croprotation')
 6 SYSTEMPATH\View\View.php(228): include('C:\\laragon\\www\\agrismart_ci4\\app\\Views\\userfolder\\croprotation.php')
 7 SYSTEMPATH\View\View.php(231): CodeIgniter\View\View->CodeIgniter\View\{closure}()
 8 SYSTEMPATH\Common.php(1190): CodeIgniter\View\View->render('userfolder/croprotation', [], true)
 9 APPPATH\Controllers\DashboardController.php(174): view('userfolder/croprotation', [...])
10 SYSTEMPATH\CodeIgniter.php(942): App\Controllers\DashboardController->addnewrotation()
11 SYSTEMPATH\CodeIgniter.php(502): CodeIgniter\CodeIgniter->runController(Object(App\Controllers\DashboardController))
12 SYSTEMPATH\CodeIgniter.php(361): CodeIgniter\CodeIgniter->handleRequest(null, Object(Config\Cache), false)
13 FCPATH\index.php(79): CodeIgniter\CodeIgniter->run()
14 SYSTEMPATH\Commands\Server\rewrite.php(47): require_once('C:\\laragon\\www\\agrismart_ci4\\public\\index.php')
CRITICAL - 2023-12-03 05:04:45 --> Undefined variable $rotation
in APPPATH\Views\dashboard\main-croprotation.php on line 40.
 1 APPPATH\Views\dashboard\main-croprotation.php(40): CodeIgniter\Debug\Exceptions->errorHandler(2, 'Undefined variable $rotation', 'C:\\laragon\\www\\agrismart_ci4\\app\\Views\\dashboard\\main-croprotation.php', 40)
 2 SYSTEMPATH\View\View.php(228): include('C:\\laragon\\www\\agrismart_ci4\\app\\Views\\dashboard\\main-croprotation.php')
 3 SYSTEMPATH\View\View.php(231): CodeIgniter\View\View->CodeIgniter\View\{closure}()
 4 SYSTEMPATH\View\View.php(469): CodeIgniter\View\View->render('/dashboard/main-croprotation', null, true)
 5 APPPATH\Views\userfolder\croprotation.php(6): CodeIgniter\View\View->include('/dashboard/main-croprotation')
 6 SYSTEMPATH\View\View.php(228): include('C:\\laragon\\www\\agrismart_ci4\\app\\Views\\userfolder\\croprotation.php')
 7 SYSTEMPATH\View\View.php(231): CodeIgniter\View\View->CodeIgniter\View\{closure}()
 8 SYSTEMPATH\Common.php(1190): CodeIgniter\View\View->render('userfolder/croprotation', [], true)
 9 APPPATH\Controllers\DashboardController.php(174): view('userfolder/croprotation', [...])
10 SYSTEMPATH\CodeIgniter.php(942): App\Controllers\DashboardController->addnewrotation()
11 SYSTEMPATH\CodeIgniter.php(502): CodeIgniter\CodeIgniter->runController(Object(App\Controllers\DashboardController))
12 SYSTEMPATH\CodeIgniter.php(361): CodeIgniter\CodeIgniter->handleRequest(null, Object(Config\Cache), false)
13 FCPATH\index.php(79): CodeIgniter\CodeIgniter->run()
14 SYSTEMPATH\Commands\Server\rewrite.php(47): require_once('C:\\laragon\\www\\agrismart_ci4\\public\\index.php')
CRITICAL - 2023-12-03 05:08:40 --> Undefined variable $rotation
in APPPATH\Views\dashboard\main-croprotation.php on line 40.
 1 APPPATH\Views\dashboard\main-croprotation.php(40): CodeIgniter\Debug\Exceptions->errorHandler(2, 'Undefined variable $rotation', 'C:\\laragon\\www\\agrismart_ci4\\app\\Views\\dashboard\\main-croprotation.php', 40)
 2 SYSTEMPATH\View\View.php(228): include('C:\\laragon\\www\\agrismart_ci4\\app\\Views\\dashboard\\main-croprotation.php')
 3 SYSTEMPATH\View\View.php(231): CodeIgniter\View\View->CodeIgniter\View\{closure}()
 4 SYSTEMPATH\View\View.php(469): CodeIgniter\View\View->render('/dashboard/main-croprotation', null, true)
 5 APPPATH\Views\userfolder\croprotation.php(6): CodeIgniter\View\View->include('/dashboard/main-croprotation')
 6 SYSTEMPATH\View\View.php(228): include('C:\\laragon\\www\\agrismart_ci4\\app\\Views\\userfolder\\croprotation.php')
 7 SYSTEMPATH\View\View.php(231): CodeIgniter\View\View->CodeIgniter\View\{closure}()
 8 SYSTEMPATH\Common.php(1190): CodeIgniter\View\View->render('userfolder/croprotation', [], true)
 9 APPPATH\Controllers\DashboardController.php(174): view('userfolder/croprotation', [...])
10 SYSTEMPATH\CodeIgniter.php(942): App\Controllers\DashboardController->addnewrotation()
11 SYSTEMPATH\CodeIgniter.php(502): CodeIgniter\CodeIgniter->runController(Object(App\Controllers\DashboardController))
12 SYSTEMPATH\CodeIgniter.php(361): CodeIgniter\CodeIgniter->handleRequest(null, Object(Config\Cache), false)
13 FCPATH\index.php(79): CodeIgniter\CodeIgniter->run()
14 SYSTEMPATH\Commands\Server\rewrite.php(47): require_once('C:\\laragon\\www\\agrismart_ci4\\public\\index.php')
CRITICAL - 2023-12-03 05:12:07 --> Undefined variable $rotation
in APPPATH\Views\dashboard\main-croprotation.php on line 40.
 1 APPPATH\Views\dashboard\main-croprotation.php(40): CodeIgniter\Debug\Exceptions->errorHandler(2, 'Undefined variable $rotation', 'C:\\laragon\\www\\agrismart_ci4\\app\\Views\\dashboard\\main-croprotation.php', 40)
 2 SYSTEMPATH\View\View.php(228): include('C:\\laragon\\www\\agrismart_ci4\\app\\Views\\dashboard\\main-croprotation.php')
 3 SYSTEMPATH\View\View.php(231): CodeIgniter\View\View->CodeIgniter\View\{closure}()
 4 SYSTEMPATH\View\View.php(469): CodeIgniter\View\View->render('/dashboard/main-croprotation', null, true)
 5 APPPATH\Views\userfolder\croprotation.php(6): CodeIgniter\View\View->include('/dashboard/main-croprotation')
 6 SYSTEMPATH\View\View.php(228): include('C:\\laragon\\www\\agrismart_ci4\\app\\Views\\userfolder\\croprotation.php')
 7 SYSTEMPATH\View\View.php(231): CodeIgniter\View\View->CodeIgniter\View\{closure}()
 8 SYSTEMPATH\Common.php(1190): CodeIgniter\View\View->render('userfolder/croprotation', [], true)
 9 APPPATH\Controllers\DashboardController.php(171): view('userfolder/croprotation', [...])
10 SYSTEMPATH\CodeIgniter.php(942): App\Controllers\DashboardController->addnewrotation()
11 SYSTEMPATH\CodeIgniter.php(502): CodeIgniter\CodeIgniter->runController(Object(App\Controllers\DashboardController))
12 SYSTEMPATH\CodeIgniter.php(361): CodeIgniter\CodeIgniter->handleRequest(null, Object(Config\Cache), false)
13 FCPATH\index.php(79): CodeIgniter\CodeIgniter->run()
14 SYSTEMPATH\Commands\Server\rewrite.php(47): require_once('C:\\laragon\\www\\agrismart_ci4\\public\\index.php')
CRITICAL - 2023-12-03 05:30:48 --> Undefined variable $rotation
in APPPATH\Views\dashboard\main-croprotation.php on line 40.
 1 APPPATH\Views\dashboard\main-croprotation.php(40): CodeIgniter\Debug\Exceptions->errorHandler(2, 'Undefined variable $rotation', 'C:\\laragon\\www\\agrismart_ci4\\app\\Views\\dashboard\\main-croprotation.php', 40)
 2 SYSTEMPATH\View\View.php(228): include('C:\\laragon\\www\\agrismart_ci4\\app\\Views\\dashboard\\main-croprotation.php')
 3 SYSTEMPATH\View\View.php(231): CodeIgniter\View\View->CodeIgniter\View\{closure}()
 4 SYSTEMPATH\View\View.php(469): CodeIgniter\View\View->render('/dashboard/main-croprotation', null, true)
 5 APPPATH\Views\userfolder\croprotation.php(6): CodeIgniter\View\View->include('/dashboard/main-croprotation')
 6 SYSTEMPATH\View\View.php(228): include('C:\\laragon\\www\\agrismart_ci4\\app\\Views\\userfolder\\croprotation.php')
 7 SYSTEMPATH\View\View.php(231): CodeIgniter\View\View->CodeIgniter\View\{closure}()
 8 SYSTEMPATH\Common.php(1190): CodeIgniter\View\View->render('userfolder/croprotation', [], true)
 9 APPPATH\Controllers\DashboardController.php(174): view('userfolder/croprotation', [...])
10 SYSTEMPATH\CodeIgniter.php(942): App\Controllers\DashboardController->addnewrotation()
11 SYSTEMPATH\CodeIgniter.php(502): CodeIgniter\CodeIgniter->runController(Object(App\Controllers\DashboardController))
12 SYSTEMPATH\CodeIgniter.php(361): CodeIgniter\CodeIgniter->handleRequest(null, Object(Config\Cache), false)
13 FCPATH\index.php(79): CodeIgniter\CodeIgniter->run()
14 SYSTEMPATH\Commands\Server\rewrite.php(47): require_once('C:\\laragon\\www\\agrismart_ci4\\public\\index.php')
CRITICAL - 2023-12-03 05:33:55 --> Undefined variable $rotation
in APPPATH\Views\dashboard\main-croprotation.php on line 40.
 1 APPPATH\Views\dashboard\main-croprotation.php(40): CodeIgniter\Debug\Exceptions->errorHandler(2, 'Undefined variable $rotation', 'C:\\laragon\\www\\agrismart_ci4\\app\\Views\\dashboard\\main-croprotation.php', 40)
 2 SYSTEMPATH\View\View.php(228): include('C:\\laragon\\www\\agrismart_ci4\\app\\Views\\dashboard\\main-croprotation.php')
 3 SYSTEMPATH\View\View.php(231): CodeIgniter\View\View->CodeIgniter\View\{closure}()
 4 SYSTEMPATH\View\View.php(469): CodeIgniter\View\View->render('/dashboard/main-croprotation', null, true)
 5 APPPATH\Views\userfolder\croprotation.php(6): CodeIgniter\View\View->include('/dashboard/main-croprotation')
 6 SYSTEMPATH\View\View.php(228): include('C:\\laragon\\www\\agrismart_ci4\\app\\Views\\userfolder\\croprotation.php')
 7 SYSTEMPATH\View\View.php(231): CodeIgniter\View\View->CodeIgniter\View\{closure}()
 8 SYSTEMPATH\Common.php(1190): CodeIgniter\View\View->render('userfolder/croprotation', [], true)
 9 APPPATH\Controllers\DashboardController.php(174): view('userfolder/croprotation', [...])
10 SYSTEMPATH\CodeIgniter.php(942): App\Controllers\DashboardController->addnewrotation()
11 SYSTEMPATH\CodeIgniter.php(502): CodeIgniter\CodeIgniter->runController(Object(App\Controllers\DashboardController))
12 SYSTEMPATH\CodeIgniter.php(361): CodeIgniter\CodeIgniter->handleRequest(null, Object(Config\Cache), false)
13 FCPATH\index.php(79): CodeIgniter\CodeIgniter->run()
14 SYSTEMPATH\Commands\Server\rewrite.php(47): require_once('C:\\laragon\\www\\agrismart_ci4\\public\\index.php')
CRITICAL - 2023-12-03 05:37:22 --> Undefined variable $rotation
in APPPATH\Views\dashboard\main-croprotation.php on line 41.
 1 APPPATH\Views\dashboard\main-croprotation.php(41): CodeIgniter\Debug\Exceptions->errorHandler(2, 'Undefined variable $rotation', 'C:\\laragon\\www\\agrismart_ci4\\app\\Views\\dashboard\\main-croprotation.php', 41)
 2 SYSTEMPATH\View\View.php(228): include('C:\\laragon\\www\\agrismart_ci4\\app\\Views\\dashboard\\main-croprotation.php')
 3 SYSTEMPATH\View\View.php(231): CodeIgniter\View\View->CodeIgniter\View\{closure}()
 4 SYSTEMPATH\View\View.php(469): CodeIgniter\View\View->render('/dashboard/main-croprotation', null, true)
 5 APPPATH\Views\userfolder\croprotation.php(6): CodeIgniter\View\View->include('/dashboard/main-croprotation')
 6 SYSTEMPATH\View\View.php(228): include('C:\\laragon\\www\\agrismart_ci4\\app\\Views\\userfolder\\croprotation.php')
 7 SYSTEMPATH\View\View.php(231): CodeIgniter\View\View->CodeIgniter\View\{closure}()
 8 SYSTEMPATH\Common.php(1190): CodeIgniter\View\View->render('userfolder/croprotation', [], true)
 9 APPPATH\Controllers\DashboardController.php(174): view('userfolder/croprotation', [...])
10 SYSTEMPATH\CodeIgniter.php(942): App\Controllers\DashboardController->addnewrotation()
11 SYSTEMPATH\CodeIgniter.php(502): CodeIgniter\CodeIgniter->runController(Object(App\Controllers\DashboardController))
12 SYSTEMPATH\CodeIgniter.php(361): CodeIgniter\CodeIgniter->handleRequest(null, Object(Config\Cache), false)
13 FCPATH\index.php(79): CodeIgniter\CodeIgniter->run()
14 SYSTEMPATH\Commands\Server\rewrite.php(47): require_once('C:\\laragon\\www\\agrismart_ci4\\public\\index.php')
CRITICAL - 2023-12-03 05:43:37 --> Undefined variable $rotation
in APPPATH\Views\dashboard\main-croprotation.php on line 41.
 1 APPPATH\Views\dashboard\main-croprotation.php(41): CodeIgniter\Debug\Exceptions->errorHandler(2, 'Undefined variable $rotation', 'C:\\laragon\\www\\agrismart_ci4\\app\\Views\\dashboard\\main-croprotation.php', 41)
 2 SYSTEMPATH\View\View.php(228): include('C:\\laragon\\www\\agrismart_ci4\\app\\Views\\dashboard\\main-croprotation.php')
 3 SYSTEMPATH\View\View.php(231): CodeIgniter\View\View->CodeIgniter\View\{closure}()
 4 SYSTEMPATH\View\View.php(469): CodeIgniter\View\View->render('/dashboard/main-croprotation', null, true)
 5 APPPATH\Views\userfolder\croprotation.php(6): CodeIgniter\View\View->include('/dashboard/main-croprotation')
 6 SYSTEMPATH\View\View.php(228): include('C:\\laragon\\www\\agrismart_ci4\\app\\Views\\userfolder\\croprotation.php')
 7 SYSTEMPATH\View\View.php(231): CodeIgniter\View\View->CodeIgniter\View\{closure}()
 8 SYSTEMPATH\Common.php(1190): CodeIgniter\View\View->render('userfolder/croprotation', [], true)
 9 APPPATH\Controllers\CropRotationController.php(45): view('userfolder/croprotation', [...])
10 SYSTEMPATH\CodeIgniter.php(942): App\Controllers\CropRotationController->addnewrotation()
11 SYSTEMPATH\CodeIgniter.php(502): CodeIgniter\CodeIgniter->runController(Object(App\Controllers\CropRotationController))
12 SYSTEMPATH\CodeIgniter.php(361): CodeIgniter\CodeIgniter->handleRequest(null, Object(Config\Cache), false)
13 FCPATH\index.php(79): CodeIgniter\CodeIgniter->run()
14 SYSTEMPATH\Commands\Server\rewrite.php(47): require_once('C:\\laragon\\www\\agrismart_ci4\\public\\index.php')
CRITICAL - 2023-12-03 05:43:55 --> Undefined variable $rotation
in APPPATH\Views\dashboard\main-croprotation.php on line 41.
 1 APPPATH\Views\dashboard\main-croprotation.php(41): CodeIgniter\Debug\Exceptions->errorHandler(2, 'Undefined variable $rotation', 'C:\\laragon\\www\\agrismart_ci4\\app\\Views\\dashboard\\main-croprotation.php', 41)
 2 SYSTEMPATH\View\View.php(228): include('C:\\laragon\\www\\agrismart_ci4\\app\\Views\\dashboard\\main-croprotation.php')
 3 SYSTEMPATH\View\View.php(231): CodeIgniter\View\View->CodeIgniter\View\{closure}()
 4 SYSTEMPATH\View\View.php(469): CodeIgniter\View\View->render('/dashboard/main-croprotation', null, true)
 5 APPPATH\Views\userfolder\croprotation.php(6): CodeIgniter\View\View->include('/dashboard/main-croprotation')
 6 SYSTEMPATH\View\View.php(228): include('C:\\laragon\\www\\agrismart_ci4\\app\\Views\\userfolder\\croprotation.php')
 7 SYSTEMPATH\View\View.php(231): CodeIgniter\View\View->CodeIgniter\View\{closure}()
 8 SYSTEMPATH\Common.php(1190): CodeIgniter\View\View->render('userfolder/croprotation', [], true)
 9 APPPATH\Controllers\CropRotationController.php(45): view('userfolder/croprotation', [...])
10 SYSTEMPATH\CodeIgniter.php(942): App\Controllers\CropRotationController->addnewrotation()
11 SYSTEMPATH\CodeIgniter.php(502): CodeIgniter\CodeIgniter->runController(Object(App\Controllers\CropRotationController))
12 SYSTEMPATH\CodeIgniter.php(361): CodeIgniter\CodeIgniter->handleRequest(null, Object(Config\Cache), false)
13 FCPATH\index.php(79): CodeIgniter\CodeIgniter->run()
14 SYSTEMPATH\Commands\Server\rewrite.php(47): require_once('C:\\laragon\\www\\agrismart_ci4\\public\\index.php')
CRITICAL - 2023-12-03 05:52:59 --> Undefined variable $rotation
in APPPATH\Views\dashboard\main-croprotation.php on line 41.
 1 APPPATH\Views\dashboard\main-croprotation.php(41): CodeIgniter\Debug\Exceptions->errorHandler(2, 'Undefined variable $rotation', 'C:\\laragon\\www\\agrismart_ci4\\app\\Views\\dashboard\\main-croprotation.php', 41)
 2 SYSTEMPATH\View\View.php(228): include('C:\\laragon\\www\\agrismart_ci4\\app\\Views\\dashboard\\main-croprotation.php')
 3 SYSTEMPATH\View\View.php(231): CodeIgniter\View\View->CodeIgniter\View\{closure}()
 4 SYSTEMPATH\View\View.php(469): CodeIgniter\View\View->render('/dashboard/main-croprotation', null, true)
 5 APPPATH\Views\userfolder\croprotation.php(6): CodeIgniter\View\View->include('/dashboard/main-croprotation')
 6 SYSTEMPATH\View\View.php(228): include('C:\\laragon\\www\\agrismart_ci4\\app\\Views\\userfolder\\croprotation.php')
 7 SYSTEMPATH\View\View.php(231): CodeIgniter\View\View->CodeIgniter\View\{closure}()
 8 SYSTEMPATH\Common.php(1190): CodeIgniter\View\View->render('userfolder/croprotation', [], true)
 9 APPPATH\Controllers\CropRotationController.php(45): view('userfolder/croprotation', [...])
10 SYSTEMPATH\CodeIgniter.php(942): App\Controllers\CropRotationController->addnewrotation()
11 SYSTEMPATH\CodeIgniter.php(502): CodeIgniter\CodeIgniter->runController(Object(App\Controllers\CropRotationController))
12 SYSTEMPATH\CodeIgniter.php(361): CodeIgniter\CodeIgniter->handleRequest(null, Object(Config\Cache), false)
13 FCPATH\index.php(79): CodeIgniter\CodeIgniter->run()
14 SYSTEMPATH\Commands\Server\rewrite.php(47): require_once('C:\\laragon\\www\\agrismart_ci4\\public\\index.php')
CRITICAL - 2023-12-03 05:59:25 --> Undefined variable $field
in APPPATH\Views\dashboard\main-jobs.php on line 37.
 1 APPPATH\Views\dashboard\main-jobs.php(37): CodeIgniter\Debug\Exceptions->errorHandler(2, 'Undefined variable $field', 'C:\\laragon\\www\\agrismart_ci4\\app\\Views\\dashboard\\main-jobs.php', 37)
 2 SYSTEMPATH\View\View.php(228): include('C:\\laragon\\www\\agrismart_ci4\\app\\Views\\dashboard\\main-jobs.php')
 3 SYSTEMPATH\View\View.php(231): CodeIgniter\View\View->CodeIgniter\View\{closure}()
 4 SYSTEMPATH\View\View.php(469): CodeIgniter\View\View->render('/dashboard/main-jobs', null, true)
 5 APPPATH\Views\userfolder\jobs.php(5): CodeIgniter\View\View->include('/dashboard/main-jobs')
 6 SYSTEMPATH\View\View.php(228): include('C:\\laragon\\www\\agrismart_ci4\\app\\Views\\userfolder\\jobs.php')
 7 SYSTEMPATH\View\View.php(231): CodeIgniter\View\View->CodeIgniter\View\{closure}()
 8 SYSTEMPATH\Common.php(1190): CodeIgniter\View\View->render('userfolder/jobs', [], true)
 9 APPPATH\Controllers\DashboardController.php(37): view('userfolder/jobs')
10 SYSTEMPATH\CodeIgniter.php(942): App\Controllers\DashboardController->jobs()
11 SYSTEMPATH\CodeIgniter.php(502): CodeIgniter\CodeIgniter->runController(Object(App\Controllers\DashboardController))
12 SYSTEMPATH\CodeIgniter.php(361): CodeIgniter\CodeIgniter->handleRequest(null, Object(Config\Cache), false)
13 FCPATH\index.php(79): CodeIgniter\CodeIgniter->run()
14 SYSTEMPATH\Commands\Server\rewrite.php(47): require_once('C:\\laragon\\www\\agrismart_ci4\\public\\index.php')
CRITICAL - 2023-12-03 06:14:05 --> Undefined array key "equipment_name"
in APPPATH\Views\dashboard\main-jobs.php on line 47.
 1 APPPATH\Views\dashboard\main-jobs.php(47): CodeIgniter\Debug\Exceptions->errorHandler(2, 'Undefined array key "equipment_name"', 'C:\\laragon\\www\\agrismart_ci4\\app\\Views\\dashboard\\main-jobs.php', 47)
 2 SYSTEMPATH\View\View.php(228): include('C:\\laragon\\www\\agrismart_ci4\\app\\Views\\dashboard\\main-jobs.php')
 3 SYSTEMPATH\View\View.php(231): CodeIgniter\View\View->CodeIgniter\View\{closure}()
 4 SYSTEMPATH\View\View.php(469): CodeIgniter\View\View->render('/dashboard/main-jobs', null, true)
 5 APPPATH\Views\userfolder\jobs.php(5): CodeIgniter\View\View->include('/dashboard/main-jobs')
 6 SYSTEMPATH\View\View.php(228): include('C:\\laragon\\www\\agrismart_ci4\\app\\Views\\userfolder\\jobs.php')
 7 SYSTEMPATH\View\View.php(231): CodeIgniter\View\View->CodeIgniter\View\{closure}()
 8 SYSTEMPATH\Common.php(1190): CodeIgniter\View\View->render('userfolder/jobs', [], true)
 9 APPPATH\Controllers\DashboardController.php(203): view('userfolder/jobs', [...])
10 SYSTEMPATH\CodeIgniter.php(942): App\Controllers\DashboardController->jobs()
11 SYSTEMPATH\CodeIgniter.php(502): CodeIgniter\CodeIgniter->runController(Object(App\Controllers\DashboardController))
12 SYSTEMPATH\CodeIgniter.php(361): CodeIgniter\CodeIgniter->handleRequest(null, Object(Config\Cache), false)
13 FCPATH\index.php(79): CodeIgniter\CodeIgniter->run()
14 SYSTEMPATH\Commands\Server\rewrite.php(47): require_once('C:\\laragon\\www\\agrismart_ci4\\public\\index.php')
CRITICAL - 2023-12-03 06:15:07 --> Undefined variable $rotation
in APPPATH\Views\dashboard\main-croprotation.php on line 41.
 1 APPPATH\Views\dashboard\main-croprotation.php(41): CodeIgniter\Debug\Exceptions->errorHandler(2, 'Undefined variable $rotation', 'C:\\laragon\\www\\agrismart_ci4\\app\\Views\\dashboard\\main-croprotation.php', 41)
 2 SYSTEMPATH\View\View.php(228): include('C:\\laragon\\www\\agrismart_ci4\\app\\Views\\dashboard\\main-croprotation.php')
 3 SYSTEMPATH\View\View.php(231): CodeIgniter\View\View->CodeIgniter\View\{closure}()
 4 SYSTEMPATH\View\View.php(469): CodeIgniter\View\View->render('/dashboard/main-croprotation', null, true)
 5 APPPATH\Views\userfolder\croprotation.php(6): CodeIgniter\View\View->include('/dashboard/main-croprotation')
 6 SYSTEMPATH\View\View.php(228): include('C:\\laragon\\www\\agrismart_ci4\\app\\Views\\userfolder\\croprotation.php')
 7 SYSTEMPATH\View\View.php(231): CodeIgniter\View\View->CodeIgniter\View\{closure}()
 8 SYSTEMPATH\Common.php(1190): CodeIgniter\View\View->render('userfolder/croprotation', [], true)
 9 APPPATH\Controllers\CropRotationController.php(45): view('userfolder/croprotation', [...])
10 SYSTEMPATH\CodeIgniter.php(942): App\Controllers\CropRotationController->addnewrotation()
11 SYSTEMPATH\CodeIgniter.php(502): CodeIgniter\CodeIgniter->runController(Object(App\Controllers\CropRotationController))
12 SYSTEMPATH\CodeIgniter.php(361): CodeIgniter\CodeIgniter->handleRequest(null, Object(Config\Cache), false)
13 FCPATH\index.php(79): CodeIgniter\CodeIgniter->run()
14 SYSTEMPATH\Commands\Server\rewrite.php(47): require_once('C:\\laragon\\www\\agrismart_ci4\\public\\index.php')
CRITICAL - 2023-12-03 08:48:03 --> Undefined variable $rotation
in APPPATH\Views\dashboard\main-croprotation.php on line 41.
 1 APPPATH\Views\dashboard\main-croprotation.php(41): CodeIgniter\Debug\Exceptions->errorHandler(2, 'Undefined variable $rotation', 'C:\\laragon\\www\\agrismart_ci4\\app\\Views\\dashboard\\main-croprotation.php', 41)
 2 SYSTEMPATH\View\View.php(228): include('C:\\laragon\\www\\agrismart_ci4\\app\\Views\\dashboard\\main-croprotation.php')
 3 SYSTEMPATH\View\View.php(231): CodeIgniter\View\View->CodeIgniter\View\{closure}()
 4 SYSTEMPATH\View\View.php(469): CodeIgniter\View\View->render('/dashboard/main-croprotation', null, true)
 5 APPPATH\Views\userfolder\croprotation.php(6): CodeIgniter\View\View->include('/dashboard/main-croprotation')
 6 SYSTEMPATH\View\View.php(228): include('C:\\laragon\\www\\agrismart_ci4\\app\\Views\\userfolder\\croprotation.php')
 7 SYSTEMPATH\View\View.php(231): CodeIgniter\View\View->CodeIgniter\View\{closure}()
 8 SYSTEMPATH\Common.php(1190): CodeIgniter\View\View->render('userfolder/croprotation', [], true)
 9 APPPATH\Controllers\CropRotationController.php(45): view('userfolder/croprotation', [...])
10 SYSTEMPATH\CodeIgniter.php(942): App\Controllers\CropRotationController->addnewrotation()
11 SYSTEMPATH\CodeIgniter.php(502): CodeIgniter\CodeIgniter->runController(Object(App\Controllers\CropRotationController))
12 SYSTEMPATH\CodeIgniter.php(361): CodeIgniter\CodeIgniter->handleRequest(null, Object(Config\Cache), false)
13 FCPATH\index.php(79): CodeIgniter\CodeIgniter->run()
14 SYSTEMPATH\Commands\Server\rewrite.php(47): require_once('C:\\laragon\\www\\agrismart_ci4\\public\\index.php')
CRITICAL - 2023-12-03 09:15:44 --> Undefined array key "job_id"
in APPPATH\Views\dashboard\main-harvest.php on line 62.
 1 APPPATH\Views\dashboard\main-harvest.php(62): CodeIgniter\Debug\Exceptions->errorHandler(2, 'Undefined array key "job_id"', 'C:\\laragon\\www\\agrismart_ci4\\app\\Views\\dashboard\\main-harvest.php', 62)
 2 SYSTEMPATH\View\View.php(228): include('C:\\laragon\\www\\agrismart_ci4\\app\\Views\\dashboard\\main-harvest.php')
 3 SYSTEMPATH\View\View.php(231): CodeIgniter\View\View->CodeIgniter\View\{closure}()
 4 SYSTEMPATH\View\View.php(469): CodeIgniter\View\View->render('/dashboard/main-harvest', null, true)
 5 APPPATH\Views\userfolder\harvest.php(6): CodeIgniter\View\View->include('/dashboard/main-harvest')
 6 SYSTEMPATH\View\View.php(228): include('C:\\laragon\\www\\agrismart_ci4\\app\\Views\\userfolder\\harvest.php')
 7 SYSTEMPATH\View\View.php(231): CodeIgniter\View\View->CodeIgniter\View\{closure}()
 8 SYSTEMPATH\Common.php(1190): CodeIgniter\View\View->render('userfolder/harvest', [], true)
 9 APPPATH\Controllers\DashboardController.php(316): view('userfolder/harvest', [...])
10 SYSTEMPATH\CodeIgniter.php(942): App\Controllers\DashboardController->harvest()
11 SYSTEMPATH\CodeIgniter.php(502): CodeIgniter\CodeIgniter->runController(Object(App\Controllers\DashboardController))
12 SYSTEMPATH\CodeIgniter.php(361): CodeIgniter\CodeIgniter->handleRequest(null, Object(Config\Cache), false)
13 FCPATH\index.php(79): CodeIgniter\CodeIgniter->run()
14 SYSTEMPATH\Commands\Server\rewrite.php(47): require_once('C:\\laragon\\www\\agrismart_ci4\\public\\index.php')
CRITICAL - 2023-12-03 09:57:31 --> Undefined variable $rotation
in APPPATH\Views\dashboard\main-croprotation.php on line 41.
 1 APPPATH\Views\dashboard\main-croprotation.php(41): CodeIgniter\Debug\Exceptions->errorHandler(2, 'Undefined variable $rotation', 'C:\\laragon\\www\\agrismart_ci4\\app\\Views\\dashboard\\main-croprotation.php', 41)
 2 SYSTEMPATH\View\View.php(228): include('C:\\laragon\\www\\agrismart_ci4\\app\\Views\\dashboard\\main-croprotation.php')
 3 SYSTEMPATH\View\View.php(231): CodeIgniter\View\View->CodeIgniter\View\{closure}()
 4 SYSTEMPATH\View\View.php(469): CodeIgniter\View\View->render('/dashboard/main-croprotation', null, true)
 5 APPPATH\Views\userfolder\croprotation.php(6): CodeIgniter\View\View->include('/dashboard/main-croprotation')
 6 SYSTEMPATH\View\View.php(228): include('C:\\laragon\\www\\agrismart_ci4\\app\\Views\\userfolder\\croprotation.php')
 7 SYSTEMPATH\View\View.php(231): CodeIgniter\View\View->CodeIgniter\View\{closure}()
 8 SYSTEMPATH\Common.php(1190): CodeIgniter\View\View->render('userfolder/croprotation', [], true)
 9 APPPATH\Controllers\CropRotationController.php(45): view('userfolder/croprotation', [...])
10 SYSTEMPATH\CodeIgniter.php(942): App\Controllers\CropRotationController->addnewrotation()
11 SYSTEMPATH\CodeIgniter.php(502): CodeIgniter\CodeIgniter->runController(Object(App\Controllers\CropRotationController))
12 SYSTEMPATH\CodeIgniter.php(361): CodeIgniter\CodeIgniter->handleRequest(null, Object(Config\Cache), false)
13 FCPATH\index.php(79): CodeIgniter\CodeIgniter->run()
14 SYSTEMPATH\Commands\Server\rewrite.php(47): require_once('C:\\laragon\\www\\agrismart_ci4\\public\\index.php')
CRITICAL - 2023-12-03 09:58:45 --> Undefined variable $rotation
in APPPATH\Views\dashboard\main-croprotation.php on line 41.
 1 APPPATH\Views\dashboard\main-croprotation.php(41): CodeIgniter\Debug\Exceptions->errorHandler(2, 'Undefined variable $rotation', 'C:\\laragon\\www\\agrismart_ci4\\app\\Views\\dashboard\\main-croprotation.php', 41)
 2 SYSTEMPATH\View\View.php(228): include('C:\\laragon\\www\\agrismart_ci4\\app\\Views\\dashboard\\main-croprotation.php')
 3 SYSTEMPATH\View\View.php(231): CodeIgniter\View\View->CodeIgniter\View\{closure}()
 4 SYSTEMPATH\View\View.php(469): CodeIgniter\View\View->render('/dashboard/main-croprotation', null, true)
 5 APPPATH\Views\userfolder\croprotation.php(6): CodeIgniter\View\View->include('/dashboard/main-croprotation')
 6 SYSTEMPATH\View\View.php(228): include('C:\\laragon\\www\\agrismart_ci4\\app\\Views\\userfolder\\croprotation.php')
 7 SYSTEMPATH\View\View.php(231): CodeIgniter\View\View->CodeIgniter\View\{closure}()
 8 SYSTEMPATH\Common.php(1190): CodeIgniter\View\View->render('userfolder/croprotation', [], true)
 9 APPPATH\Controllers\CropRotationController.php(45): view('userfolder/croprotation', [...])
10 SYSTEMPATH\CodeIgniter.php(942): App\Controllers\CropRotationController->addnewrotation()
11 SYSTEMPATH\CodeIgniter.php(502): CodeIgniter\CodeIgniter->runController(Object(App\Controllers\CropRotationController))
12 SYSTEMPATH\CodeIgniter.php(361): CodeIgniter\CodeIgniter->handleRequest(null, Object(Config\Cache), false)
13 FCPATH\index.php(79): CodeIgniter\CodeIgniter->run()
14 SYSTEMPATH\Commands\Server\rewrite.php(47): require_once('C:\\laragon\\www\\agrismart_ci4\\public\\index.php')
CRITICAL - 2023-12-03 10:01:55 --> Undefined variable $rotation
in APPPATH\Views\dashboard\main-croprotation.php on line 41.
 1 APPPATH\Views\dashboard\main-croprotation.php(41): CodeIgniter\Debug\Exceptions->errorHandler(2, 'Undefined variable $rotation', 'C:\\laragon\\www\\agrismart_ci4\\app\\Views\\dashboard\\main-croprotation.php', 41)
 2 SYSTEMPATH\View\View.php(228): include('C:\\laragon\\www\\agrismart_ci4\\app\\Views\\dashboard\\main-croprotation.php')
 3 SYSTEMPATH\View\View.php(231): CodeIgniter\View\View->CodeIgniter\View\{closure}()
 4 SYSTEMPATH\View\View.php(469): CodeIgniter\View\View->render('/dashboard/main-croprotation', null, true)
 5 APPPATH\Views\userfolder\croprotation.php(6): CodeIgniter\View\View->include('/dashboard/main-croprotation')
 6 SYSTEMPATH\View\View.php(228): include('C:\\laragon\\www\\agrismart_ci4\\app\\Views\\userfolder\\croprotation.php')
 7 SYSTEMPATH\View\View.php(231): CodeIgniter\View\View->CodeIgniter\View\{closure}()
 8 SYSTEMPATH\Common.php(1190): CodeIgniter\View\View->render('userfolder/croprotation', [], true)
 9 APPPATH\Controllers\DashboardController.php(176): view('userfolder/croprotation', [...])
10 SYSTEMPATH\CodeIgniter.php(942): App\Controllers\DashboardController->addnewrotation()
11 SYSTEMPATH\CodeIgniter.php(502): CodeIgniter\CodeIgniter->runController(Object(App\Controllers\DashboardController))
12 SYSTEMPATH\CodeIgniter.php(361): CodeIgniter\CodeIgniter->handleRequest(null, Object(Config\Cache), false)
13 FCPATH\index.php(79): CodeIgniter\CodeIgniter->run()
14 SYSTEMPATH\Commands\Server\rewrite.php(47): require_once('C:\\laragon\\www\\agrismart_ci4\\public\\index.php')
CRITICAL - 2023-12-03 10:06:38 --> Undefined variable $rotation
in APPPATH\Views\dashboard\main-croprotation.php on line 41.
 1 APPPATH\Views\dashboard\main-croprotation.php(41): CodeIgniter\Debug\Exceptions->errorHandler(2, 'Undefined variable $rotation', 'C:\\laragon\\www\\agrismart_ci4\\app\\Views\\dashboard\\main-croprotation.php', 41)
 2 SYSTEMPATH\View\View.php(228): include('C:\\laragon\\www\\agrismart_ci4\\app\\Views\\dashboard\\main-croprotation.php')
 3 SYSTEMPATH\View\View.php(231): CodeIgniter\View\View->CodeIgniter\View\{closure}()
 4 SYSTEMPATH\View\View.php(469): CodeIgniter\View\View->render('/dashboard/main-croprotation', null, true)
 5 APPPATH\Views\userfolder\croprotation.php(6): CodeIgniter\View\View->include('/dashboard/main-croprotation')
 6 SYSTEMPATH\View\View.php(228): include('C:\\laragon\\www\\agrismart_ci4\\app\\Views\\userfolder\\croprotation.php')
 7 SYSTEMPATH\View\View.php(231): CodeIgniter\View\View->CodeIgniter\View\{closure}()
 8 SYSTEMPATH\Common.php(1190): CodeIgniter\View\View->render('userfolder/croprotation', [], true)
 9 APPPATH\Controllers\DashboardController.php(176): view('userfolder/croprotation', [...])
10 SYSTEMPATH\CodeIgniter.php(942): App\Controllers\DashboardController->addnewrotation()
11 SYSTEMPATH\CodeIgniter.php(502): CodeIgniter\CodeIgniter->runController(Object(App\Controllers\DashboardController))
12 SYSTEMPATH\CodeIgniter.php(361): CodeIgniter\CodeIgniter->handleRequest(null, Object(Config\Cache), false)
13 FCPATH\index.php(79): CodeIgniter\CodeIgniter->run()
14 SYSTEMPATH\Commands\Server\rewrite.php(47): require_once('C:\\laragon\\www\\agrismart_ci4\\public\\index.php')
CRITICAL - 2023-12-03 10:19:33 --> Undefined variable $rotation
in APPPATH\Views\dashboard\main-croprotation.php on line 41.
 1 APPPATH\Views\dashboard\main-croprotation.php(41): CodeIgniter\Debug\Exceptions->errorHandler(2, 'Undefined variable $rotation', 'C:\\laragon\\www\\agrismart_ci4\\app\\Views\\dashboard\\main-croprotation.php', 41)
 2 SYSTEMPATH\View\View.php(228): include('C:\\laragon\\www\\agrismart_ci4\\app\\Views\\dashboard\\main-croprotation.php')
 3 SYSTEMPATH\View\View.php(231): CodeIgniter\View\View->CodeIgniter\View\{closure}()
 4 SYSTEMPATH\View\View.php(469): CodeIgniter\View\View->render('/dashboard/main-croprotation', null, true)
 5 APPPATH\Views\userfolder\croprotation.php(6): CodeIgniter\View\View->include('/dashboard/main-croprotation')
 6 SYSTEMPATH\View\View.php(228): include('C:\\laragon\\www\\agrismart_ci4\\app\\Views\\userfolder\\croprotation.php')
 7 SYSTEMPATH\View\View.php(231): CodeIgniter\View\View->CodeIgniter\View\{closure}()
 8 SYSTEMPATH\Common.php(1190): CodeIgniter\View\View->render('userfolder/croprotation', [], true)
 9 APPPATH\Controllers\DashboardController.php(176): view('userfolder/croprotation', [...])
10 SYSTEMPATH\CodeIgniter.php(942): App\Controllers\DashboardController->addnewrotation()
11 SYSTEMPATH\CodeIgniter.php(502): CodeIgniter\CodeIgniter->runController(Object(App\Controllers\DashboardController))
12 SYSTEMPATH\CodeIgniter.php(361): CodeIgniter\CodeIgniter->handleRequest(null, Object(Config\Cache), false)
13 FCPATH\index.php(79): CodeIgniter\CodeIgniter->run()
14 SYSTEMPATH\Commands\Server\rewrite.php(47): require_once('C:\\laragon\\www\\agrismart_ci4\\public\\index.php')
CRITICAL - 2023-12-03 10:32:12 --> Undefined variable $rotation
in APPPATH\Views\dashboard\main-croprotation.php on line 41.
 1 APPPATH\Views\dashboard\main-croprotation.php(41): CodeIgniter\Debug\Exceptions->errorHandler(2, 'Undefined variable $rotation', 'C:\\laragon\\www\\agrismart_ci4\\app\\Views\\dashboard\\main-croprotation.php', 41)
 2 SYSTEMPATH\View\View.php(228): include('C:\\laragon\\www\\agrismart_ci4\\app\\Views\\dashboard\\main-croprotation.php')
 3 SYSTEMPATH\View\View.php(231): CodeIgniter\View\View->CodeIgniter\View\{closure}()
 4 SYSTEMPATH\View\View.php(469): CodeIgniter\View\View->render('/dashboard/main-croprotation', null, true)
 5 APPPATH\Views\userfolder\croprotation.php(6): CodeIgniter\View\View->include('/dashboard/main-croprotation')
 6 SYSTEMPATH\View\View.php(228): include('C:\\laragon\\www\\agrismart_ci4\\app\\Views\\userfolder\\croprotation.php')
 7 SYSTEMPATH\View\View.php(231): CodeIgniter\View\View->CodeIgniter\View\{closure}()
 8 SYSTEMPATH\Common.php(1190): CodeIgniter\View\View->render('userfolder/croprotation', [], true)
 9 APPPATH\Controllers\DashboardController.php(176): view('userfolder/croprotation', [...])
10 SYSTEMPATH\CodeIgniter.php(942): App\Controllers\DashboardController->addnewrotation()
11 SYSTEMPATH\CodeIgniter.php(502): CodeIgniter\CodeIgniter->runController(Object(App\Controllers\DashboardController))
12 SYSTEMPATH\CodeIgniter.php(361): CodeIgniter\CodeIgniter->handleRequest(null, Object(Config\Cache), false)
13 FCPATH\index.php(79): CodeIgniter\CodeIgniter->run()
14 SYSTEMPATH\Commands\Server\rewrite.php(47): require_once('C:\\laragon\\www\\agrismart_ci4\\public\\index.php')
CRITICAL - 2023-12-03 10:33:34 --> Undefined variable $rotation
in APPPATH\Views\dashboard\main-croprotation.php on line 41.
 1 APPPATH\Views\dashboard\main-croprotation.php(41): CodeIgniter\Debug\Exceptions->errorHandler(2, 'Undefined variable $rotation', 'C:\\laragon\\www\\agrismart_ci4\\app\\Views\\dashboard\\main-croprotation.php', 41)
 2 SYSTEMPATH\View\View.php(228): include('C:\\laragon\\www\\agrismart_ci4\\app\\Views\\dashboard\\main-croprotation.php')
 3 SYSTEMPATH\View\View.php(231): CodeIgniter\View\View->CodeIgniter\View\{closure}()
 4 SYSTEMPATH\View\View.php(469): CodeIgniter\View\View->render('/dashboard/main-croprotation', null, true)
 5 APPPATH\Views\userfolder\croprotation.php(6): CodeIgniter\View\View->include('/dashboard/main-croprotation')
 6 SYSTEMPATH\View\View.php(228): include('C:\\laragon\\www\\agrismart_ci4\\app\\Views\\userfolder\\croprotation.php')
 7 SYSTEMPATH\View\View.php(231): CodeIgniter\View\View->CodeIgniter\View\{closure}()
 8 SYSTEMPATH\Common.php(1190): CodeIgniter\View\View->render('userfolder/croprotation', [], true)
 9 APPPATH\Controllers\DashboardController.php(176): view('userfolder/croprotation', [...])
10 SYSTEMPATH\CodeIgniter.php(942): App\Controllers\DashboardController->addnewrotation()
11 SYSTEMPATH\CodeIgniter.php(502): CodeIgniter\CodeIgniter->runController(Object(App\Controllers\DashboardController))
12 SYSTEMPATH\CodeIgniter.php(361): CodeIgniter\CodeIgniter->handleRequest(null, Object(Config\Cache), false)
13 FCPATH\index.php(79): CodeIgniter\CodeIgniter->run()
14 SYSTEMPATH\Commands\Server\rewrite.php(47): require_once('C:\\laragon\\www\\agrismart_ci4\\public\\index.php')
CRITICAL - 2023-12-03 10:33:36 --> Undefined variable $rotation
in APPPATH\Views\dashboard\main-croprotation.php on line 41.
 1 APPPATH\Views\dashboard\main-croprotation.php(41): CodeIgniter\Debug\Exceptions->errorHandler(2, 'Undefined variable $rotation', 'C:\\laragon\\www\\agrismart_ci4\\app\\Views\\dashboard\\main-croprotation.php', 41)
 2 SYSTEMPATH\View\View.php(228): include('C:\\laragon\\www\\agrismart_ci4\\app\\Views\\dashboard\\main-croprotation.php')
 3 SYSTEMPATH\View\View.php(231): CodeIgniter\View\View->CodeIgniter\View\{closure}()
 4 SYSTEMPATH\View\View.php(469): CodeIgniter\View\View->render('/dashboard/main-croprotation', null, true)
 5 APPPATH\Views\userfolder\croprotation.php(6): CodeIgniter\View\View->include('/dashboard/main-croprotation')
 6 SYSTEMPATH\View\View.php(228): include('C:\\laragon\\www\\agrismart_ci4\\app\\Views\\userfolder\\croprotation.php')
 7 SYSTEMPATH\View\View.php(231): CodeIgniter\View\View->CodeIgniter\View\{closure}()
 8 SYSTEMPATH\Common.php(1190): CodeIgniter\View\View->render('userfolder/croprotation', [], true)
 9 APPPATH\Controllers\DashboardController.php(176): view('userfolder/croprotation', [...])
10 SYSTEMPATH\CodeIgniter.php(942): App\Controllers\DashboardController->addnewrotation()
11 SYSTEMPATH\CodeIgniter.php(502): CodeIgniter\CodeIgniter->runController(Object(App\Controllers\DashboardController))
12 SYSTEMPATH\CodeIgniter.php(361): CodeIgniter\CodeIgniter->handleRequest(null, Object(Config\Cache), false)
13 FCPATH\index.php(79): CodeIgniter\CodeIgniter->run()
14 SYSTEMPATH\Commands\Server\rewrite.php(47): require_once('C:\\laragon\\www\\agrismart_ci4\\public\\index.php')
CRITICAL - 2023-12-03 10:35:16 --> Undefined variable $rotation
in APPPATH\Views\dashboard\main-croprotation.php on line 41.
 1 APPPATH\Views\dashboard\main-croprotation.php(41): CodeIgniter\Debug\Exceptions->errorHandler(2, 'Undefined variable $rotation', 'C:\\laragon\\www\\agrismart_ci4\\app\\Views\\dashboard\\main-croprotation.php', 41)
 2 SYSTEMPATH\View\View.php(228): include('C:\\laragon\\www\\agrismart_ci4\\app\\Views\\dashboard\\main-croprotation.php')
 3 SYSTEMPATH\View\View.php(231): CodeIgniter\View\View->CodeIgniter\View\{closure}()
 4 SYSTEMPATH\View\View.php(469): CodeIgniter\View\View->render('/dashboard/main-croprotation', null, true)
 5 APPPATH\Views\userfolder\croprotation.php(6): CodeIgniter\View\View->include('/dashboard/main-croprotation')
 6 SYSTEMPATH\View\View.php(228): include('C:\\laragon\\www\\agrismart_ci4\\app\\Views\\userfolder\\croprotation.php')
 7 SYSTEMPATH\View\View.php(231): CodeIgniter\View\View->CodeIgniter\View\{closure}()
 8 SYSTEMPATH\Common.php(1190): CodeIgniter\View\View->render('userfolder/croprotation', [], true)
 9 APPPATH\Controllers\DashboardController.php(176): view('userfolder/croprotation', [...])
10 SYSTEMPATH\CodeIgniter.php(942): App\Controllers\DashboardController->addnewrotation()
11 SYSTEMPATH\CodeIgniter.php(502): CodeIgniter\CodeIgniter->runController(Object(App\Controllers\DashboardController))
12 SYSTEMPATH\CodeIgniter.php(361): CodeIgniter\CodeIgniter->handleRequest(null, Object(Config\Cache), false)
13 FCPATH\index.php(79): CodeIgniter\CodeIgniter->run()
14 SYSTEMPATH\Commands\Server\rewrite.php(47): require_once('C:\\laragon\\www\\agrismart_ci4\\public\\index.php')
CRITICAL - 2023-12-03 10:50:50 --> Undefined variable $rotation
in APPPATH\Views\dashboard\main-croprotation.php on line 41.
 1 APPPATH\Views\dashboard\main-croprotation.php(41): CodeIgniter\Debug\Exceptions->errorHandler(2, 'Undefined variable $rotation', 'C:\\laragon\\www\\agrismart_ci4\\app\\Views\\dashboard\\main-croprotation.php', 41)
 2 SYSTEMPATH\View\View.php(228): include('C:\\laragon\\www\\agrismart_ci4\\app\\Views\\dashboard\\main-croprotation.php')
 3 SYSTEMPATH\View\View.php(231): CodeIgniter\View\View->CodeIgniter\View\{closure}()
 4 SYSTEMPATH\View\View.php(469): CodeIgniter\View\View->render('/dashboard/main-croprotation', null, true)
 5 APPPATH\Views\userfolder\croprotation.php(6): CodeIgniter\View\View->include('/dashboard/main-croprotation')
 6 SYSTEMPATH\View\View.php(228): include('C:\\laragon\\www\\agrismart_ci4\\app\\Views\\userfolder\\croprotation.php')
 7 SYSTEMPATH\View\View.php(231): CodeIgniter\View\View->CodeIgniter\View\{closure}()
 8 SYSTEMPATH\Common.php(1190): CodeIgniter\View\View->render('userfolder/croprotation', [], true)
 9 APPPATH\Controllers\DashboardController.php(176): view('userfolder/croprotation', [...])
10 SYSTEMPATH\CodeIgniter.php(942): App\Controllers\DashboardController->addnewrotation()
11 SYSTEMPATH\CodeIgniter.php(502): CodeIgniter\CodeIgniter->runController(Object(App\Controllers\DashboardController))
12 SYSTEMPATH\CodeIgniter.php(361): CodeIgniter\CodeIgniter->handleRequest(null, Object(Config\Cache), false)
13 FCPATH\index.php(79): CodeIgniter\CodeIgniter->run()
14 SYSTEMPATH\Commands\Server\rewrite.php(47): require_once('C:\\laragon\\www\\agrismart_ci4\\public\\index.php')
CRITICAL - 2023-12-03 10:53:00 --> Undefined variable $rotation
in APPPATH\Views\dashboard\main-croprotation.php on line 41.
 1 APPPATH\Views\dashboard\main-croprotation.php(41): CodeIgniter\Debug\Exceptions->errorHandler(2, 'Undefined variable $rotation', 'C:\\laragon\\www\\agrismart_ci4\\app\\Views\\dashboard\\main-croprotation.php', 41)
 2 SYSTEMPATH\View\View.php(228): include('C:\\laragon\\www\\agrismart_ci4\\app\\Views\\dashboard\\main-croprotation.php')
 3 SYSTEMPATH\View\View.php(231): CodeIgniter\View\View->CodeIgniter\View\{closure}()
 4 SYSTEMPATH\View\View.php(469): CodeIgniter\View\View->render('/dashboard/main-croprotation', null, true)
 5 APPPATH\Views\userfolder\croprotation.php(6): CodeIgniter\View\View->include('/dashboard/main-croprotation')
 6 SYSTEMPATH\View\View.php(228): include('C:\\laragon\\www\\agrismart_ci4\\app\\Views\\userfolder\\croprotation.php')
 7 SYSTEMPATH\View\View.php(231): CodeIgniter\View\View->CodeIgniter\View\{closure}()
 8 SYSTEMPATH\Common.php(1190): CodeIgniter\View\View->render('userfolder/croprotation', [], true)
 9 APPPATH\Controllers\DashboardController.php(176): view('userfolder/croprotation', [...])
10 SYSTEMPATH\CodeIgniter.php(942): App\Controllers\DashboardController->addnewrotation()
11 SYSTEMPATH\CodeIgniter.php(502): CodeIgniter\CodeIgniter->runController(Object(App\Controllers\DashboardController))
12 SYSTEMPATH\CodeIgniter.php(361): CodeIgniter\CodeIgniter->handleRequest(null, Object(Config\Cache), false)
13 FCPATH\index.php(79): CodeIgniter\CodeIgniter->run()
14 SYSTEMPATH\Commands\Server\rewrite.php(47): require_once('C:\\laragon\\www\\agrismart_ci4\\public\\index.php')
CRITICAL - 2023-12-03 10:56:33 --> Undefined variable $crop
in APPPATH\Views\dashboard\main-croprotation.php on line 41.
 1 APPPATH\Views\dashboard\main-croprotation.php(41): CodeIgniter\Debug\Exceptions->errorHandler(2, 'Undefined variable $crop', 'C:\\laragon\\www\\agrismart_ci4\\app\\Views\\dashboard\\main-croprotation.php', 41)
 2 SYSTEMPATH\View\View.php(228): include('C:\\laragon\\www\\agrismart_ci4\\app\\Views\\dashboard\\main-croprotation.php')
 3 SYSTEMPATH\View\View.php(231): CodeIgniter\View\View->CodeIgniter\View\{closure}()
 4 SYSTEMPATH\View\View.php(469): CodeIgniter\View\View->render('/dashboard/main-croprotation', null, true)
 5 APPPATH\Views\userfolder\croprotation.php(6): CodeIgniter\View\View->include('/dashboard/main-croprotation')
 6 SYSTEMPATH\View\View.php(228): include('C:\\laragon\\www\\agrismart_ci4\\app\\Views\\userfolder\\croprotation.php')
 7 SYSTEMPATH\View\View.php(231): CodeIgniter\View\View->CodeIgniter\View\{closure}()
 8 SYSTEMPATH\Common.php(1190): CodeIgniter\View\View->render('userfolder/croprotation', [], true)
 9 APPPATH\Controllers\DashboardController.php(176): view('userfolder/croprotation', [...])
10 SYSTEMPATH\CodeIgniter.php(942): App\Controllers\DashboardController->addnewrotation()
11 SYSTEMPATH\CodeIgniter.php(502): CodeIgniter\CodeIgniter->runController(Object(App\Controllers\DashboardController))
12 SYSTEMPATH\CodeIgniter.php(361): CodeIgniter\CodeIgniter->handleRequest(null, Object(Config\Cache), false)
13 FCPATH\index.php(79): CodeIgniter\CodeIgniter->run()
14 SYSTEMPATH\Commands\Server\rewrite.php(47): require_once('C:\\laragon\\www\\agrismart_ci4\\public\\index.php')
CRITICAL - 2023-12-03 10:58:10 --> Undefined variable $crop
in APPPATH\Views\dashboard\main-croprotation.php on line 41.
 1 APPPATH\Views\dashboard\main-croprotation.php(41): CodeIgniter\Debug\Exceptions->errorHandler(2, 'Undefined variable $crop', 'C:\\laragon\\www\\agrismart_ci4\\app\\Views\\dashboard\\main-croprotation.php', 41)
 2 SYSTEMPATH\View\View.php(228): include('C:\\laragon\\www\\agrismart_ci4\\app\\Views\\dashboard\\main-croprotation.php')
 3 SYSTEMPATH\View\View.php(231): CodeIgniter\View\View->CodeIgniter\View\{closure}()
 4 SYSTEMPATH\View\View.php(469): CodeIgniter\View\View->render('/dashboard/main-croprotation', null, true)
 5 APPPATH\Views\userfolder\croprotation.php(6): CodeIgniter\View\View->include('/dashboard/main-croprotation')
 6 SYSTEMPATH\View\View.php(228): include('C:\\laragon\\www\\agrismart_ci4\\app\\Views\\userfolder\\croprotation.php')
 7 SYSTEMPATH\View\View.php(231): CodeIgniter\View\View->CodeIgniter\View\{closure}()
 8 SYSTEMPATH\Common.php(1190): CodeIgniter\View\View->render('userfolder/croprotation', [], true)
 9 APPPATH\Controllers\DashboardController.php(176): view('userfolder/croprotation', [...])
10 SYSTEMPATH\CodeIgniter.php(942): App\Controllers\DashboardController->addnewrotation()
11 SYSTEMPATH\CodeIgniter.php(502): CodeIgniter\CodeIgniter->runController(Object(App\Controllers\DashboardController))
12 SYSTEMPATH\CodeIgniter.php(361): CodeIgniter\CodeIgniter->handleRequest(null, Object(Config\Cache), false)
13 FCPATH\index.php(79): CodeIgniter\CodeIgniter->run()
14 SYSTEMPATH\Commands\Server\rewrite.php(47): require_once('C:\\laragon\\www\\agrismart_ci4\\public\\index.php')
CRITICAL - 2023-12-03 10:58:17 --> Undefined variable $crop
in APPPATH\Views\dashboard\main-croprotation.php on line 41.
 1 APPPATH\Views\dashboard\main-croprotation.php(41): CodeIgniter\Debug\Exceptions->errorHandler(2, 'Undefined variable $crop', 'C:\\laragon\\www\\agrismart_ci4\\app\\Views\\dashboard\\main-croprotation.php', 41)
 2 SYSTEMPATH\View\View.php(228): include('C:\\laragon\\www\\agrismart_ci4\\app\\Views\\dashboard\\main-croprotation.php')
 3 SYSTEMPATH\View\View.php(231): CodeIgniter\View\View->CodeIgniter\View\{closure}()
 4 SYSTEMPATH\View\View.php(469): CodeIgniter\View\View->render('/dashboard/main-croprotation', null, true)
 5 APPPATH\Views\userfolder\croprotation.php(6): CodeIgniter\View\View->include('/dashboard/main-croprotation')
 6 SYSTEMPATH\View\View.php(228): include('C:\\laragon\\www\\agrismart_ci4\\app\\Views\\userfolder\\croprotation.php')
 7 SYSTEMPATH\View\View.php(231): CodeIgniter\View\View->CodeIgniter\View\{closure}()
 8 SYSTEMPATH\Common.php(1190): CodeIgniter\View\View->render('userfolder/croprotation', [], true)
 9 APPPATH\Controllers\DashboardController.php(176): view('userfolder/croprotation', [...])
10 SYSTEMPATH\CodeIgniter.php(942): App\Controllers\DashboardController->addnewrotation()
11 SYSTEMPATH\CodeIgniter.php(502): CodeIgniter\CodeIgniter->runController(Object(App\Controllers\DashboardController))
12 SYSTEMPATH\CodeIgniter.php(361): CodeIgniter\CodeIgniter->handleRequest(null, Object(Config\Cache), false)
13 FCPATH\index.php(79): CodeIgniter\CodeIgniter->run()
14 SYSTEMPATH\Commands\Server\rewrite.php(47): require_once('C:\\laragon\\www\\agrismart_ci4\\public\\index.php')
CRITICAL - 2023-12-03 11:02:08 --> Undefined variable $crop
in APPPATH\Views\dashboard\main-croprotation.php on line 41.
 1 APPPATH\Views\dashboard\main-croprotation.php(41): CodeIgniter\Debug\Exceptions->errorHandler(2, 'Undefined variable $crop', 'C:\\laragon\\www\\agrismart_ci4\\app\\Views\\dashboard\\main-croprotation.php', 41)
 2 SYSTEMPATH\View\View.php(228): include('C:\\laragon\\www\\agrismart_ci4\\app\\Views\\dashboard\\main-croprotation.php')
 3 SYSTEMPATH\View\View.php(231): CodeIgniter\View\View->CodeIgniter\View\{closure}()
 4 SYSTEMPATH\View\View.php(469): CodeIgniter\View\View->render('/dashboard/main-croprotation', null, true)
 5 APPPATH\Views\userfolder\croprotation.php(6): CodeIgniter\View\View->include('/dashboard/main-croprotation')
 6 SYSTEMPATH\View\View.php(228): include('C:\\laragon\\www\\agrismart_ci4\\app\\Views\\userfolder\\croprotation.php')
 7 SYSTEMPATH\View\View.php(231): CodeIgniter\View\View->CodeIgniter\View\{closure}()
 8 SYSTEMPATH\Common.php(1190): CodeIgniter\View\View->render('userfolder/croprotation', [], true)
 9 APPPATH\Controllers\DashboardController.php(176): view('userfolder/croprotation', [...])
10 SYSTEMPATH\CodeIgniter.php(942): App\Controllers\DashboardController->addnewrotation()
11 SYSTEMPATH\CodeIgniter.php(502): CodeIgniter\CodeIgniter->runController(Object(App\Controllers\DashboardController))
12 SYSTEMPATH\CodeIgniter.php(361): CodeIgniter\CodeIgniter->handleRequest(null, Object(Config\Cache), false)
13 FCPATH\index.php(79): CodeIgniter\CodeIgniter->run()
14 SYSTEMPATH\Commands\Server\rewrite.php(47): require_once('C:\\laragon\\www\\agrismart_ci4\\public\\index.php')
CRITICAL - 2023-12-03 11:06:57 --> Undefined variable $crop
in APPPATH\Views\dashboard\main-croprotation.php on line 40.
 1 APPPATH\Views\dashboard\main-croprotation.php(40): CodeIgniter\Debug\Exceptions->errorHandler(2, 'Undefined variable $crop', 'C:\\laragon\\www\\agrismart_ci4\\app\\Views\\dashboard\\main-croprotation.php', 40)
 2 SYSTEMPATH\View\View.php(228): include('C:\\laragon\\www\\agrismart_ci4\\app\\Views\\dashboard\\main-croprotation.php')
 3 SYSTEMPATH\View\View.php(231): CodeIgniter\View\View->CodeIgniter\View\{closure}()
 4 SYSTEMPATH\View\View.php(469): CodeIgniter\View\View->render('/dashboard/main-croprotation', null, true)
 5 APPPATH\Views\userfolder\croprotation.php(6): CodeIgniter\View\View->include('/dashboard/main-croprotation')
 6 SYSTEMPATH\View\View.php(228): include('C:\\laragon\\www\\agrismart_ci4\\app\\Views\\userfolder\\croprotation.php')
 7 SYSTEMPATH\View\View.php(231): CodeIgniter\View\View->CodeIgniter\View\{closure}()
 8 SYSTEMPATH\Common.php(1190): CodeIgniter\View\View->render('userfolder/croprotation', [], true)
 9 APPPATH\Controllers\DashboardController.php(176): view('userfolder/croprotation', [...])
10 SYSTEMPATH\CodeIgniter.php(942): App\Controllers\DashboardController->addnewrotation()
11 SYSTEMPATH\CodeIgniter.php(502): CodeIgniter\CodeIgniter->runController(Object(App\Controllers\DashboardController))
12 SYSTEMPATH\CodeIgniter.php(361): CodeIgniter\CodeIgniter->handleRequest(null, Object(Config\Cache), false)
13 FCPATH\index.php(79): CodeIgniter\CodeIgniter->run()
14 SYSTEMPATH\Commands\Server\rewrite.php(47): require_once('C:\\laragon\\www\\agrismart_ci4\\public\\index.php')
CRITICAL - 2023-12-03 11:08:58 --> Undefined variable $crop
in APPPATH\Views\dashboard\main-croprotation.php on line 40.
 1 APPPATH\Views\dashboard\main-croprotation.php(40): CodeIgniter\Debug\Exceptions->errorHandler(2, 'Undefined variable $crop', 'C:\\laragon\\www\\agrismart_ci4\\app\\Views\\dashboard\\main-croprotation.php', 40)
 2 SYSTEMPATH\View\View.php(228): include('C:\\laragon\\www\\agrismart_ci4\\app\\Views\\dashboard\\main-croprotation.php')
 3 SYSTEMPATH\View\View.php(231): CodeIgniter\View\View->CodeIgniter\View\{closure}()
 4 SYSTEMPATH\View\View.php(469): CodeIgniter\View\View->render('/dashboard/main-croprotation', null, true)
 5 APPPATH\Views\userfolder\croprotation.php(6): CodeIgniter\View\View->include('/dashboard/main-croprotation')
 6 SYSTEMPATH\View\View.php(228): include('C:\\laragon\\www\\agrismart_ci4\\app\\Views\\userfolder\\croprotation.php')
 7 SYSTEMPATH\View\View.php(231): CodeIgniter\View\View->CodeIgniter\View\{closure}()
 8 SYSTEMPATH\Common.php(1190): CodeIgniter\View\View->render('userfolder/croprotation', [], true)
 9 APPPATH\Controllers\DashboardController.php(176): view('userfolder/croprotation', [...])
10 SYSTEMPATH\CodeIgniter.php(942): App\Controllers\DashboardController->addnewrotation()
11 SYSTEMPATH\CodeIgniter.php(502): CodeIgniter\CodeIgniter->runController(Object(App\Controllers\DashboardController))
12 SYSTEMPATH\CodeIgniter.php(361): CodeIgniter\CodeIgniter->handleRequest(null, Object(Config\Cache), false)
13 FCPATH\index.php(79): CodeIgniter\CodeIgniter->run()
14 SYSTEMPATH\Commands\Server\rewrite.php(47): require_once('C:\\laragon\\www\\agrismart_ci4\\public\\index.php')
CRITICAL - 2023-12-03 11:09:00 --> Undefined variable $crop
in APPPATH\Views\dashboard\main-croprotation.php on line 40.
 1 APPPATH\Views\dashboard\main-croprotation.php(40): CodeIgniter\Debug\Exceptions->errorHandler(2, 'Undefined variable $crop', 'C:\\laragon\\www\\agrismart_ci4\\app\\Views\\dashboard\\main-croprotation.php', 40)
 2 SYSTEMPATH\View\View.php(228): include('C:\\laragon\\www\\agrismart_ci4\\app\\Views\\dashboard\\main-croprotation.php')
 3 SYSTEMPATH\View\View.php(231): CodeIgniter\View\View->CodeIgniter\View\{closure}()
 4 SYSTEMPATH\View\View.php(469): CodeIgniter\View\View->render('/dashboard/main-croprotation', null, true)
 5 APPPATH\Views\userfolder\croprotation.php(6): CodeIgniter\View\View->include('/dashboard/main-croprotation')
 6 SYSTEMPATH\View\View.php(228): include('C:\\laragon\\www\\agrismart_ci4\\app\\Views\\userfolder\\croprotation.php')
 7 SYSTEMPATH\View\View.php(231): CodeIgniter\View\View->CodeIgniter\View\{closure}()
 8 SYSTEMPATH\Common.php(1190): CodeIgniter\View\View->render('userfolder/croprotation', [], true)
 9 APPPATH\Controllers\DashboardController.php(176): view('userfolder/croprotation', [...])
10 SYSTEMPATH\CodeIgniter.php(942): App\Controllers\DashboardController->addnewrotation()
11 SYSTEMPATH\CodeIgniter.php(502): CodeIgniter\CodeIgniter->runController(Object(App\Controllers\DashboardController))
12 SYSTEMPATH\CodeIgniter.php(361): CodeIgniter\CodeIgniter->handleRequest(null, Object(Config\Cache), false)
13 FCPATH\index.php(79): CodeIgniter\CodeIgniter->run()
14 SYSTEMPATH\Commands\Server\rewrite.php(47): require_once('C:\\laragon\\www\\agrismart_ci4\\public\\index.php')
CRITICAL - 2023-12-03 11:09:05 --> Undefined variable $crop
in APPPATH\Views\dashboard\main-croprotation.php on line 40.
 1 APPPATH\Views\dashboard\main-croprotation.php(40): CodeIgniter\Debug\Exceptions->errorHandler(2, 'Undefined variable $crop', 'C:\\laragon\\www\\agrismart_ci4\\app\\Views\\dashboard\\main-croprotation.php', 40)
 2 SYSTEMPATH\View\View.php(228): include('C:\\laragon\\www\\agrismart_ci4\\app\\Views\\dashboard\\main-croprotation.php')
 3 SYSTEMPATH\View\View.php(231): CodeIgniter\View\View->CodeIgniter\View\{closure}()
 4 SYSTEMPATH\View\View.php(469): CodeIgniter\View\View->render('/dashboard/main-croprotation', null, true)
 5 APPPATH\Views\userfolder\croprotation.php(6): CodeIgniter\View\View->include('/dashboard/main-croprotation')
 6 SYSTEMPATH\View\View.php(228): include('C:\\laragon\\www\\agrismart_ci4\\app\\Views\\userfolder\\croprotation.php')
 7 SYSTEMPATH\View\View.php(231): CodeIgniter\View\View->CodeIgniter\View\{closure}()
 8 SYSTEMPATH\Common.php(1190): CodeIgniter\View\View->render('userfolder/croprotation', [], true)
 9 APPPATH\Controllers\DashboardController.php(176): view('userfolder/croprotation', [...])
10 SYSTEMPATH\CodeIgniter.php(942): App\Controllers\DashboardController->addnewrotation()
11 SYSTEMPATH\CodeIgniter.php(502): CodeIgniter\CodeIgniter->runController(Object(App\Controllers\DashboardController))
12 SYSTEMPATH\CodeIgniter.php(361): CodeIgniter\CodeIgniter->handleRequest(null, Object(Config\Cache), false)
13 FCPATH\index.php(79): CodeIgniter\CodeIgniter->run()
14 SYSTEMPATH\Commands\Server\rewrite.php(47): require_once('C:\\laragon\\www\\agrismart_ci4\\public\\index.php')
CRITICAL - 2023-12-03 11:15:39 --> Undefined variable $crop
in APPPATH\Views\dashboard\main-croprotation.php on line 40.
 1 APPPATH\Views\dashboard\main-croprotation.php(40): CodeIgniter\Debug\Exceptions->errorHandler(2, 'Undefined variable $crop', 'C:\\laragon\\www\\agrismart_ci4\\app\\Views\\dashboard\\main-croprotation.php', 40)
 2 SYSTEMPATH\View\View.php(228): include('C:\\laragon\\www\\agrismart_ci4\\app\\Views\\dashboard\\main-croprotation.php')
 3 SYSTEMPATH\View\View.php(231): CodeIgniter\View\View->CodeIgniter\View\{closure}()
 4 SYSTEMPATH\View\View.php(469): CodeIgniter\View\View->render('/dashboard/main-croprotation', null, true)
 5 APPPATH\Views\userfolder\croprotation.php(6): CodeIgniter\View\View->include('/dashboard/main-croprotation')
 6 SYSTEMPATH\View\View.php(228): include('C:\\laragon\\www\\agrismart_ci4\\app\\Views\\userfolder\\croprotation.php')
 7 SYSTEMPATH\View\View.php(231): CodeIgniter\View\View->CodeIgniter\View\{closure}()
 8 SYSTEMPATH\Common.php(1190): CodeIgniter\View\View->render('userfolder/croprotation', [], true)
 9 APPPATH\Controllers\DashboardController.php(176): view('userfolder/croprotation', [...])
10 SYSTEMPATH\CodeIgniter.php(942): App\Controllers\DashboardController->addnewrotation()
11 SYSTEMPATH\CodeIgniter.php(502): CodeIgniter\CodeIgniter->runController(Object(App\Controllers\DashboardController))
12 SYSTEMPATH\CodeIgniter.php(361): CodeIgniter\CodeIgniter->handleRequest(null, Object(Config\Cache), false)
13 FCPATH\index.php(79): CodeIgniter\CodeIgniter->run()
14 SYSTEMPATH\Commands\Server\rewrite.php(47): require_once('C:\\laragon\\www\\agrismart_ci4\\public\\index.php')
