CRITICAL - 2023-12-18 04:53:45 --> Undefined variable $variety
in APPPATH\Views\dashboard\main-cropvariety.php on line 38.
 1 APPPATH\Views\dashboard\main-cropvariety.php(38): CodeIgniter\Debug\Exceptions->errorHandler(2, 'Undefined variable $variety', 'C:\\laragon\\www\\agrismart_ci4\\app\\Views\\dashboard\\main-cropvariety.php', 38)
 2 SYSTEMPATH\View\View.php(228): include('C:\\laragon\\www\\agrismart_ci4\\app\\Views\\dashboard\\main-cropvariety.php')
 3 SYSTEMPATH\View\View.php(231): CodeIgniter\View\View->CodeIgniter\View\{closure}()
 4 SYSTEMPATH\View\View.php(469): CodeIgniter\View\View->render('/dashboard/main-cropvariety', null, true)
 5 APPPATH\Views\userfolder\cropvariety.php(6): CodeIgniter\View\View->include('/dashboard/main-cropvariety')
 6 SYSTEMPATH\View\View.php(228): include('C:\\laragon\\www\\agrismart_ci4\\app\\Views\\userfolder\\cropvariety.php')
 7 SYSTEMPATH\View\View.php(231): CodeIgniter\View\View->CodeIgniter\View\{closure}()
 8 SYSTEMPATH\Common.php(1190): CodeIgniter\View\View->render('userfolder/cropvariety', [], true)
 9 APPPATH\Controllers\DashboardController.php(491): view('userfolder/cropvariety', [...])
10 SYSTEMPATH\CodeIgniter.php(942): App\Controllers\DashboardController->addnewvariety()
11 SYSTEMPATH\CodeIgniter.php(502): CodeIgniter\CodeIgniter->runController(Object(App\Controllers\DashboardController))
12 SYSTEMPATH\CodeIgniter.php(361): CodeIgniter\CodeIgniter->handleRequest(null, Object(Config\Cache), false)
13 FCPATH\index.php(79): CodeIgniter\CodeIgniter->run()
14 SYSTEMPATH\Commands\Server\rewrite.php(47): require_once('C:\\laragon\\www\\agrismart_ci4\\public\\index.php')
CRITICAL - 2023-12-18 05:03:21 --> Undefined variable $variety
in APPPATH\Views\dashboard\main-cropvariety.php on line 38.
 1 APPPATH\Views\dashboard\main-cropvariety.php(38): CodeIgniter\Debug\Exceptions->errorHandler(2, 'Undefined variable $variety', 'C:\\laragon\\www\\agrismart_ci4\\app\\Views\\dashboard\\main-cropvariety.php', 38)
 2 SYSTEMPATH\View\View.php(228): include('C:\\laragon\\www\\agrismart_ci4\\app\\Views\\dashboard\\main-cropvariety.php')
 3 SYSTEMPATH\View\View.php(231): CodeIgniter\View\View->CodeIgniter\View\{closure}()
 4 SYSTEMPATH\View\View.php(469): CodeIgniter\View\View->render('/dashboard/main-cropvariety', null, true)
 5 APPPATH\Views\userfolder\cropvariety.php(6): CodeIgniter\View\View->include('/dashboard/main-cropvariety')
 6 SYSTEMPATH\View\View.php(228): include('C:\\laragon\\www\\agrismart_ci4\\app\\Views\\userfolder\\cropvariety.php')
 7 SYSTEMPATH\View\View.php(231): CodeIgniter\View\View->CodeIgniter\View\{closure}()
 8 SYSTEMPATH\Common.php(1190): CodeIgniter\View\View->render('userfolder/cropvariety', [], true)
 9 APPPATH\Controllers\DashboardController.php(491): view('userfolder/cropvariety', [...])
10 SYSTEMPATH\CodeIgniter.php(942): App\Controllers\DashboardController->addnewvariety()
11 SYSTEMPATH\CodeIgniter.php(502): CodeIgniter\CodeIgniter->runController(Object(App\Controllers\DashboardController))
12 SYSTEMPATH\CodeIgniter.php(361): CodeIgniter\CodeIgniter->handleRequest(null, Object(Config\Cache), false)
13 FCPATH\index.php(79): CodeIgniter\CodeIgniter->run()
14 SYSTEMPATH\Commands\Server\rewrite.php(47): require_once('C:\\laragon\\www\\agrismart_ci4\\public\\index.php')
CRITICAL - 2023-12-18 05:05:05 --> Undefined variable $variety
in APPPATH\Views\dashboard\main-cropvariety.php on line 38.
 1 APPPATH\Views\dashboard\main-cropvariety.php(38): CodeIgniter\Debug\Exceptions->errorHandler(2, 'Undefined variable $variety', 'C:\\laragon\\www\\agrismart_ci4\\app\\Views\\dashboard\\main-cropvariety.php', 38)
 2 SYSTEMPATH\View\View.php(228): include('C:\\laragon\\www\\agrismart_ci4\\app\\Views\\dashboard\\main-cropvariety.php')
 3 SYSTEMPATH\View\View.php(231): CodeIgniter\View\View->CodeIgniter\View\{closure}()
 4 SYSTEMPATH\View\View.php(469): CodeIgniter\View\View->render('/dashboard/main-cropvariety', null, true)
 5 APPPATH\Views\userfolder\cropvariety.php(6): CodeIgniter\View\View->include('/dashboard/main-cropvariety')
 6 SYSTEMPATH\View\View.php(228): include('C:\\laragon\\www\\agrismart_ci4\\app\\Views\\userfolder\\cropvariety.php')
 7 SYSTEMPATH\View\View.php(231): CodeIgniter\View\View->CodeIgniter\View\{closure}()
 8 SYSTEMPATH\Common.php(1190): CodeIgniter\View\View->render('userfolder/cropvariety', [], true)
 9 APPPATH\Controllers\DashboardController.php(491): view('userfolder/cropvariety', [...])
10 SYSTEMPATH\CodeIgniter.php(942): App\Controllers\DashboardController->addnewvariety()
11 SYSTEMPATH\CodeIgniter.php(502): CodeIgniter\CodeIgniter->runController(Object(App\Controllers\DashboardController))
12 SYSTEMPATH\CodeIgniter.php(361): CodeIgniter\CodeIgniter->handleRequest(null, Object(Config\Cache), false)
13 FCPATH\index.php(79): CodeIgniter\CodeIgniter->run()
14 SYSTEMPATH\Commands\Server\rewrite.php(47): require_once('C:\\laragon\\www\\agrismart_ci4\\public\\index.php')
CRITICAL - 2023-12-18 05:05:10 --> Undefined variable $variety
in APPPATH\Views\dashboard\main-cropvariety.php on line 38.
 1 APPPATH\Views\dashboard\main-cropvariety.php(38): CodeIgniter\Debug\Exceptions->errorHandler(2, 'Undefined variable $variety', 'C:\\laragon\\www\\agrismart_ci4\\app\\Views\\dashboard\\main-cropvariety.php', 38)
 2 SYSTEMPATH\View\View.php(228): include('C:\\laragon\\www\\agrismart_ci4\\app\\Views\\dashboard\\main-cropvariety.php')
 3 SYSTEMPATH\View\View.php(231): CodeIgniter\View\View->CodeIgniter\View\{closure}()
 4 SYSTEMPATH\View\View.php(469): CodeIgniter\View\View->render('/dashboard/main-cropvariety', null, true)
 5 APPPATH\Views\userfolder\cropvariety.php(6): CodeIgniter\View\View->include('/dashboard/main-cropvariety')
 6 SYSTEMPATH\View\View.php(228): include('C:\\laragon\\www\\agrismart_ci4\\app\\Views\\userfolder\\cropvariety.php')
 7 SYSTEMPATH\View\View.php(231): CodeIgniter\View\View->CodeIgniter\View\{closure}()
 8 SYSTEMPATH\Common.php(1190): CodeIgniter\View\View->render('userfolder/cropvariety', [], true)
 9 APPPATH\Controllers\DashboardController.php(491): view('userfolder/cropvariety', [...])
10 SYSTEMPATH\CodeIgniter.php(942): App\Controllers\DashboardController->addnewvariety()
11 SYSTEMPATH\CodeIgniter.php(502): CodeIgniter\CodeIgniter->runController(Object(App\Controllers\DashboardController))
12 SYSTEMPATH\CodeIgniter.php(361): CodeIgniter\CodeIgniter->handleRequest(null, Object(Config\Cache), false)
13 FCPATH\index.php(79): CodeIgniter\CodeIgniter->run()
14 SYSTEMPATH\Commands\Server\rewrite.php(47): require_once('C:\\laragon\\www\\agrismart_ci4\\public\\index.php')
